out.out_amplicon10
51152 total comp. cyc. content
[36, 51] 39980 1.02371047896
[41] 56754 1.05140670234
[46] 37064 0.810321327006
[43] 127204 0.696793907761
[48, 44] 92983 0.339574064108
[52, 45] 73873 0.23016851007
[{25, 26, 23}]
out.out_amplicon11
0 total comp. cyc. content
out.out_amplicon12
0 total comp. cyc. content
out.out_amplicon1
0 total comp. cyc. content
out.out_amplicon2
0 total comp. cyc. content
out.out_amplicon3
0 total comp. cyc. content
out.out_amplicon4
0 total comp. cyc. content
out.out_amplicon5
0 total comp. cyc. content
out.out_amplicon6
0 total comp. cyc. content
[24] 124979 0.211870645512
out.out_amplicon7
0 total comp. cyc. content
out.out_amplicon8
0 total comp. cyc. content
out.out_amplicon9
0 total comp. cyc. content
writing output files
done
