Interval extend start: chr7	105224001	148714000	5.97017316848	ZL009041.amp.bed 0
chr7	148714000	148724000 0
chr7	105214001	105224001 0
chr7	148714001	148724000 0
chr7	105214001	105224000 0
Interval extend: chr7	105224001	148714000	5.97017316848	ZL009041.amp.bed 0 chr7	105224001	148714000	5.97017316848	ZL009041.amp.bed
Interval hops chr7	105224001	148714000	5.97017316848	ZL009041.amp.bed
Interval extend start: chr7	105224001	148714000	5.97017316848	ZL009041.amp.bed 0
Interval extend: chr7	105224001	148714000	5.97017316848	ZL009041.amp.bed 0 chr7	105224001	148714000	5.97017316848	ZL009041.amp.bed
chr7	105224001	148714000	5.97017316848	ZL009041.amp.bed 138
# chr7:105383079+->chr7:105384650- 4 discordant chr7:105383079+->chr7:105383131- 5 1.0
# chr7:105384650-->chr7:105383079+ 4 discordant chr7:105384650-->chr7:105384649+ 9 1.30511464903
# chr7:106003458-->chr12:145742- 4 interchromosomal chr7:106003458-->chr7:106003457+ 14 3.53741505272
# chr7:107464068+->chr7:107464739- 6 discordant chr7:107464068+->chr7:107464130- 3 1.0
# chr7:107464739-->chr7:107464068+ 6 discordant chr7:107464739-->chr7:107464738+ 3 1.0
# chr7:108833080-->chr9:90680326+ 2 interchromosomal chr7:108833080-->chr7:108833079+ 10 1.34038800705
# chr7:109436688+->chr7:109453901- 6 discordant chr7:109436688+->chr7:109436707- 5 2.84771584264
# chr7:109453901-->chr7:109436688+ 6 discordant None 2 1.0
# chr7:109784820+->chr7:109785436- 2 discordant chr7:109784820+->chr7:109784836- 7 1.0
# chr7:109785436-->chr7:109784820+ 2 discordant chr7:109785436-->chr7:109785435+ 6 1.0
# chr7:111067172+->chr7:111107135- 2 discordant chr7:111067172+->chr7:111067197- 6 1.0
# chr7:111107135-->chr7:111067172+ 2 discordant chr7:111107135-->chr7:111107134+ 9 1.0
# chr7:112103957+->chr10:35310516- 3 interchromosomal chr7:112103957+->chr7:112103973- 7 1.18518518519
# chr7:113383416+->chr2:157111495- 3 interchromosomal chr7:113383416+->chr7:113383487- 5 2.86509286003
# chr7:113383568-->chr2:157111667+ 2 interchromosomal chr7:113383568-->chr7:113383567+ 7 4.2973914713
# chr7:113416175+->chr7:113422207- 7 discordant None 0 1.0
# chr7:113422207-->chr7:113416175+ 7 discordant None 0 1.0
# chr7:116223643+->chr9:6594724- 3 interchromosomal chr7:116223643+->chr7:116223653- 8 1.3522124
# chr7:117657423-->chr12:97598346+ 2 interchromosomal chr7:117657423-->chr7:117657422+ 6 2.06324791966
# chr7:118831247+->chr7:118834754- 9 discordant None 0 1.06666668246
# chr7:118834754-->chr7:118831247+ 9 discordant None 0 2.19163765679
# chr7:120834730+->chr7:120834730+ 3 forward chr7:120834730+->chr7:120834772- 16 2.14904681456
# chr7:123702525+->chr7:123704656- 3 discordant chr7:123702525+->chr7:123702580- 4 1.02292770547
# chr7:123704656-->chr7:123702525+ 3 discordant chr7:123704656-->chr7:123704655+ 7 2.09030112375
# chr7:124300120-->chrX:14649995- 2 interchromosomal chr7:124300120-->chr7:124300119+ 4 1.59338853884
# chr7:124596703-->chr7:124596703- 4 reverse chr7:124596703-->chr7:124596702+ 11 1.12014136926
# chr7:124662613-->chr7:147571595- 5 reverse chr7:124662613-->chr7:124662612+ 9 1.90969912207
# chr7:124879110-->chr6:36003361+ 3 interchromosomal chr7:124879110-->chr7:124879109+ 6 1.01243339254
# chr7:125264206-->chr12:74014506+ 3 interchromosomal chr7:125264206-->chr7:125264205+ 7 1.0
# chr7:125264219+->chr12:74014366- 3 interchromosomal chr7:125264219+->chr7:125264224- 5 1.06725663717
# chr7:126045888+->chr7:126051447- 6 discordant None 2 1.0
# chr7:126051447-->chr7:126045888+ 6 discordant chr7:126051447-->chr7:126051446+ 4 1.0
# chr7:126333288-->chr7:126333288- 4 reverse chr7:126333288-->chr7:126333287+ 10 1.0
# chr7:126547384+->chr7:65079359+ 4 forward chr7:126547384+->chr7:126547393- 10 1.26608698261
# chr7:127214968+->chr7:127217981- 16 discordant None 0 1.74155407432
# chr7:127217981-->chr7:127214968+ 16 discordant None 0 1.0
# chr7:128199858+->chr7:128200407- 3 discordant chr7:128199858+->chr7:128199988- 3 1.49915686509
# chr7:128200407-->chr7:128199858+ 3 discordant None 1 1.4735915493
# chr7:131272529-->chr21:44593819- 2 interchromosomal chr7:131272529-->chr7:131272528+ 9 1.89572656239
# chr7:132602670-->chr7:132603908- 2 reverse chr7:132602670-->chr7:132602669+ 10 1.0
# chr7:132603908-->chr7:132602670- 2 reverse chr7:132603908-->chr7:132603907+ 7 2.37931038621
# chr7:133480365-->chr7:133480365- 2 reverse chr7:133480365-->chr7:133480364+ 9 1.0
# chr7:133785002+->chr7:133798329- 5 discordant chr7:133785002+->chr7:133785011- 3 2.22352950252
# chr7:133798329-->chr7:133785002+ 5 discordant chr7:133798329-->chr7:133798328+ 5 1.6977547962
# chr7:134506512-->chr7:134520769- 3 reverse chr7:134506512-->chr7:134506511+ 6 1.35044247788
# chr7:134520769-->chr7:134506512- 3 reverse chr7:134520769-->chr7:134520768+ 10 1.65034966608
# chr7:134709564+->chr7:134713163- 3 discordant chr7:134709564+->chr7:134709595- 7 1.07167835315
# chr7:134713163-->chr7:134709564+ 3 discordant None 2 1.5290102901
# chr7:136260968-->chr10:96413575- 2 interchromosomal chr7:136260968-->chr7:136260967+ 7 2.50085489573
# chr7:137038316+->chr7:137038838- 2 discordant chr7:137038316+->chr7:137038318- 7 1.0
# chr7:137038838-->chr7:137038316+ 2 discordant chr7:137038838-->chr7:137038837+ 14 1.0
# chr7:137323320+->chr15:53807212- 2 interchromosomal chr7:137323320+->chr7:137323321- 4 1.58512410579
# chr7:137915453-->chr11:74208247- 2 interchromosomal None 2 1.4584041511
# chr7:137995514+->chr7:137996402- 9 discordant None 2 1.0
# chr7:137996402-->chr7:137995514+ 9 discordant chr7:137996402-->chr7:137996401+ 4 1.22625221589
# chr7:138296455+->chr7:138297208- 3 discordant None 0 1.56196954669
# chr7:138297208-->chr7:138296455+ 3 discordant None 0 1.72586208966
# chr7:138474585-->chr7:102093401- 2 reverse None 1 1.69879524785
# chr7:140008682-->chr7:140009795- 2 reverse chr7:140008682-->chr7:140008681+ 8 1.74340951142
# chr7:140009795-->chr7:140008682- 2 reverse chr7:140009795-->chr7:140009794+ 9 1.08199643494
# chr7:140367595+->chr19:53938042+ 2 interchromosomal chr7:140367595+->chr7:140367600- 12 1.10175440702
# chr7:142032766+->chr7:142034059+ 5 forward chr7:142032766+->chr7:142032771- 16 1.03019538188
# chr7:142033018-->chr7:142033881- 5 reverse chr7:142033018-->chr7:142033017+ 19 1.0
# chr7:142033881-->chr7:142033018- 5 reverse chr7:142033881-->chr7:142033880+ 8 1.00356506239
# chr7:142034059+->chr7:142032766+ 5 forward chr7:142034059+->chr7:142034063- 7 1.00355871886
# chr7:142048191+->chr7:142105119+ 5 forward None 0 1.37713318259
# chr7:142098194-->chr7:142175088+ 4 everted None 0 1.12302289982
# chr7:142099574+->chr7:142247248- 3 discordant chr7:142099574+->chr7:142099584- 12 1.24258300698
# chr7:142105119+->chr7:142048191+ 5 forward chr7:142105119+->chr7:142105150- 15 1.48223373096
# chr7:142107338-->chr7:142164092+ 3 everted chr7:142107338-->chr7:142107337+ 15 1.37961389982
# chr7:142108517+->chr7:142128596- 2 discordant chr7:142108517+->chr7:142108521- 18 1.40695679304
# chr7:142108748-->chr7:142128807+ 6 everted chr7:142108748-->chr7:142108747+ 24 1.06678383128
# chr7:142109117+->chr7:142166058- 9 discordant chr7:142109117+->chr7:142109120- 15 1.16287222242
# chr7:142111022+->chr7:142167999- 3 discordant chr7:142111022+->chr7:142111075- 14 1.17429581162
# chr7:142120812-->chr7:142248016+ 2 everted chr7:142120812-->chr7:142120811+ 12 1.0460993227
# chr7:142128596-->chr7:142108517+ 2 discordant chr7:142128596-->chr7:142128595+ 14 1.1346154528
# chr7:142128807+->chr7:142108748- 6 everted chr7:142128807+->chr7:142128808- 12 1.34668998955
# chr7:142131381+->chr7:142168349- 2 discordant chr7:142131381+->chr7:142131405- 10 1.1687170949
# chr7:142131722-->chr7:142242592+ 2 everted chr7:142131722-->chr7:142131721+ 23 1.22048621007
# chr7:142133737-->chr7:142170801+ 11 everted chr7:142133737-->chr7:142133736+ 13 1.16666666667
# chr7:142134431+->chr7:142171345- 3 discordant chr7:142134431+->chr7:142134452- 6 1.20104895105
# chr7:142136637+->chr7:142154524- 3 discordant chr7:142136637+->chr7:142136655- 18 1.26003505585
# chr7:142143650+->chr7:142180647- 2 discordant chr7:142143650+->chr7:142143703- 10 1.25609777004
# chr7:142146900-->chr7:142166311+ 2 everted chr7:142146900-->chr7:142146899+ 11 1.16168729701
# chr7:142154524-->chr7:142136637+ 3 discordant chr7:142154524-->chr7:142154523+ 8 1.50172443276
# chr7:142164092+->chr7:142107338- 3 everted chr7:142164092+->chr7:142164100- 9 1.22241695447
# chr7:142166058-->chr7:142109117+ 9 discordant chr7:142166058-->chr7:142166057+ 8 1.06525573192
# chr7:142166311+->chr7:142146900- 2 everted chr7:142166311+->chr7:142166323- 10 1.00355871886
# chr7:142167999-->chr7:142111022+ 3 discordant chr7:142167999-->chr7:142167998+ 8 1.13403886949
# chr7:142168349-->chr7:142131381+ 2 discordant chr7:142168349-->chr7:142168348+ 9 1.53516315094
# chr7:142168747-->chr7:142242601+ 2 everted chr7:142168747-->chr7:142168746+ 11 1.1523643993
# chr7:142170801+->chr7:142133737- 11 everted chr7:142170801+->chr7:142170812- 12 1.13333333333
# chr7:142171345-->chr7:142134431+ 3 discordant chr7:142171345-->chr7:142171344+ 10 1.40727922184
# chr7:142175088+->chr7:142098194- 4 everted chr7:142175088+->chr7:142175132- 6 1.08726008202
# chr7:142180647-->chr7:142143650+ 2 discordant chr7:142180647-->chr7:142180646+ 19 1.55917688851
# chr7:142191277-->chr7:142216923+ 12 everted chr7:142191277-->chr7:142191276+ 9 1.0
# chr7:142216923+->chr7:142191277- 12 everted chr7:142216923+->chr7:142216934- 9 1.0
# chr7:142242592+->chr7:142131722- 2 everted chr7:142242592+->chr7:142242610- 9 1.26725666372
# chr7:142242601+->chr7:142168747- 2 everted chr7:142242601+->chr7:142242610- 9 1.27385161661
# chr7:142247248-->chr7:142099574+ 3 discordant chr7:142247248-->chr7:142247247+ 11 1.0
# chr7:142248016+->chr7:142120812- 2 everted chr7:142248016+->chr7:142248026- 12 1.01595744681
# chr7:142360545+->chr7:142362071- 2 discordant None 0 1.47603314711
# chr7:142362071-->chr7:142360545+ 2 discordant chr7:142362071-->chr7:142362070+ 8 1.19223985891
# chr7:142454998-->chr9:33793130+ 2 interchromosomal chr7:142454998-->chr7:142454997+ 11 1.48173929739
# chr7:142458317-->chr9:33796874+ 2 interchromosomal chr7:142458317-->chr7:142458316+ 13 1.30517249138
# chr7:142458477+->chr9:33796769- 2 interchromosomal chr7:142458477+->chr7:142458532- 10 1.16230371204
# chr7:142459126+->chr7:142480641- 2 discordant chr7:142459126+->chr7:142459141- 23 1.26608703478
# chr7:142460755+->chr7:142471261- 2 discordant chr7:142460755+->chr7:142460758- 12 1.13263533159
# chr7:142461609-->chr9:33799867+ 3 interchromosomal chr7:142461609-->chr7:142461608+ 13 1.17688276708
# chr7:142462026-->chr7:142483336+ 2 everted chr7:142462026-->chr7:142462025+ 23 1.45704494158
# chr7:142462691-->chr7:142484293+ 2 everted chr7:142462691-->chr7:142462690+ 21 1.11518324607
# chr7:142465100+->chr7:142486254- 2 discordant chr7:142465100+->chr7:142465111- 7 1.65820648054
# chr7:142467887+->chr9:33795272- 2 interchromosomal chr7:142467887+->chr7:142467891- 12 1.24090132236
# chr7:142471261-->chr7:142460755+ 2 discordant chr7:142471261-->chr7:142471260+ 5 1.21265389982
# chr7:142471791+->chr9:33799206- 4 interchromosomal chr7:142471791+->chr7:142471841- 16 1.20035161511
# chr7:142474732+->chr9:33802255- 3 interchromosomal chr7:142474732+->chr7:142474734- 10 1.57072386184
# chr7:142475443-->chr9:33802835+ 3 interchromosomal chr7:142475443-->chr7:142475442+ 27 1.23316073575
# chr7:142475567+->chr7:142486245- 2 discordant chr7:142475567+->chr7:142475574- 15 1.09473688421
# chr7:142475839-->chr7:142486338+ 2 everted chr7:142475839-->chr7:142475838+ 10 1.51562517708
# chr7:142479890-->chr9:33796883+ 4 interchromosomal chr7:142479890-->chr7:142479889+ 10 1.41796208117
# chr7:142480641-->chr7:142459126+ 2 discordant chr7:142480641-->chr7:142480640+ 6 1.32869582435
# chr7:142483336+->chr7:142462026- 2 everted chr7:142483336+->chr7:142483355- 6 1.05789476842
# chr7:142484293+->chr7:142462691- 2 everted chr7:142484293+->chr7:142484301- 7 1.20659738889
# chr7:142484545+->chr9:33801402- 2 interchromosomal chr7:142484545+->chr7:142484547- 6 1.14756950174
# chr7:142486245-->chr7:142475567+ 2 discordant chr7:142486245-->chr7:142486244+ 5 1.08849558584
# chr7:142486254-->chr7:142465100+ 2 discordant chr7:142486254-->chr7:142486253+ 3 1.08849558584
# chr7:142486338+->chr7:142475839- 2 everted chr7:142486338+->chr7:142486429- 5 1.15008731239
# chr7:144114090+->chr7:144114090+ 4 forward chr7:144114090+->chr7:144114095- 14 1.0
# chr7:146299966+->chr7:146302642- 2 discordant chr7:146299966+->chr7:146299968- 4 1.0
# chr7:146302642-->chr7:146299966+ 2 discordant chr7:146302642-->chr7:146302641+ 4 1.0
# chr7:147539100-->chr3:56765637+ 2 interchromosomal chr7:147539100-->chr7:147539099+ 6 1.0
# chr7:147539664+->chr3:56765620- 3 interchromosomal None 1 1.0
# chr7:147571595-->chr7:124662613- 5 reverse chr7:147571595-->chr7:147571594+ 10 1.9968001632
# chr7:147799511+->chr12:38498159- 2 interchromosomal chr7:147799511+->chr7:147799529- 11 1.87457644407
# chr7:148072864+->chr7:148076438- 2 discordant None 0 2.49206353439
# chr7:148076438-->chr7:148072864+ 2 discordant chr7:148076438-->chr7:148076437+ 5 1.56896556897
# chr7:148102724+->chr17:21522351+ 2 interchromosomal None 0 1.92821383973
# chr7:148633340+->chr1:236154922+ 2 interchromosomal None 2 1.82179937543
interval_neighbors found_discordant edges chr7	105224001	148714000	5.97017316848	ZL009041.amp.bed chr7	105224001	148714000	5.97017316848	ZL009041.amp.bed
Interval extend start: chr9	33796290	33796883 0
chr9	33796883	33806883 6
# chr9:33796769-->chr7:142458477+ 2 interchromosomal chr9:33796769-->chr9:33796768+ 9 1.25789478947
# chr9:33799206-->chr7:142471791+ 4 interchromosomal chr9:33799206-->chr9:33799205+ 11 1.14510503671
# chr9:33799867+->chr7:142461609- 3 interchromosomal chr9:33799867+->chr9:33799874- 10 1.12829539719
# chr9:33801402-->chr7:142484545+ 2 interchromosomal chr9:33801402-->chr9:33801401+ 5 1.79126231553
# chr9:33802255-->chr7:142474732+ 3 interchromosomal chr9:33802255-->chr9:33802254+ 15 1.1909723316
# chr9:33802835+->chr7:142475443- 3 interchromosomal chr9:33802835+->chr9:33802952- 4 1.19064135702
chr9	33786290	33796290 2
# chr9:33793130+->chr7:142454998- 2 interchromosomal chr9:33793130+->chr9:33793145- 6 1.57785505536
# chr9:33795272-->chr7:142467887+ 2 interchromosomal chr9:33795272-->chr9:33795271+ 5 1.10369071705
chr9	33806883	33816883 0
chr9	33776290	33786290 0
chr9	33806884	33816883 0
chr9	33776290	33786289 0
Interval extend: chr9	33796290	33796883 0 chr9	33786290	33806883
Interval extend start: chr7	65078766	65079359 0
chr7	65079359	65089359 0
chr7	65068766	65078766 0
chr7	65079360	65089359 0
chr7	65068766	65078765 0
Interval extend: chr7	65078766	65079359 0 chr7	65078766	65079359
Interval extend start: chr12	145742	146334 0
chr12	146334	156334 0
chr12	135742	145742 0
chr12	146335	156334 0
chr12	135742	145741 0
Interval extend: chr12	145742	146334 0 chr12	145742	146334
Interval extend start: chr3	56765620	56766212 0
chr3	56766212	56776212 0
chr3	56755620	56765620 1
# chr3:56765637+->chr7:147539100- 2 interchromosomal chr3:56765637+->chr3:56765669- 5 1.74621859832
chr3	56766213	56776212 0
chr3	56755620	56765619 1
# chr3:56765637+->chr7:147539100- 2 interchromosomal chr3:56765637+->chr3:56765669- 5 1.74621859832
Interval extend: chr3	56765620	56766212 0 chr3	56765620	56766212
Interval extend start: chr6	36002768	36003361 0
chr6	36003361	36013361 0
chr6	35992768	36002768 0
chr6	36003362	36013361 0
chr6	35992768	36002767 0
Interval extend: chr6	36002768	36003361 0 chr6	36002768	36003361
Interval extend start: chr9	6594724	6595316 0
chr9	6595316	6605316 0
chr9	6584724	6594724 7
# chr9:6594724-->chr7:116223643+ 3 interchromosomal chr9:6594724-->chr9:6594723+ 212 1.24604574165
# chr9:6594724-->chr16:82385881- 4 interchromosomal chr9:6594724-->chr9:6594723+ 212 1.24604574165
# chr9:6594784+->chr4:94905965- 2 interchromosomal chr9:6594784+->chr9:6594786- 10 1.70677981356
# chr9:6594786+->chr12:54205972+ 2 interchromosomal chr9:6594786+->chr9:6594787- 10 1.70677981356
# chr9:6594793+->chr1:112713401- 159 interchromosomal chr9:6594793+->chr9:6594807- 9 1.70677981356
# chr9:6594794+->chr10:20058638+ 17 interchromosomal chr9:6594794+->chr9:6594807- 9 1.70677981356
# chr9:6594794+->chr16:26612312- 3 interchromosomal chr9:6594794+->chr9:6594807- 9 1.70677981356
chr9	6574724	6584724 0
chr9	6695317	6705316 0
chr9	6474724	6484723 0
Interval extend: chr9	6594724	6595316 0 chr9	6484724	6695316
Interval extend start: chr2	157111495	157112087 0
chr2	157112087	157122087 0
chr2	157101495	157111495 0
chr2	157112088	157122087 0
chr2	157101495	157111494 0
Interval extend: chr2	157111495	157112087 0 chr2	157111495	157112087
Interval extend start: chr10	35310516	35311108 0
chr10	35311108	35321108 0
chr10	35300516	35310516 1
# chr10:35310372-->chr6:119558700+ 2 interchromosomal chr10:35310372-->chr10:35310371+ 20 1.12216404887
chr10	35311109	35321108 0
chr10	35300516	35310515 1
# chr10:35310372-->chr6:119558700+ 2 interchromosomal chr10:35310372-->chr10:35310371+ 20 1.12216404887
Interval extend: chr10	35310516	35311108 0 chr10	35290516	35311108
Interval extend start: chr12	74014366	74014958 0
chr12	74014958	74024958 0
chr12	74004366	74014366 2
# chr12:74014366-->chr7:125264219+ 3 interchromosomal chr12:74014366-->chr12:74014365+ 7 1.0
# chr12:74014506+->chr7:125264206- 2 interchromosomal chr12:74014506+->chr12:74014525- 9 1.0
chr12	73994366	74004366 0
chr12	74014959	74024958 0
chr12	73994366	74004365 0
Interval extend: chr12	74014366	74014958 0 chr12	74004366	74014958
Interval extend start: chr17	21521758	21522351 0
chr17	21522351	21532351 6
# chr17:21522380+->chr20:26109754+ 2 interchromosomal chr17:21522380+->chr17:21522398- 15 2.15630297983
# chr17:21525049-->chr20:26107114- 5 interchromosomal chr17:21525049-->chr17:21525048+ 16 2.66998362023
# chr17:21525255+->chr20:26106931+ 2 interchromosomal chr17:21525255+->chr17:21525273- 13 2.59713395382
# chr17:21525824+->chr20:26106356+ 4 interchromosomal chr17:21525824+->chr17:21525833- 9 2.42043578224
# chr17:21527823+->chr7:57651532- 2 interchromosomal chr17:21527823+->chr17:21527824- 19 1.85689999489
# chr17:21530041+->chr17:16103870+ 3 forward chr17:21530041+->chr17:21530049- 24 1.67627167966
chr17	21511758	21521758 6
# chr17:21512502-->chr7:57635685+ 4 interchromosomal chr17:21512502-->chr17:21512501+ 19 2.10016488342
# chr17:21513148-->chr17:20774609- 2 reverse chr17:21513148-->chr17:21513147+ 12 1.67235532765
# chr17:21514274+->chr17:20773510+ 7 forward chr17:21514274+->chr17:21514301- 7 2.30731721463
# chr17:21516747-->chr7:57640258+ 2 interchromosomal chr17:21516747-->chr17:21516746+ 7 1.56164412842
# chr17:21517967-->chr17:20769298- 4 reverse chr17:21517967-->chr17:21517966+ 17 2.30730946346
# chr17:21518191+->chr17:20769436+ 2 forward chr17:21518191+->chr17:21518206- 13 1.91525455254
chr17	21532351	21542351 4
# chr17:21532296-->chr7:57655870+ 8 interchromosomal chr17:21532296-->chr17:21532295+ 23 2.64676674627
# chr17:21535674-->chr20:26094995- 3 interchromosomal chr17:21535674-->chr17:21535673+ 19 1.9898828769
# chr17:21539463+->chr7:57664713- 3 interchromosomal chr17:21539463+->chr17:21539464- 22 2.82003413922
# chr17:21541900-->chr17:16070962- 2 reverse chr17:21541900-->chr17:21541899+ 25 2.23931667009
chr17	21501758	21511758 1
# chr17:21506983-->chr20:26125737- 2 interchromosomal chr17:21506983-->chr17:21506982+ 17 2.06879260571
chr17	21542352	21552351 0
chr17	21501758	21511757 1
# chr17:21506983-->chr20:26125737- 2 interchromosomal chr17:21506983-->chr17:21506982+ 17 2.06879260571
Interval extend: chr17	21521758	21522351 0 chr17	21491758	21542351
Interval extend start: chr11	74208247	74208839 0
chr11	74208839	74218839 0
chr11	74198247	74208247 1
# chr11:74208247-->chr7:137915453- 2 interchromosomal chr11:74208247-->chr11:74208246+ 3 1.26666670877
chr11	74208840	74218839 0
chr11	74198247	74208246 0
Interval extend: chr11	74208247	74208839 0 chr11	74208247	74208839
Interval extend start: chr12	97597753	97598346 0
chr12	97598346	97608346 1
# chr12:97598346+->chr7:117657423- 2 interchromosomal chr12:97598346+->chr12:97598371- 7 1.65025474533
chr12	97587753	97597753 0
chr12	97598347	97608346 0
chr12	97587753	97597752 0
Interval extend: chr12	97597753	97598346 0 chr12	97597753	97598346
Interval extend start: chr9	90679733	90680326 0
chr9	90680326	90690326 1
# chr9:90680326+->chr7:108833080- 2 interchromosomal chr9:90680326+->chr9:90680342- 13 1.08156028369
chr9	90669733	90679733 0
chr9	90680327	90690326 0
chr9	90669733	90679732 0
Interval extend: chr9	90679733	90680326 0 chr9	90679733	90680326
Interval extend start: chr2	157111074	157111667 0
chr2	157111667	157121667 1
# chr2:157111519-->chr7:113383416+ 2 interchromosomal chr2:157111519-->chr2:157111518+ 9 4.71578955789
chr2	157101074	157111074 0
chr2	157111668	157121667 1
# chr2:157111519-->chr7:113383416+ 2 interchromosomal chr2:157111519-->chr2:157111518+ 9 4.71578955789
chr2	157101074	157111073 0
Interval extend: chr2	157111074	157111667 0 chr2	157111074	157111667
Interval extend start: chr10	96413575	96414167 0
chr10	96414167	96424167 0
chr10	96403575	96413575 0
chr10	96414168	96424167 0
chr10	96403575	96413574 0
Interval extend: chr10	96413575	96414167 0 chr10	96413575	96414167
Interval extend start: chr15	53807212	53807804 0
chr15	53807804	53817804 0
chr15	53797212	53807212 0
chr15	53807805	53817804 0
chr15	53797212	53807211 0
Interval extend: chr15	53807212	53807804 0 chr15	53807212	53807804
Interval extend start: chr19	53937449	53938042 0
chr19	53938042	53948042 3
# chr19:53938066+->chr6:16224884- 2 interchromosomal chr19:53938066+->chr19:53938086- 7 1.46020784602
# chr19:53938066+->chr10:44079661- 6 interchromosomal chr19:53938066+->chr19:53938086- 7 1.46020784602
# chr19:53941418-->chr19:53978853+ 4 everted chr19:53941418-->chr19:53941417+ 8 1.25218925744
chr19	53927449	53937449 0
chr19	53948042	53958042 0
chr19	53948043	53958042 0
chr19	53927449	53937448 0
Interval extend: chr19	53937449	53938042 0 chr19	53937449	53948042
Interval extend start: chr12	38498159	38498751 0
chr12	38498751	38508751 11
# chr12:38499569-->chrX:118009908- 2 interchromosomal chr12:38499569-->chr12:38499568+ 41 1.67285010287
# chr12:38500198-->chr5:174335238- 2 interchromosomal chr12:38500198-->chr12:38500197+ 18 1.06878315344
# chr12:38500747+->chr7:64874345+ 8 interchromosomal chr12:38500747+->chr12:38500758- 49 1.10645732635
# chr12:38500794-->chr19:28320548+ 8 interchromosomal chr12:38500794-->chr12:38500793+ 42 1.00891265597
# chr12:38501015-->chr7:64874218- 5 interchromosomal chr12:38501015-->chr12:38501014+ 74 1.17636708113
# chr12:38501470+->chr19:28321506- 3 interchromosomal chr12:38501470+->chr12:38501478- 15 1.11150457876
# chr12:38502133+->chr19:28321827- 6 interchromosomal chr12:38502133+->chr12:38502143- 12 1.65928456388
# chr12:38502309-->chr19:28322033+ 12 interchromosomal chr12:38502309-->chr12:38502308+ 62 1.12434328371
# chr12:38502853-->chr12:34399000- 4 reverse chr12:38502853-->chr12:38502852+ 45 1.15992970123
# chr12:38502999+->chr19:28323095- 3 interchromosomal chr12:38502999+->chr12:38503014- 22 1.17421605401
# chr12:38503038+->chr19:28329108- 3 interchromosomal chr12:38503038+->chr12:38503060- 6 1.13660245184
chr12	38488159	38498159 7
# chr12:38493472-->chr19:23258027+ 2 interchromosomal chr12:38493472-->chr12:38493471+ 47 1.26371681416
# chr12:38493990+->chr19:23258743- 10 interchromosomal chr12:38493990+->chr12:38494001- 10 1.03558718861
# chr12:38493990+->chr19:23456064+ 4 interchromosomal chr12:38493990+->chr12:38494001- 10 1.03558718861
# chr12:38496411-->chrX:111473864+ 4 interchromosomal chr12:38496411-->chr12:38496410+ 11 1.45685284772
# chr12:38496416-->chr11:99911835+ 2 interchromosomal chr12:38496416-->chr12:38496415+ 13 1.45685284772
# chr12:38498293+->chr14:63357130+ 2 interchromosomal chr12:38498293+->chr12:38498316- 7 1.44290665744
# chr12:38498294+->chr21:17253389- 2 interchromosomal chr12:38498294+->chr12:38498316- 7 1.44290665744
chr12	38508751	38518751 0
chr12	38478159	38488159 0
chr12	38508752	38518751 0
chr12	38478159	38488158 0
Interval extend: chr12	38498159	38498751 0 chr12	38488159	38508751
Interval extend start: chrX	14649995	14650587 0
chrX	14650587	14660587 0
chrX	14639995	14649995 0
chrX	14650588	14660587 0
chrX	14639995	14649994 0
Interval extend: chrX	14649995	14650587 0 chrX	14649995	14650587
Interval extend start: chr1	236154329	236154922 0
chr1	236154922	236164922 1
# chr1:236154922+->chr7:148633340+ 2 interchromosomal chr1:236154922+->chr1:236154930- 4 2.14765105705
chr1	236144329	236154329 0
chr1	236154923	236164922 0
chr1	236144329	236154328 0
Interval extend: chr1	236154329	236154922 0 chr1	236154329	236154922
Interval extend start: chr7	102093401	102093993 0
chr7	102093993	102103993 0
chr7	102083401	102093401 1
# chr7:102093401-->chr7:138474585- 2 reverse chr7:102093401-->chr7:102093400+ 8 2.70909104793
chr7	102093994	102103993 0
chr7	102083401	102093400 0
Interval extend: chr7	102093401	102093993 0 chr7	102093401	102093993
Interval extend start: chr21	44593819	44594411 0
chr21	44594411	44604411 0
chr21	44583819	44593819 0
chr21	44594412	44604411 0
chr21	44583819	44593818 0
Interval extend: chr21	44593819	44594411 0 chr21	44593819	44594411
Interval extend start: chr3	56765044	56765637 0
chr3	56765637	56775637 2
# chr3:56765620-->chr7:147539664+ 3 interchromosomal chr3:56765620-->chr3:56765619+ 5 1.0
# chr3:56765637+->chr7:147539100- 2 interchromosomal chr3:56765637+->chr3:56765669- 5 1.74621859832
chr3	56755044	56765044 0
chr3	56775637	56785637 0
chr3	56775638	56785637 0
chr3	56755044	56765043 0
Interval extend: chr3	56765044	56765637 0 chr3	56765044	56775637
chr3	56765044	56775637	2
chr9	6484724	6695316	3
chr9	33786290	33806883	4
chr10	35290516	35311108	3
chr12	38488159	38508751	2
chr12	74004366	74014958	3
chr17	21491758	21542351	2
chr19	53937449	53948042	2
-----------------------------------------------------------------
chr3	56765044	56775637	2 2
# chr3:56765620-->chr7:147539664+ 3 interchromosomal chr3:56765620-->chr3:56765619+ 5 1.0
# chr3:56765637+->chr7:147539100- 2 interchromosomal chr3:56765637+->chr3:56765669- 5 1.74621859832
chr12	74004366	74014958	3 2
# chr12:74014366-->chr7:125264219+ 3 interchromosomal chr12:74014366-->chr12:74014365+ 7 1.0
# chr12:74014506+->chr7:125264206- 3 interchromosomal chr12:74014506+->chr12:74014525- 9 1.0
chr19	53937449	53948042	2 4
# chr19:53938042+->chr7:140367595+ 2 interchromosomal chr19:53938042+->chr19:53938053- 7 1.46020784602
# chr19:53938066+->chr6:16224884- 2 interchromosomal chr19:53938066+->chr19:53938086- 7 1.46020784602
# chr19:53938066+->chr10:44079661- 6 interchromosomal chr19:53938066+->chr19:53938086- 7 1.46020784602
# chr19:53941418-->chr19:53978853+ 4 everted chr19:53941418-->chr19:53941417+ 8 1.25218925744
========================================================
Interval hops chr9	33786290	33806883	4
Interval extend start: chr9	33786290	33806883	4 0
Interval extend: chr9	33786290	33806883	4 0 chr9	33786290	33806883	4
chr9	33786290	33806883	4 10
# chr9:33793130+->chr7:142454998- 2 interchromosomal chr9:33793130+->chr9:33793145- 6 1.57785505536
# chr9:33795272-->chr7:142467887+ 2 interchromosomal chr9:33795272-->chr9:33795271+ 5 1.10369071705
# chr9:33796769-->chr7:142458477+ 2 interchromosomal chr9:33796769-->chr9:33796768+ 9 1.25789478947
# chr9:33796874+->chr7:142458317- 2 interchromosomal chr9:33796874+->chr9:33796914- 12 1.39137940862
# chr9:33796883+->chr7:142479890- 4 interchromosomal chr9:33796883+->chr9:33796914- 12 1.40103280034
# chr9:33799206-->chr7:142471791+ 4 interchromosomal chr9:33799206-->chr9:33799205+ 11 1.14510503671
# chr9:33799867+->chr7:142461609- 3 interchromosomal chr9:33799867+->chr9:33799874- 10 1.12829539719
# chr9:33801402-->chr7:142484545+ 2 interchromosomal chr9:33801402-->chr9:33801401+ 5 1.79126231553
# chr9:33802255-->chr7:142474732+ 3 interchromosomal chr9:33802255-->chr9:33802254+ 15 1.1909723316
# chr9:33802835+->chr7:142475443- 3 interchromosomal chr9:33802835+->chr9:33802952- 4 1.19064135702
interval_neighbors found_discordant edges chr9	33786290	33806883	4 chr9	33786290	33806883	4
-----------------------------------------------------------------
========================================================
Interval hops chr9	6484724	6695316	3
Interval extend start: chr9	6484724	6695316	3 0
chr9	6695316	6705316 0
chr9	6474724	6484724 0
Interval extend: chr9	6484724	6695316	3 0 chr9	6484724	6695316	3
chr9	6484724	6695316	3 10
# chr9:6594724-->chr16:82385881- 4 interchromosomal chr9:6594724-->chr9:6594723+ 212 1.24604574165
# chr9:6594724-->chr7:116223643+ 3 interchromosomal chr9:6594724-->chr9:6594723+ 212 1.24604574165
# chr9:6594784+->chr4:94905965- 2 interchromosomal chr9:6594784+->chr9:6594786- 10 1.70677981356
# chr9:6594786+->chr12:54205972+ 2 interchromosomal chr9:6594786+->chr9:6594787- 10 1.70677981356
# chr9:6594793+->chr1:112713401- 163 interchromosomal chr9:6594793+->chr9:6594807- 9 1.70677981356
# chr9:6594794+->chr4:70366254- 2 interchromosomal chr9:6594794+->chr9:6594807- 9 1.70677981356
# chr9:6594794+->chr16:26612312- 3 interchromosomal chr9:6594794+->chr9:6594807- 9 1.70677981356
# chr9:6594794+->chr10:20058638+ 17 interchromosomal chr9:6594794+->chr9:6594807- 9 1.70677981356
# chr9:6652979+->chr9:6653579- 2 discordant chr9:6652979+->chr9:6653020- 6 1.41836744898
# chr9:6653579-->chr9:6652979+ 2 discordant chr9:6653579-->chr9:6653578+ 8 1.0
interval_neighbors found_discordant edges chr9	6484724	6695316	3 chr9	6484724	6695316	3
Interval extend start: chr1	112713401	112713993 0
chr1	112713993	112723993 0
chr1	112703401	112713401 2
# chr1:112713401-->chr10:20058538- 44 interchromosomal chr1:112713401-->chr1:112713400+ 5 1.71075837743
# chr1:112713401-->chr9:6594793+ 123 interchromosomal chr1:112713401-->chr1:112713400+ 5 1.71075837743
chr1	112693401	112703401 0
chr1	112813994	112823993 0
chr1	112593401	112603400 0
Interval extend: chr1	112713401	112713993 0 chr1	112603401	112813993
Interval extend start: chr10	20058045	20058638 0
chr10	20058638	20068638 0
chr10	20048045	20058045 0
chr10	20058639	20068638 0
chr10	20048045	20058044 0
Interval extend: chr10	20058045	20058638 0 chr10	20058045	20058638
Interval extend start: chr16	82385881	82386473 0
chr16	82386473	82396473 0
chr16	82375881	82385881 0
chr16	82386474	82396473 0
chr16	82375881	82385880 0
Interval extend: chr16	82385881	82386473 0 chr16	82385881	82386473
Interval extend start: chr16	26612312	26612904 0
chr16	26612904	26622904 0
chr16	26602312	26612312 1
# chr16:26612312-->chr9:6594794+ 3 interchromosomal chr16:26612312-->chr16:26612311+ 12 1.00888099467
chr16	26612905	26622904 0
chr16	26602312	26612311 1
# chr16:26612312-->chr9:6594794+ 3 interchromosomal chr16:26612312-->chr16:26612311+ 12 1.00888099467
Interval extend: chr16	26612312	26612904 0 chr16	26592312	26612904
Interval extend start: chr4	70366254	70366846 0
chr4	70366846	70376846 0
chr4	70356254	70366254 0
chr4	70366847	70376846 0
chr4	70356254	70366253 0
Interval extend: chr4	70366254	70366846 0 chr4	70366254	70366846
Interval extend start: chr12	54205379	54205972 0
chr12	54205972	54215972 0
chr12	54195379	54205379 0
chr12	54205973	54215972 0
chr12	54195379	54205378 0
Interval extend: chr12	54205379	54205972 0 chr12	54205379	54205972
Interval extend start: chr4	94905965	94906557 0
chr4	94906557	94916557 0
chr4	94895965	94905965 0
chr4	94906558	94916557 0
chr4	94895965	94905964 0
Interval extend: chr4	94905965	94906557 0 chr4	94905965	94906557
chr1	112603401	112813993	163
chr16	26592312	26612904	3
-----------------------------------------------------------------
========================================================
Interval hops chr1	112603401	112813993	163
Interval extend start: chr1	112603401	112813993	163 0
chr1	112813993	112823993 0
chr1	112593401	112603401 0
Interval extend: chr1	112603401	112813993	163 0 chr1	112603401	112813993	163
chr1	112603401	112813993	163 2
# chr1:112713401-->chr10:20058538- 52 interchromosomal chr1:112713401-->chr1:112713400+ 5 1.71075837743
# chr1:112713401-->chr9:6594793+ 164 interchromosomal chr1:112713401-->chr1:112713400+ 5 1.71075837743
interval_neighbors found_discordant edges chr1	112603401	112813993	163 chr1	112603401	112813993	163
Interval extend start: chr10	20058538	20059130 0
chr10	20059130	20069130 0
chr10	20048538	20058538 3
# chr10:20058538-->chr1:112713401- 52 interchromosomal chr10:20058538-->chr10:20058537+ 16 2.41569292654
# chr10:20058550-->chr17:39266272- 2 interchromosomal chr10:20058550-->chr10:20058549+ 14 2.38047145118
# chr10:20058638+->chr9:6594794+ 19 interchromosomal chr10:20058638+->chr10:20058667- 7 1.73993309732
chr10	20038538	20048538 0
chr10	20059131	20069130 0
chr10	20038538	20048537 0
Interval extend: chr10	20058538	20059130 0 chr10	20048538	20059130
chr10	20048538	20059130	52
-----------------------------------------------------------------
chr10	20048538	20059130	52 3
# chr10:20058538-->chr1:112713401- 52 interchromosomal chr10:20058538-->chr10:20058537+ 16 2.41569292654
# chr10:20058550-->chr17:39266272- 2 interchromosomal chr10:20058550-->chr10:20058549+ 14 2.38047145118
# chr10:20058638+->chr9:6594794+ 19 interchromosomal chr10:20058638+->chr10:20058667- 7 1.73993309732
========================================================
Interval hops chr10	20048538	20059130	52
Interval extend start: chr10	20048538	20059130	52 0
Interval extend: chr10	20048538	20059130	52 0 chr10	20048538	20059130	52
chr10	20048538	20059130	52 3
# chr10:20058538-->chr1:112713401- 52 interchromosomal chr10:20058538-->chr10:20058537+ 16 2.41569292654
# chr10:20058550-->chr17:39266272- 2 interchromosomal chr10:20058550-->chr10:20058549+ 14 2.38047145118
# chr10:20058638+->chr9:6594794+ 19 interchromosomal chr10:20058638+->chr10:20058667- 7 1.73993309732
interval_neighbors found_discordant edges chr10	20048538	20059130	52 chr10	20048538	20059130	52
Interval extend start: chr17	39266272	39266864 0
chr17	39266864	39276864 1
# chr17:39274463+->chr17:39254187- 3 everted chr17:39274463+->chr17:39274476- 4 2.74092443894
chr17	39256272	39266272 0
chr17	39266865	39276864 1
# chr17:39274463+->chr17:39254187- 3 everted chr17:39274463+->chr17:39274476- 4 2.74092443894
chr17	39256272	39266271 0
Interval extend: chr17	39266272	39266864 0 chr17	39266272	39286864
chr17	39266272	39286864	2
-----------------------------------------------------------------
========================================================
Interval hops chr10	35290516	35311108	3
Interval extend start: chr10	35290516	35311108	3 0
chr10	35280516	35290516 0
chr10	35280516	35290515 0
Interval extend: chr10	35290516	35311108	3 0 chr10	35290516	35311108	3
chr10	35290516	35311108	3 3
# chr10:35310372-->chr6:119558700+ 2 interchromosomal chr10:35310372-->chr10:35310371+ 20 1.12216404887
# chr10:35310516-->chr3:156654262+ 2 interchromosomal chr10:35310516-->chr10:35310515+ 257 1.12216404887
# chr10:35310516-->chr7:112103957+ 3 interchromosomal chr10:35310516-->chr10:35310515+ 257 1.12216404887
interval_neighbors found_discordant edges chr10	35290516	35311108	3 chr10	35290516	35311108	3
Interval extend start: chr3	156653669	156654262 0
chr3	156654262	156664262 1
# chr3:156654262+->chr10:35310516- 2 interchromosomal chr3:156654262+->chr3:156654297- 5 1.13523131673
chr3	156643669	156653669 0
chr3	156654263	156664262 0
chr3	156643669	156653668 0
Interval extend: chr3	156653669	156654262 0 chr3	156653669	156654262
Interval extend start: chr6	119558107	119558700 0
chr6	119558700	119568700 2
# chr6:119558700+->chr10:35310372- 2 interchromosomal chr6:119558700+->chr6:119558709- 10 1.2560976446
# chr6:119558708+->chr8:82754813+ 7 interchromosomal chr6:119558708+->chr6:119558709- 10 1.2560976446
chr6	119548107	119558107 0
chr6	119568700	119578700 0
chr6	119568701	119578700 0
chr6	119448107	119458106 0
Interval extend: chr6	119558107	119558700 0 chr6	119458107	119568700
chr6	119458107	119568700	2
-----------------------------------------------------------------
========================================================
Interval hops chr12	74004366	74014958	3
Interval extend start: chr12	74004366	74014958	3 0
Interval extend: chr12	74004366	74014958	3 0 chr12	74004366	74014958	3
chr12	74004366	74014958	3 2
# chr12:74014366-->chr7:125264219+ 3 interchromosomal chr12:74014366-->chr12:74014365+ 7 1.0
# chr12:74014506+->chr7:125264206- 3 interchromosomal chr12:74014506+->chr12:74014525- 9 1.0
interval_neighbors found_discordant edges chr12	74004366	74014958	3 chr12	74004366	74014958	3
-----------------------------------------------------------------
========================================================
Interval hops chr16	26592312	26612904	3
Interval extend start: chr16	26592312	26612904	3 0
chr16	26582312	26592312 0
chr16	26582312	26592311 0
Interval extend: chr16	26592312	26612904	3 0 chr16	26592312	26612904	3
chr16	26592312	26612904	3 1
# chr16:26612312-->chr9:6594794+ 3 interchromosomal chr16:26612312-->chr16:26612311+ 12 1.00888099467
interval_neighbors found_discordant edges chr16	26592312	26612904	3 chr16	26592312	26612904	3
-----------------------------------------------------------------
========================================================
Interval hops chr3	56765044	56775637	2
Interval extend start: chr3	56765044	56775637	2 0
Interval extend: chr3	56765044	56775637	2 0 chr3	56765044	56775637	2
chr3	56765044	56775637	2 2
# chr3:56765620-->chr7:147539664+ 3 interchromosomal chr3:56765620-->chr3:56765619+ 5 1.0
# chr3:56765637+->chr7:147539100- 2 interchromosomal chr3:56765637+->chr3:56765669- 5 1.74621859832
interval_neighbors found_discordant edges chr3	56765044	56775637	2 chr3	56765044	56775637	2
-----------------------------------------------------------------
========================================================
Interval hops chr6	119458107	119568700	2
Interval extend start: chr6	119458107	119568700	2 0
chr6	119448107	119458107 0
Interval extend: chr6	119458107	119568700	2 0 chr6	119458107	119568700	2
chr6	119458107	119568700	2 7
# chr6:119558679+->chr8:80795996- 2 interchromosomal chr6:119558679+->chr6:119558709- 9 1.2560976446
# chr6:119558696+->chrX:32572985+ 10 interchromosomal chr6:119558696+->chr6:119558709- 9 1.2560976446
# chr6:119558696+->chr14:84864640+ 2 interchromosomal chr6:119558696+->chr6:119558709- 9 1.2560976446
# chr6:119558696+->chr5:34439384+ 44 interchromosomal chr6:119558696+->chr6:119558709- 9 1.2560976446
# chr6:119558700+->chr10:35310372- 2 interchromosomal chr6:119558700+->chr6:119558709- 10 1.2560976446
# chr6:119558700+->chr19:11922809+ 2 interchromosomal chr6:119558700+->chr6:119558709- 10 1.2560976446
# chr6:119558708+->chr8:82754814+ 385 interchromosomal chr6:119558708+->chr6:119558709- 10 1.2560976446
interval_neighbors found_discordant edges chr6	119458107	119568700	2 chr6	119458107	119568700	2
Interval extend start: chr8	82754221	82754814 0
chr8	82754814	82764814 0
chr8	82744221	82754221 0
chr8	82854815	82864814 0
chr8	82644221	82654220 0
Interval extend: chr8	82754221	82754814 0 chr8	82654221	82854814
Interval extend start: chr5	34438791	34439384 0
chr5	34439384	34449384 1
# chr5:34439384+->chr6:119558696+ 44 interchromosomal chr5:34439384+->chr5:34439385- 8 2.92703160862
chr5	34428791	34438791 0
chr5	34439385	34449384 1
# chr5:34439384+->chr6:119558696+ 44 interchromosomal chr5:34439384+->chr5:34439385- 8 2.92703160862
chr5	34428791	34438790 0
Interval extend: chr5	34438791	34439384 0 chr5	34438791	34459384
Interval extend start: chrX	32572392	32572985 0
chrX	32572985	32582985 1
# chrX:32572986+->chr8:82754703- 2 interchromosomal chrX:32572986+->chrX:32572996- 5 1.0
chrX	32562392	32572392 0
chrX	32572986	32582985 0
chrX	32562392	32572391 0
Interval extend: chrX	32572392	32572985 0 chrX	32572392	32572985
Interval extend start: chr19	11922216	11922809 0
chr19	11922809	11932809 0
chr19	11912216	11922216 0
chr19	11922810	11932809 0
chr19	11912216	11922215 0
Interval extend: chr19	11922216	11922809 0 chr19	11922216	11922809
Interval extend start: chr14	84864047	84864640 0
chr14	84864640	84874640 0
chr14	84854047	84864047 0
chr14	84864641	84874640 0
chr14	84854047	84864046 0
Interval extend: chr14	84864047	84864640 0 chr14	84864047	84864640
Interval extend start: chr8	80795996	80796588 0
chr8	80796588	80806588 0
chr8	80785996	80795996 0
chr8	80796589	80806588 0
chr8	80785996	80795995 0
Interval extend: chr8	80795996	80796588 0 chr8	80795996	80796588
chr5	34438791	34459384	44
chr8	82654221	82854814	385
-----------------------------------------------------------------
========================================================
IntervalHops chr1	112603401	112813993
IntervalHops chr3	56765044	56775637
IntervalHops chr6	119458107	119568700
IntervalHops chr7	105224001	148714000
IntervalHops chr9	6484724	6695316
IntervalHops chr9	33786290	33806883
IntervalHops chr10	20048538	20059130
IntervalHops chr10	35290516	35311108
IntervalHops chr12	74004366	74014958
IntervalHops chr16	26592312	26612904
