Interval extend start: chr1	179385001	203717000	5.9425	ZL009041.amp.bed 0
chr1	203717000	203727000 0
chr1	179375001	179385001 0
chr1	203717001	203727000 0
chr1	179375001	179385000 0
Interval extend: chr1	179385001	203717000	5.9425	ZL009041.amp.bed 0 chr1	179385001	203717000	5.9425	ZL009041.amp.bed
Interval hops chr1	179385001	203717000	5.9425	ZL009041.amp.bed
Interval extend start: chr1	179385001	203717000	5.9425	ZL009041.amp.bed 0
Interval extend: chr1	179385001	203717000	5.9425	ZL009041.amp.bed 0 chr1	179385001	203717000	5.9425	ZL009041.amp.bed
chr1	179385001	203717000	5.9425	ZL009041.amp.bed 57
# chr1:179607280+->chr1:179608059- 6 discordant None 2 1.24564464112
# chr1:179608059-->chr1:179607280+ 6 discordant chr1:179608059-->chr1:179608058+ 6 1.0
# chr1:180509218-->chr1:181043367+ 2 everted chr1:180509218-->chr1:180509217+ 10 1.56838369094
# chr1:181043367+->chr1:180509218- 2 everted None 1 2.05769232867
# chr1:181043932-->chr1:181043932- 4 reverse None 2 1.90716633388
# chr1:182274315-->chr1:168186185- 3 reverse None 0 1.0
# chr1:183351549+->chr20:20833521- 2 interchromosomal chr1:183351549+->chr1:183351551- 14 1.3116438613
# chr1:183689004-->chr17:11527648+ 2 interchromosomal chr1:183689004-->chr1:183689003+ 6 1.07857142857
# chr1:185589407-->chr2:132528907+ 3 interchromosomal chr1:185589407-->chr1:185589406+ 3 1.26252164594
# chr1:185589523+->chr2:132529122- 2 interchromosomal chr1:185589523+->chr1:185589546- 4 1.39049239049
# chr1:186778220-->chr1:189996127+ 2 everted chr1:186778220-->chr1:186778219+ 9 4.80212015194
# chr1:187319559+->chr1:187319559+ 2 forward chr1:187319559+->chr1:187319610- 11 1.17375886525
# chr1:187464827+->chr1:187466726+ 9 forward None 0 1.12869571478
# chr1:187466475-->chr1:187466491- 17 reverse None 0 1.0
# chr1:187466491-->chr1:187466475- 17 reverse None 2 1.0
# chr1:187466726+->chr1:187464827+ 9 forward None 0 1.09075046771
# chr1:188539455+->chr1:188540229- 4 discordant None 0 1.0
# chr1:188540229-->chr1:188539455+ 4 discordant None 0 1.0
# chr1:188546056+->chr7:33221352+ 6 interchromosomal chr1:188546056+->chr1:188546108- 12 1.04938277425
# chr1:189996127+->chr1:186778220- 2 everted chr1:189996127+->chr1:189996133- 4 1.48763250883
# chr1:190930248+->chr1:190930248+ 4 forward chr1:190930248+->chr1:190930268- 13 1.0
# chr1:193999073+->chr1:194000232- 5 discordant chr1:193999073+->chr1:193999074- 7 1.0
# chr1:194000232-->chr1:193999073+ 5 discordant chr1:194000232-->chr1:194000231+ 6 1.08274649472
# chr1:194350507+->chr1:194351283- 4 discordant None 0 1.0
# chr1:194351283-->chr1:194350507+ 4 discordant None 0 2.56315794211
# chr1:194633002-->chr1:66122542+ 2 discordant chr1:194633002-->chr1:194633001+ 9 2.92006810884
# chr1:194638618-->chr1:194638618- 9 reverse chr1:194638618-->chr1:194638617+ 4 1.16254418021
# chr1:194638700-->chr2:178496296- 2 interchromosomal chr1:194638700-->chr1:194638699+ 3 1.09929079078
# chr1:194638750+->chr1:194638750+ 8 forward chr1:194638750+->chr1:194638800- 4 1.0640569395
# chr1:196735840-->chr1:196745151+ 6 everted chr1:196735840-->chr1:196735839+ 13 1.52649599829
# chr1:196736102+->chr1:196745378- 3 discordant chr1:196736102+->chr1:196736126- 8 1.49137933103
# chr1:196745151+->chr1:196735840- 6 everted None 1 1.08947370526
# chr1:196745378-->chr1:196736102+ 3 discordant chr1:196745378-->chr1:196745377+ 6 1.40414540415
# chr1:196761703-->chr1:196886570+ 2 everted chr1:196761703-->chr1:196761702+ 7 1.27351916376
# chr1:196767014-->chr1:196891993+ 5 everted chr1:196767014-->chr1:196767013+ 5 1.35726795096
# chr1:196768239+->chr1:196892851- 3 discordant chr1:196768239+->chr1:196768249- 4 2.08177174106
# chr1:196886570+->chr1:196761703- 2 everted chr1:196886570+->chr1:196886584- 8 1.91080628816
# chr1:196891993+->chr1:196767014- 5 everted chr1:196891993+->chr1:196891996- 7 1.32513182074
# chr1:196892851-->chr1:196768239+ 3 discordant chr1:196892851-->chr1:196892850+ 11 2.09437104967
# chr1:197500519+->chr1:197503271- 5 discordant None 0 1.0
# chr1:197503271-->chr1:197500519+ 5 discordant None 1 1.0
# chr1:197882534+->chr1:197883045- 2 discordant chr1:197882534+->chr1:197882613- 8 1.0
# chr1:197883045-->chr1:197882534+ 2 discordant chr1:197883045-->chr1:197883044+ 8 1.0
# chr1:198475780+->chr21:16128045+ 2 interchromosomal None 0 1.0
# chr1:198773748+->chr1:198775414- 12 discordant None 0 1.0
# chr1:198775414-->chr1:198773748+ 12 discordant None 0 1.4885361552
# chr1:199251567-->chr1:199251567- 4 reverse chr1:199251567-->chr1:199251566+ 10 1.0
# chr1:199438742+->chr1:199440233- 3 discordant chr1:199438742+->chr1:199438746- 12 1.06678383128
# chr1:199440233-->chr1:199438742+ 3 discordant chr1:199440233-->chr1:199440232+ 3 1.02673796791
# chr1:200067679+->chr2:23698191+ 2 interchromosomal chr1:200067679+->chr1:200067712- 8 1.0
# chr1:200304759+->chr5:134947187- 2 interchromosomal chr1:200304759+->chr1:200304850- 4 1.63513523142
# chr1:200741746-->chr1:200742232- 3 reverse chr1:200741746-->chr1:200741745+ 6 1.0
# chr1:200742232-->chr1:200741746- 3 reverse chr1:200742232-->chr1:200742231+ 3 2.26557399672
# chr1:202173867+->chr1:202174961- 2 discordant chr1:202173867+->chr1:202173996- 10 1.39368798173
# chr1:202174961-->chr1:202173867+ 2 discordant chr1:202174961-->chr1:202174960+ 9 1.00534759358
# chr1:202593712-->chr15:30465300+ 3 interchromosomal chr1:202593712-->chr1:202593711+ 9 1.08156028369
# chr1:202594233+->chr15:30465336- 2 interchromosomal chr1:202594233+->chr1:202594240- 9 1.08657243816
interval_neighbors found_discordant edges chr1	179385001	203717000	5.9425	ZL009041.amp.bed chr1	179385001	203717000	5.9425	ZL009041.amp.bed
Interval extend start: chr7	33220759	33221352 0
chr7	33221352	33231352 1
# chr7:33221352+->chr1:188546056+ 6 interchromosomal chr7:33221352+->chr7:33221366- 10 1.24525045769
chr7	33210759	33220759 0
chr7	33221353	33231352 0
chr7	33210759	33220758 0
Interval extend: chr7	33220759	33221352 0 chr7	33220759	33221352
Interval extend start: chr1	168186185	168186777 0
chr1	168186777	168196777 0
chr1	168176185	168186185 0
chr1	168186778	168196777 0
chr1	168176185	168186184 0
Interval extend: chr1	168186185	168186777 0 chr1	168186185	168186777
Interval extend start: chr15	30464707	30465300 0
chr15	30465300	30475300 1
# chr15:30465336-->chr1:202594233+ 2 interchromosomal chr15:30465336-->chr15:30465335+ 6 2.0000005
chr15	30454707	30464707 0
chr15	30465301	30475300 1
# chr15:30465336-->chr1:202594233+ 2 interchromosomal chr15:30465336-->chr15:30465335+ 6 2.0000005
chr15	30454707	30464706 0
Interval extend: chr15	30464707	30465300 0 chr15	30464707	30465300
Interval extend start: chr2	132528314	132528907 0
chr2	132528907	132538907 1
# chr2:132529122-->chr1:185589523+ 2 interchromosomal chr2:132529122-->chr2:132529121+ 7 2.75827863742
chr2	132518314	132528314 0
chr2	132528908	132538907 1
# chr2:132529122-->chr1:185589523+ 2 interchromosomal chr2:132529122-->chr2:132529121+ 7 2.75827863742
chr2	132518314	132528313 0
Interval extend: chr2	132528314	132528907 0 chr2	132528314	132528907
Interval extend start: chr2	178496296	178496888 0
chr2	178496888	178506888 0
chr2	178486296	178496296 1
# chr2:178496296-->chr1:194638700- 2 interchromosomal None 0 1.42123296404
chr2	178496889	178506888 0
chr2	178486296	178496295 0
Interval extend: chr2	178496296	178496888 0 chr2	178496296	178496888
Interval extend start: chr17	11527055	11527648 0
chr17	11527648	11537648 0
chr17	11517055	11527055 0
chr17	11527649	11537648 0
chr17	11517055	11527054 0
Interval extend: chr17	11527055	11527648 0 chr17	11527055	11527648
Interval extend start: chr1	66121949	66122542 0
chr1	66122542	66132542 0
chr1	66111949	66121949 0
chr1	66122543	66132542 0
chr1	66111949	66121948 0
Interval extend: chr1	66121949	66122542 0 chr1	66121949	66122542
Interval extend start: chr5	134947187	134947779 0
chr5	134947779	134957779 0
chr5	134937187	134947187 0
chr5	134947780	134957779 0
chr5	134937187	134947186 0
Interval extend: chr5	134947187	134947779 0 chr5	134947187	134947779
Interval extend start: chr2	132529122	132529714 0
chr2	132529714	132539714 0
chr2	132519122	132529122 1
# chr2:132528907+->chr1:185589407- 3 interchromosomal chr2:132528907+->chr2:132528947- 5 2.06769274154
chr2	132529715	132539714 0
chr2	132519122	132529121 1
# chr2:132528907+->chr1:185589407- 3 interchromosomal chr2:132528907+->chr2:132528947- 5 2.06769274154
Interval extend: chr2	132529122	132529714 0 chr2	132529122	132529714
Interval extend start: chr2	23697598	23698191 0
chr2	23698191	23708191 0
chr2	23687598	23697598 0
chr2	23698192	23708191 0
chr2	23687598	23697597 0
Interval extend: chr2	23697598	23698191 0 chr2	23697598	23698191
Interval extend start: chr20	20833521	20834113 0
chr20	20834113	20844113 0
chr20	20823521	20833521 0
chr20	20834114	20844113 0
chr20	20823521	20833520 0
Interval extend: chr20	20833521	20834113 0 chr20	20833521	20834113
Interval extend start: chr21	16127452	16128045 0
chr21	16128045	16138045 1
# chr21:16128045+->chr1:198475780+ 2 interchromosomal chr21:16128045+->chr21:16128052- 6 1.0
chr21	16117452	16127452 0
chr21	16128046	16138045 0
chr21	16117452	16127451 0
Interval extend: chr21	16127452	16128045 0 chr21	16127452	16128045
Interval extend start: chr15	30465336	30465928 0
chr15	30465928	30475928 0
chr15	30455336	30465336 1
# chr15:30465300+->chr1:202593712- 2 interchromosomal chr15:30465300+->chr15:30465328- 4 1.79613387346
chr15	30465929	30475928 0
chr15	30455336	30465335 1
# chr15:30465300+->chr1:202593712- 2 interchromosomal chr15:30465300+->chr15:30465328- 4 1.79613387346
Interval extend: chr15	30465336	30465928 0 chr15	30465336	30465928
-----------------------------------------------------------------
========================================================
IntervalHops chr1	179385001	203717000
