Interval extend start: chr7	6871001	39963000	6.8612	ZL009041.amp.bed 0
chr7	39963000	39973000 0
chr7	6861001	6871001 1
# chr7:6861031-->chr7:5943449- 2 reverse chr7:6861031-->chr7:6861030+ 7 1.63840834602
chr7	39963001	39973000 0
chr7	6861001	6871000 1
# chr7:6861031-->chr7:5943449- 2 reverse chr7:6861031-->chr7:6861030+ 7 1.63840834602
Interval extend: chr7	6871001	39963000	6.8612	ZL009041.amp.bed 0 chr7	6851001	39963000	6.8612	ZL009041.amp.bed
Interval hops chr7	6851001	39963000	6.8612	ZL009041.amp.bed
Interval extend start: chr7	6851001	39963000	6.8612	ZL009041.amp.bed 0
chr7	6841001	6851001 0
chr7	6841001	6851000 0
Interval extend: chr7	6851001	39963000	6.8612	ZL009041.amp.bed 0 chr7	6851001	39963000	6.8612	ZL009041.amp.bed
chr7	6851001	39963000	6.8612	ZL009041.amp.bed 62
# chr7:6856584-->chr7:5947483- 2 reverse chr7:6856584-->chr7:6856583+ 11 1.98242530756
# chr7:6861031-->chr7:5943449- 2 reverse chr7:6861031-->chr7:6861030+ 7 1.63840834602
# chr7:6961142+->chr3:129808365- 2 interchromosomal chr7:6961142+->chr7:6961173- 3 1.92736532095
# chr7:9522790-->chr7:9522790- 4 reverse chr7:9522790-->chr7:9522789+ 4 1.0
# chr7:9634649+->chr7:9635977- 15 discordant None 0 1.36923081026
# chr7:9635977-->chr7:9634649+ 15 discordant None 0 1.16754853263
# chr7:14092521+->chr7:14104934+ 4 forward chr7:14092521+->chr7:14092559- 3 1.3108348135
# chr7:14097949-->chr7:14104941- 6 reverse None 2 1.0
# chr7:14104934+->chr7:14092521+ 4 forward chr7:14104934+->chr7:14104975- 3 1.0
# chr7:14104941-->chr7:14097949- 6 reverse chr7:14104941-->chr7:14104940+ 3 1.99826391493
# chr7:14250991+->chr7:14251962- 12 discordant chr7:14250991+->chr7:14251085- 3 1.3137254902
# chr7:14251962-->chr7:14250991+ 12 discordant None 1 1.41843993972
# chr7:15394116+->chr4:115442393+ 2 interchromosomal chr7:15394116+->chr7:15394139- 4 1.1070176386
# chr7:16171772+->chr7:16174072- 4 discordant chr7:16171772+->chr7:16171860- 5 1.36695655826
# chr7:16174072-->chr7:16171772+ 4 discordant chr7:16174072-->chr7:16174071+ 5 1.0
# chr7:17094700-->chrX:11953191- 4 interchromosomal None 0 1.0
# chr7:17302088+->chr7:17302088+ 3 forward chr7:17302088+->chr7:17302095- 9 1.48865622164
# chr7:18376161-->chr7:18376161- 4 reverse chr7:18376161-->chr7:18376160+ 11 1.0
# chr7:19518321+->chr2:26673610- 5 interchromosomal None 0 1.0
# chr7:19518372-->chrX:18756957+ 3 interchromosomal chr7:19518372-->chr7:19518371+ 9 2.0180625353
# chr7:19518457-->chrX:45916429+ 2 interchromosomal chr7:19518457-->chr7:19518456+ 14 2.25370689292
# chr7:19727067-->chr3:76985870- 2 interchromosomal chr7:19727067-->chr7:19727066+ 4 4.43923623611
# chr7:20709417+->chr16:74845006- 4 interchromosomal chr7:20709417+->chr7:20709432- 10 4.28521126761
# chr7:20748785+->chr7:20753577- 3 discordant chr7:20748785+->chr7:20748815- 4 1.0
# chr7:20753577-->chr7:20748785+ 3 discordant chr7:20753577-->chr7:20753576+ 5 1.0
# chr7:22434802+->chr7:22436760- 11 discordant None 0 1.00889679715
# chr7:22436760-->chr7:22434802+ 11 discordant None 0 1.58938053097
# chr7:24038164+->chr7:24040070- 16 discordant None 0 1.50084619628
# chr7:24040070-->chr7:24038164+ 16 discordant None 0 1.0
# chr7:26245986-->chr15:40854179- 2 interchromosomal chr7:26245986-->chr7:26245985+ 10 1.07787610619
# chr7:26252970+->chr15:40854189+ 5 interchromosomal chr7:26252970+->chr7:26253002- 10 1.34536097423
# chr7:26266907-->chr8:18024530- 7 interchromosomal chr7:26266907-->chr7:26266906+ 14 2.41396125812
# chr7:26298926+->chr7:26299738+ 2 forward chr7:26298926+->chr7:26298945- 13 2.01896558966
# chr7:26299738+->chr7:26298926+ 2 forward chr7:26299738+->chr7:26299739- 8 1.00355871886
# chr7:27452693+->chr7:27453247- 2 discordant chr7:27452693+->chr7:27452712- 15 1.0
# chr7:27453247-->chr7:27452693+ 2 discordant chr7:27453247-->chr7:27453246+ 7 1.0
# chr7:27799823-->chr7:27802465- 2 reverse chr7:27799823-->chr7:27799822+ 3 2.05087720877
# chr7:27802465-->chr7:27799823- 2 reverse chr7:27802465-->chr7:27802464+ 15 1.02491103203
# chr7:28150223+->chr14:55382333- 2 interchromosomal chr7:28150223+->chr7:28150260- 11 2.62270466778
# chr7:28574358+->chr7:28575086- 11 discordant None 1 1.10676156584
# chr7:28575086-->chr7:28574358+ 11 discordant None 2 1.10695187166
# chr7:29092256+->chr7:29095096+ 2 forward chr7:29092256+->chr7:29092257- 8 1.54225353169
# chr7:29095096+->chr7:29092256+ 2 forward chr7:29095096+->chr7:29095109- 10 2.01554411917
# chr7:29672669+->chr7:29785444- 2 discordant chr7:29672669+->chr7:29672685- 10 2.30615651581
# chr7:29785444-->chr7:29672669+ 2 discordant chr7:29785444-->chr7:29785443+ 9 1.78632480684
# chr7:31183882+->chrX:5654015- 2 interchromosomal None 2 1.31314884083
# chr7:31351541+->chr7:31352079- 2 discordant chr7:31351541+->chr7:31351543- 11 1.0
# chr7:31352079-->chr7:31351541+ 2 discordant chr7:31352079-->chr7:31352078+ 7 1.8928572602
# chr7:32390164+->chr7:32393112- 14 discordant None 0 1.0
# chr7:32393112-->chr7:32390164+ 14 discordant None 0 1.0
# chr7:32774976+->chr7:32777664- 2 discordant chr7:32774976+->chr7:32775019- 5 2.12241409828
# chr7:32777664-->chr7:32774976+ 2 discordant chr7:32777664-->chr7:32777663+ 8 2.45797628988
# chr7:33013489-->chr7:55781674- 2 reverse None 2 2.33055102838
# chr7:33221352+->chr1:188546056+ 6 interchromosomal chr7:33221352+->chr7:33221366- 10 1.24525045769
# chr7:35237941+->chr12:64074375- 7 interchromosomal None 1 1.41330998249
# chr7:35951304-->chr7:56217747+ 2 everted chr7:35951304-->chr7:35951303+ 12 2.74918603909
# chr7:35984656+->chr7:62473058- 3 discordant chr7:35984656+->chr7:35984715- 8 3.0706083514
# chr7:36146905-->chr7:36189490- 2 reverse chr7:36146905-->chr7:36146904+ 17 1.70442477876
# chr7:36189490-->chr7:36146905- 2 reverse chr7:36189490-->chr7:36189489+ 12 1.07843137255
# chr7:36252165+->chr1:60870764- 2 interchromosomal chr7:36252165+->chr7:36252223- 6 1.0
# chr7:38389308-->chr7:38398340+ 2 everted None 0 1.81282504506
# chr7:38398340+->chr7:38389308- 2 everted chr7:38398340+->chr7:38398367- 9 2.10508516271
interval_neighbors found_discordant edges chr7	6851001	39963000	6.8612	ZL009041.amp.bed chr7	6851001	39963000	6.8612	ZL009041.amp.bed
Interval extend start: chr12	64074375	64074967 0
chr12	64074967	64084967 0
chr12	64064375	64074375 0
chr12	64074968	64084967 0
chr12	64064375	64074374 0
Interval extend: chr12	64074375	64074967 0 chr12	64074375	64074967
Interval extend start: chr8	18024530	18025122 0
chr8	18025122	18035122 0
chr8	18014530	18024530 2
# chr8:18024530-->chr7:26266907- 6 interchromosomal chr8:18024530-->chr8:18024529+ 4 1.03374777975
# chr8:18024530-->chr15:73206388+ 3 interchromosomal chr8:18024530-->chr8:18024529+ 4 1.03374777975
chr8	18004530	18014530 0
chr8	18025123	18035122 0
chr8	18004530	18014529 0
Interval extend: chr8	18024530	18025122 0 chr8	18014530	18025122
Interval extend start: chr1	188545463	188546056 0
chr1	188546056	188556056 0
chr1	188535463	188545463 2
# chr1:188539455+->chr1:188540229- 4 discordant None 0 1.0
# chr1:188540229-->chr1:188539455+ 4 discordant None 0 1.0
chr1	188525463	188535463 0
chr1	188546057	188556056 0
chr1	188525463	188535462 0
Interval extend: chr1	188545463	188546056 0 chr1	188535463	188546056
Interval extend start: chr15	40853596	40854189 0
chr15	40854189	40864189 3
# chr15:40854179-->chr6:116774629+ 2 interchromosomal None 0 2.03225819185
# chr15:40854179-->chr7:26245986- 2 interchromosomal None 0 2.03225819185
# chr15:40854189+->chr7:26252970+ 3 interchromosomal chr15:40854189+->chr15:40854243- 4 1.58585867172
chr15	40843596	40853596 0
chr15	40864189	40874189 0
chr15	40864190	40874189 0
chr15	40843596	40853595 0
Interval extend: chr15	40853596	40854189 0 chr15	40853596	40864189
Interval extend start: chr2	26673610	26674202 0
chr2	26674202	26684202 0
chr2	26663610	26673610 1
# chr2:26673610-->chr7:19518321+ 2 interchromosomal None 2 2.09391304348
chr2	26674203	26684202 0
chr2	26663610	26673609 0
Interval extend: chr2	26673610	26674202 0 chr2	26673610	26674202
Interval extend start: chr16	74845006	74845598 0
chr16	74845598	74855598 0
chr16	74835006	74845006 0
chr16	74845599	74855598 0
chr16	74835006	74845005 0
Interval extend: chr16	74845006	74845598 0 chr16	74845006	74845598
Interval extend start: chrX	11953191	11953783 0
chrX	11953783	11963783 0
chrX	11943191	11953191 1
# chrX:11953191-->chr7:17094700- 2 interchromosomal None 0 1.0
chrX	11953784	11963783 0
chrX	11943191	11953190 0
Interval extend: chrX	11953191	11953783 0 chrX	11953191	11953783
Interval extend start: chrX	18756364	18756957 0
chrX	18756957	18766957 0
chrX	18746364	18756364 0
chrX	18756958	18766957 0
chrX	18746364	18756363 0
Interval extend: chrX	18756364	18756957 0 chrX	18756364	18756957
Interval extend start: chr7	62473058	62473650 0
chr7	62473650	62483650 1
# chr7:62475246-->chr7:100925297+ 2 everted chr7:62475246-->chr7:62475245+ 7 1.98299328912
chr7	62463058	62473058 5
# chr7:62471410+->chr9:19043089+ 2 interchromosomal chr7:62471410+->chr7:62471432- 17 2.91465390982
# chr7:62471932+->chr7:45883177+ 3 forward chr7:62471932+->chr7:62471964- 7 1.87102185092
# chr7:62472649-->chr19:39366164+ 2 interchromosomal chr7:62472649-->chr7:62472648+ 12 1.84317037099
# chr7:62473058-->chrX:54178454- 3 interchromosomal chr7:62473058-->chr7:62473057+ 7 1.80208334375
# chr7:62473058-->chr7:35984656+ 3 discordant chr7:62473058-->chr7:62473057+ 7 1.80208334375
chr7	62453058	62463058 0
chr7	62473651	62483650 1
# chr7:62475246-->chr7:100925297+ 2 everted chr7:62475246-->chr7:62475245+ 7 1.98299328912
chr7	62453058	62463057 0
Interval extend: chr7	62473058	62473650 0 chr7	62463058	62473650
Interval extend start: chr7	5947483	5948075 0
chr7	5948075	5958075 0
chr7	5937483	5947483 1
# chr7:5943449-->chr7:6861031- 2 reverse chr7:5943449-->chr7:5943448+ 7 2.60813022764
chr7	5948076	5958075 0
chr7	5937483	5947482 1
# chr7:5943449-->chr7:6861031- 2 reverse chr7:5943449-->chr7:5943448+ 7 2.60813022764
Interval extend: chr7	5947483	5948075 0 chr7	5927483	5948075
Interval extend start: chr3	76985870	76986462 0
chr3	76986462	76996462 0
chr3	76975870	76985870 1
# chr3:76985870-->chr7:19727067- 2 interchromosomal None 0 1.0
chr3	76986463	76996462 0
chr3	76975870	76985869 0
Interval extend: chr3	76985870	76986462 0 chr3	76985870	76986462
Interval extend start: chr1	60870764	60871356 0
chr1	60871356	60881356 0
chr1	60860764	60870764 0
chr1	60871357	60881356 0
chr1	60860764	60870763 0
Interval extend: chr1	60870764	60871356 0 chr1	60870764	60871356
Interval extend start: chr3	129808365	129808957 0
chr3	129808957	129818957 0
chr3	129798365	129808365 4
# chr3:129799450-->chr3:75463274+ 3 discordant chr3:129799450-->chr3:129799449+ 8 1.74831111487
# chr3:129802180+->chr4:9720571+ 2 interchromosomal chr3:129802180+->chr3:129802201- 10 2.05752994585
# chr3:129803270+->chr21:33807367+ 2 interchromosomal chr3:129803270+->chr3:129803273- 7 1.35862086552
# chr3:129805031+->chr21:33805424+ 2 interchromosomal chr3:129805031+->chr3:129805039- 17 1.48211275809
chr3	129788365	129798365 0
chr3	129808958	129818957 0
chr3	129788365	129798364 0
Interval extend: chr3	129808365	129808957 0 chr3	129798365	129808957
Interval extend start: chr14	55382333	55382925 0
chr14	55382925	55392925 0
chr14	55372333	55382333 1
# chr14:55382342+->chr20:49282573+ 2 interchromosomal chr14:55382342+->chr14:55382426- 4 2.18461542051
chr14	55382926	55392925 0
chr14	55372333	55382332 1
# chr14:55382342+->chr20:49282573+ 2 interchromosomal chr14:55382342+->chr14:55382426- 4 2.18461542051
Interval extend: chr14	55382333	55382925 0 chr14	55382333	55382925
Interval extend start: chr7	55781674	55782266 0
chr7	55782266	55792266 0
chr7	55771674	55781674 0
chr7	55782267	55792266 0
chr7	55771674	55781673 0
Interval extend: chr7	55781674	55782266 0 chr7	55781674	55782266
Interval extend start: chrX	5654015	5654607 0
chrX	5654607	5664607 0
chrX	5644015	5654015 0
chrX	5654608	5664607 0
chrX	5644015	5654014 0
Interval extend: chrX	5654015	5654607 0 chrX	5654015	5654607
Interval extend start: chr7	56217154	56217747 0
chr7	56217747	56227747 1
# chr7:56220248-->chr7:56217667+ 3 discordant None 0 2.89383562671
chr7	56207154	56217154 0
chr7	56217748	56227747 1
# chr7:56220248-->chr7:56217667+ 3 discordant None 0 2.89383562671
chr7	56207154	56217153 0
Interval extend: chr7	56217154	56217747 0 chr7	56217154	56217747
Interval extend start: chr4	115441800	115442393 0
chr4	115442393	115452393 0
chr4	115431800	115441800 0
chr4	115442394	115452393 0
chr4	115431800	115441799 0
Interval extend: chr4	115441800	115442393 0 chr4	115441800	115442393
Interval extend start: chrX	45915836	45916429 0
chrX	45916429	45926429 0
chrX	45905836	45915836 0
chrX	45916430	45926429 0
chrX	45905836	45915835 0
Interval extend: chrX	45915836	45916429 0 chrX	45915836	45916429
chr1	188535463	188546056	6
chr3	129798365	129808957	2
chr7	5927483	5948075	2
chr7	62463058	62473650	3
chr8	18014530	18025122	7
chr15	40853596	40864189	5
-----------------------------------------------------------------
chr1	188535463	188546056	6 3
# chr1:188539455+->chr1:188540229- 4 discordant None 0 1.0
# chr1:188540229-->chr1:188539455+ 4 discordant None 0 1.0
# chr1:188546056+->chr7:33221352+ 6 interchromosomal chr1:188546056+->chr1:188546108- 12 1.04938277425
chr3	129798365	129808957	2 5
# chr3:129799450-->chr3:75463274+ 3 discordant chr3:129799450-->chr3:129799449+ 8 1.74831111487
# chr3:129802180+->chr4:9720571+ 2 interchromosomal chr3:129802180+->chr3:129802201- 10 2.05752994585
# chr3:129803270+->chr21:33807367+ 2 interchromosomal chr3:129803270+->chr3:129803273- 7 1.35862086552
# chr3:129805031+->chr21:33805424+ 2 interchromosomal chr3:129805031+->chr3:129805039- 17 1.48211275809
# chr3:129808365-->chr7:6961142+ 2 interchromosomal chr3:129808365-->chr3:129808364+ 10 2.44719515512
chr7	62463058	62473650	3 5
# chr7:62471410+->chr9:19043089+ 2 interchromosomal chr7:62471410+->chr7:62471432- 17 2.91465390982
# chr7:62471932+->chr7:45883177+ 3 forward chr7:62471932+->chr7:62471964- 7 1.87102185092
# chr7:62472649-->chr19:39366164+ 2 interchromosomal chr7:62472649-->chr7:62472648+ 12 1.84317037099
# chr7:62473058-->chr7:35984656+ 3 discordant chr7:62473058-->chr7:62473057+ 7 1.80208334375
# chr7:62473058-->chrX:54178454- 4 interchromosomal chr7:62473058-->chr7:62473057+ 7 1.80208334375
chr8	18014530	18025122	7 2
# chr8:18024530-->chr7:26266907- 7 interchromosomal chr8:18024530-->chr8:18024529+ 4 1.03374777975
# chr8:18024530-->chr15:73206388+ 3 interchromosomal chr8:18024530-->chr8:18024529+ 4 1.03374777975
chr15	40853596	40864189	5 3
# chr15:40854179-->chr6:116774629+ 2 interchromosomal None 0 2.03225819185
# chr15:40854179-->chr7:26245986- 2 interchromosomal None 0 2.03225819185
# chr15:40854189+->chr7:26252970+ 5 interchromosomal chr15:40854189+->chr15:40854243- 4 1.58585867172
========================================================
Interval hops chr8	18014530	18025122	7
Interval extend start: chr8	18014530	18025122	7 0
Interval extend: chr8	18014530	18025122	7 0 chr8	18014530	18025122	7
chr8	18014530	18025122	7 2
# chr8:18024530-->chr7:26266907- 7 interchromosomal chr8:18024530-->chr8:18024529+ 4 1.03374777975
# chr8:18024530-->chr15:73206388+ 3 interchromosomal chr8:18024530-->chr8:18024529+ 4 1.03374777975
interval_neighbors found_discordant edges chr8	18014530	18025122	7 chr8	18014530	18025122	7
Interval extend start: chr15	73205795	73206388 0
chr15	73206388	73216388 0
chr15	73195795	73205795 0
chr15	73206389	73216388 0
chr15	73195795	73205794 0
Interval extend: chr15	73205795	73206388 0 chr15	73205795	73206388
-----------------------------------------------------------------
========================================================
Interval hops chr1	188535463	188546056	6
Interval extend start: chr1	188535463	188546056	6 0
Interval extend: chr1	188535463	188546056	6 0 chr1	188535463	188546056	6
chr1	188535463	188546056	6 3
# chr1:188539455+->chr1:188540229- 4 discordant None 0 1.0
# chr1:188540229-->chr1:188539455+ 4 discordant None 0 1.0
# chr1:188546056+->chr7:33221352+ 6 interchromosomal chr1:188546056+->chr1:188546108- 12 1.04938277425
interval_neighbors found_discordant edges chr1	188535463	188546056	6 chr1	188535463	188546056	6
-----------------------------------------------------------------
========================================================
Interval hops chr15	40853596	40864189	5
Interval extend start: chr15	40853596	40864189	5 0
Interval extend: chr15	40853596	40864189	5 0 chr15	40853596	40864189	5
chr15	40853596	40864189	5 3
# chr15:40854179-->chr6:116774629+ 2 interchromosomal None 0 2.03225819185
# chr15:40854179-->chr7:26245986- 2 interchromosomal None 0 2.03225819185
# chr15:40854189+->chr7:26252970+ 5 interchromosomal chr15:40854189+->chr15:40854243- 4 1.58585867172
interval_neighbors found_discordant edges chr15	40853596	40864189	5 chr15	40853596	40864189	5
Interval extend start: chr6	116774036	116774629 0
chr6	116774629	116784629 0
chr6	116764036	116774036 0
chr6	116774630	116784629 0
chr6	116764036	116774035 0
Interval extend: chr6	116774036	116774629 0 chr6	116774036	116774629
-----------------------------------------------------------------
========================================================
Interval hops chr7	62463058	62473650	3
Interval extend start: chr7	62463058	62473650	3 0
Interval extend: chr7	62463058	62473650	3 0 chr7	62463058	62473650	3
chr7	62463058	62473650	3 5
# chr7:62471410+->chr9:19043089+ 2 interchromosomal chr7:62471410+->chr7:62471432- 17 2.91465390982
# chr7:62471932+->chr7:45883177+ 3 forward chr7:62471932+->chr7:62471964- 7 1.87102185092
# chr7:62472649-->chr19:39366164+ 2 interchromosomal chr7:62472649-->chr7:62472648+ 12 1.84317037099
# chr7:62473058-->chr7:35984656+ 3 discordant chr7:62473058-->chr7:62473057+ 7 1.80208334375
# chr7:62473058-->chrX:54178454- 4 interchromosomal chr7:62473058-->chr7:62473057+ 7 1.80208334375
interval_neighbors found_discordant edges chr7	62463058	62473650	3 chr7	62463058	62473650	3
Interval extend start: chrX	54178454	54179046 0
chrX	54179046	54189046 0
chrX	54168454	54178454 1
# chrX:54178454-->chr7:62473058- 4 interchromosomal None 0 1.0
chrX	54179047	54189046 0
chrX	54168454	54178453 0
Interval extend: chrX	54178454	54179046 0 chrX	54178454	54179046
Interval extend start: chr7	45882584	45883177 0
chr7	45883177	45893177 0
chr7	45872584	45882584 0
chr7	45883178	45893177 0
chr7	45872584	45882583 0
Interval extend: chr7	45882584	45883177 0 chr7	45882584	45883177
Interval extend start: chr19	39365571	39366164 0
chr19	39366164	39376164 0
chr19	39355571	39365571 0
chr19	39366165	39376164 0
chr19	39355571	39365570 0
Interval extend: chr19	39365571	39366164 0 chr19	39365571	39366164
Interval extend start: chr9	19042496	19043089 0
chr9	19043089	19053089 0
chr9	19032496	19042496 0
chr9	19043090	19053089 0
chr9	19032496	19042495 0
Interval extend: chr9	19042496	19043089 0 chr9	19042496	19043089
-----------------------------------------------------------------
========================================================
Interval hops chr3	129798365	129808957	2
Interval extend start: chr3	129798365	129808957	2 0
Interval extend: chr3	129798365	129808957	2 0 chr3	129798365	129808957	2
chr3	129798365	129808957	2 5
# chr3:129799450-->chr3:75463274+ 3 discordant chr3:129799450-->chr3:129799449+ 8 1.74831111487
# chr3:129802180+->chr4:9720571+ 2 interchromosomal chr3:129802180+->chr3:129802201- 10 2.05752994585
# chr3:129803270+->chr21:33807367+ 2 interchromosomal chr3:129803270+->chr3:129803273- 7 1.35862086552
# chr3:129805031+->chr21:33805424+ 2 interchromosomal chr3:129805031+->chr3:129805039- 17 1.48211275809
# chr3:129808365-->chr7:6961142+ 2 interchromosomal chr3:129808365-->chr3:129808364+ 10 2.44719515512
interval_neighbors found_discordant edges chr3	129798365	129808957	2 chr3	129798365	129808957	2
Interval extend start: chr3	75462681	75463274 0
chr3	75463274	75473274 0
chr3	75452681	75462681 0
chr3	75463275	75473274 0
chr3	75452681	75462680 0
Interval extend: chr3	75462681	75463274 0 chr3	75462681	75463274
Interval extend start: chr21	33806774	33807367 0
chr21	33807367	33817367 0
chr21	33796774	33806774 2
# chr21:33805424+->chr3:129805031+ 2 interchromosomal chr21:33805424+->chr21:33805440- 9 2.15116322924
# chr21:33806081+->chr4:9718374- 3 interchromosomal chr21:33806081+->chr21:33806101- 13 1.33505184021
chr21	33786774	33796774 0
chr21	33807368	33817367 0
chr21	33786774	33796773 0
Interval extend: chr21	33806774	33807367 0 chr21	33796774	33807367
Interval extend start: chr4	9719978	9720571 0
chr4	9720571	9730571 0
chr4	9709978	9719978 1
# chr4:9718374-->chr21:33806081+ 3 interchromosomal chr4:9718374-->chr4:9718373+ 6 2.6850651737
chr4	9720572	9730571 0
chr4	9709978	9719977 1
# chr4:9718374-->chr21:33806081+ 3 interchromosomal chr4:9718374-->chr4:9718373+ 6 2.6850651737
Interval extend: chr4	9719978	9720571 0 chr4	9699978	9720571
chr4	9699978	9720571	2
chr21	33796774	33807367	2
-----------------------------------------------------------------
chr21	33796774	33807367	2 3
# chr21:33805424+->chr3:129805031+ 2 interchromosomal chr21:33805424+->chr21:33805440- 9 2.15116322924
# chr21:33806081+->chr4:9718374- 3 interchromosomal chr21:33806081+->chr21:33806101- 13 1.33505184021
# chr21:33807367+->chr3:129803270+ 2 interchromosomal chr21:33807367+->chr21:33807409- 3 2.34655217931
========================================================
Interval hops chr4	9699978	9720571	2
Interval extend start: chr4	9699978	9720571	2 0
chr4	9689978	9699978 0
chr4	9689978	9699977 0
Interval extend: chr4	9699978	9720571	2 0 chr4	9699978	9720571	2
chr4	9699978	9720571	2 2
# chr4:9718374-->chr21:33806081+ 3 interchromosomal chr4:9718374-->chr4:9718373+ 6 2.6850651737
# chr4:9720571+->chr3:129802180+ 2 interchromosomal chr4:9720571+->chr4:9720587- 5 1.58773445656
interval_neighbors found_discordant edges chr4	9699978	9720571	2 chr4	9699978	9720571	2
-----------------------------------------------------------------
========================================================
Interval hops chr7	5927483	5948075	2
Interval extend start: chr7	5927483	5948075	2 0
chr7	5917483	5927483 0
chr7	5917483	5927482 0
Interval extend: chr7	5927483	5948075	2 0 chr7	5927483	5948075	2
chr7	5927483	5948075	2 2
# chr7:5943449-->chr7:6861031- 2 reverse chr7:5943449-->chr7:5943448+ 7 2.60813022764
# chr7:5947483-->chr7:6856584- 2 reverse chr7:5947483-->chr7:5947482+ 6 2.11631944444
interval_neighbors found_discordant edges chr7	5927483	5948075	2 chr7	5927483	5948075	2
-----------------------------------------------------------------
========================================================
Interval hops chr21	33796774	33807367	2
Interval extend start: chr21	33796774	33807367	2 0
Interval extend: chr21	33796774	33807367	2 0 chr21	33796774	33807367	2
chr21	33796774	33807367	2 3
# chr21:33805424+->chr3:129805031+ 2 interchromosomal chr21:33805424+->chr21:33805440- 9 2.15116322924
# chr21:33806081+->chr4:9718374- 3 interchromosomal chr21:33806081+->chr21:33806101- 13 1.33505184021
# chr21:33807367+->chr3:129803270+ 2 interchromosomal chr21:33807367+->chr21:33807409- 3 2.34655217931
interval_neighbors found_discordant edges chr21	33796774	33807367	2 chr21	33796774	33807367	2
-----------------------------------------------------------------
========================================================
IntervalHops chr1	188535463	188546056
IntervalHops chr3	129798365	129808957
IntervalHops chr4	9699978	9720571
IntervalHops chr7	5927483	5948075
IntervalHops chr7	6851001	39963000
IntervalHops chr7	62463058	62473650
IntervalHops chr8	18014530	18025122
IntervalHops chr15	40853596	40864189
IntervalHops chr21	33796774	33807367
