Interval extend start: chr12	34439001	34560000	5.3794	ZL009041.amp.bed 0
chr12	34560001	34570000 0
chr12	34429001	34439000 1
# chr12:34430929-->chr14:88237568- 7 interchromosomal chr12:34430929-->chr12:34430928+ 8 1.6991453812
Interval extend: chr12	34439001	34560000	5.3794	ZL009041.amp.bed 0 chr12	34419001	34560000	5.3794	ZL009041.amp.bed
Interval hops chr12	34419001	34560000	5.3794	ZL009041.amp.bed
Interval extend start: chr12	34419001	34560000	5.3794	ZL009041.amp.bed 0
chr12	34409001	34419000 1
# chr12:34412990-->chr12:34407589+ 5 discordant chr12:34412990-->chr12:34412989+ 21 1.09807359194
Interval extend: chr12	34419001	34560000	5.3794	ZL009041.amp.bed 0 chr12	34399001	34560000	5.3794	ZL009041.amp.bed
chr12	34399001	34560000	5.3794	ZL009041.amp.bed 14
# chr12:34399000-->chr12:38502853- 4 reverse chr12:34399000-->chr12:34398999+ 38 1.10720565026
# chr12:34399496+->chr19:28322061+ 9 interchromosomal chr12:34399496+->chr12:34399497- 8 1.15734268357
# chr12:34405080-->chr7:64715848- 6 interchromosomal chr12:34405080-->chr12:34405079+ 8 2.08998309847
# chr12:34405322+->chr12:34405873- 2 discordant chr12:34405322+->chr12:34405332- 6 1.9493243598
# chr12:34405322+->chr7:64715494+ 6 interchromosomal chr12:34405322+->chr12:34405332- 6 1.9493243598
# chr12:34405873-->chr12:34405322+ 2 discordant chr12:34405873-->chr12:34405872+ 36 1.23036651832
# chr12:34405898-->chr7:64715414- 6 interchromosomal chr12:34405898-->chr12:34405897+ 35 1.19055946678
# chr12:34406916+->chr12:38464230+ 5 forward chr12:34406916+->chr12:34406927- 31 1.44630878523
# chr12:34406980-->chr12:38464096- 2 reverse chr12:34406980-->chr12:34406979+ 31 1.28919885714
# chr12:34407421+->chr12:38462509+ 4 forward chr12:34407421+->chr12:34407426- 50 1.2080421049
# chr12:34407589+->chr12:34412990- 5 discordant chr12:34407589+->chr12:34407613- 3 1.28993080556
# chr12:34407589+->chr12:38457276+ 6 forward chr12:34407589+->chr12:34407613- 3 1.28993080556
# chr12:34412990-->chr12:34407589+ 5 discordant chr12:34412990-->chr12:34412989+ 21 1.09807359194
# chr12:34430929-->chr14:88237568- 7 interchromosomal chr12:34430929-->chr12:34430928+ 8 1.6991453812
interval_neighbors found_discordant edges chr12	34419001	34560000	5.3794	ZL009041.amp.bed chr12	34399001	34560000	5.3794	ZL009041.amp.bed
Interval extend start: chr19	28321468	28322061 0
chr19	28322062	28332061 4
# chr19:28323095-->chr12:38502999+ 3 interchromosomal chr19:28323095-->chr19:28323094+ 7 1.10657193606
# chr19:28323269+->chr19:28329095- 20 discordant chr19:28323269+->chr19:28323308- 5 2.12351961083
# chr19:28329095-->chr19:28323269+ 20 discordant chr19:28329095-->chr19:28329094+ 4 1.0
# chr19:28329108-->chr12:38503038+ 3 interchromosomal chr19:28329108-->chr19:28329107+ 3 1.0
chr19	28311468	28321467 11
# chr19:28312238-->chr3:64100287- 4 interchromosomal chr19:28312238-->chr19:28312237+ 29 1.18974364615
# chr19:28312560+->chr10:74682971- 4 interchromosomal chr19:28312560+->chr19:28312598- 19 1.28862486418
# chr19:28312709-->chr10:74683078+ 2 interchromosomal chr19:28312709-->chr19:28312708+ 32 1.00888099467
# chr19:28313354+->chr19:23485428- 9 everted chr19:28313354+->chr19:28313367- 13 1.00886524823
# chr19:28314268+->chr7:64886452+ 18 interchromosomal chr19:28314268+->chr19:28314297- 8 1.00355871886
# chr19:28314861-->chr19:23486771+ 7 discordant chr19:28314861-->chr19:28314860+ 25 1.0
# chr19:28315365+->chr4:58038653- 3 interchromosomal chr19:28315365+->chr19:28315442- 5 1.0
# chr19:28315366+->chr10:73636436+ 2 interchromosomal chr19:28315366+->chr19:28315442- 5 1.0
# chr19:28320098-->chrX:54243624- 5 interchromosomal chr19:28320098-->chr19:28320097+ 19 1.46620455806
# chr19:28320139-->chr7:64874991- 2 interchromosomal chr19:28320139-->chr19:28320138+ 30 1.75517247586
# chr19:28320548+->chr12:38500794- 8 interchromosomal chr19:28320548+->chr19:28320588- 10 1.01418439716
Interval extend: chr19	28321468	28322061 0 chr19	28301468	28342061
Interval extend start: chr14	88237568	88238160 0
chr14	88238160	88248160 0
chr14	88227568	88237568 5
# chr14:88237568-->chr2:77587587- 3 interchromosomal chr14:88237568-->chr14:88237567+ 9 1.09233452613
# chr14:88237568-->chrX:79238849+ 66 interchromosomal chr14:88237568-->chr14:88237567+ 9 1.09233452613
# chr14:88237710+->chr13:28033699- 4 interchromosomal chr14:88237710+->chr14:88237711- 175 1.0
# chr14:88237717+->chr12:38536863+ 48 interchromosomal chr14:88237717+->chr14:88237719- 167 1.0
# chr14:88237717+->chr1:26455927- 13 interchromosomal chr14:88237717+->chr14:88237719- 167 1.0
chr14	88217568	88227568 0
chr14	88338161	88348160 0
chr14	88117568	88127567 0
Interval extend: chr14	88237568	88238160 0 chr14	88127568	88338160
Interval extend start: chr7	64715848	64716440 0
chr7	64716440	64726440 0
chr7	64705848	64715848 4
# chr7:64714286-->chr12:38464230+ 8 interchromosomal chr7:64714286-->chr7:64714285+ 3 1.17168141593
# chr7:64715414-->chr12:34405898- 6 interchromosomal chr7:64715414-->chr7:64715413+ 10 1.09203548319
# chr7:64715494+->chr12:34405322+ 6 interchromosomal chr7:64715494+->chr7:64715505- 15 2.24707855927
# chr7:64715848-->chr12:34405080- 6 interchromosomal chr7:64715848-->chr7:64715847+ 11 1.40488660908
chr7	64695848	64705848 0
chr7	64716441	64726440 0
chr7	64695848	64705847 0
Interval extend: chr7	64715848	64716440 0 chr7	64705848	64716440
Interval extend start: chr12	38456683	38457276 0
chr12	38457276	38467276 4
# chr12:38462509+->chr12:34407421+ 4 forward chr12:38462509+->chr12:38462512- 4 1.27335647924
# chr12:38464096-->chr12:34406980- 2 reverse chr12:38464096-->chr12:38464095+ 30 1.65723803661
# chr12:38464230+->chr7:64714286- 8 interchromosomal chr12:38464230+->chr12:38464248- 20 1.08657247527
# chr12:38464230+->chr12:34406916+ 5 forward chr12:38464230+->chr12:38464248- 20 1.08657247527
chr12	38446683	38456683 1
# chr12:38454086+->chr12:38456717- 13 discordant chr12:38454086+->chr12:38454121- 24 1.0640569395
chr12	38467276	38477276 1
# chr12:38470110-->chr12:34405117- 2 reverse None 2 1.97292733333
chr12	38467277	38477276 1
# chr12:38470110-->chr12:34405117- 2 reverse None 2 1.97292733333
chr12	38446683	38456682 1
# chr12:38454086+->chr12:38456717- 13 discordant chr12:38454086+->chr12:38454121- 24 1.0640569395
Interval extend: chr12	38456683	38457276 0 chr12	38456683	38467276
Interval extend start: chr12	34406996	34407589 0
chr12	34407590	34417589 0
chr12	34396996	34406995 8
# chr12:34399000-->chr12:38502853- 4 reverse chr12:34399000-->chr12:34398999+ 38 1.10720565026
# chr12:34399496+->chr19:28322061+ 9 interchromosomal chr12:34399496+->chr12:34399497- 8 1.15734268357
# chr12:34405080-->chr7:64715848- 6 interchromosomal chr12:34405080-->chr12:34405079+ 8 2.08998309847
# chr12:34405322+->chr12:34405873- 2 discordant chr12:34405322+->chr12:34405332- 6 1.9493243598
# chr12:34405322+->chr7:64715494+ 6 interchromosomal chr12:34405322+->chr12:34405332- 6 1.9493243598
# chr12:34405873-->chr12:34405322+ 2 discordant chr12:34405873-->chr12:34405872+ 36 1.23036651832
# chr12:34405898-->chr7:64715414- 6 interchromosomal chr12:34405898-->chr12:34405897+ 35 1.19055946678
# chr12:34406916+->chr12:38464230+ 5 forward chr12:34406916+->chr12:34406927- 31 1.44630878523
Interval extend: chr12	34406996	34407589 0 chr12	34386996	34407589
Interval extend start: chr12	34412990	34413582 0
chr12	34413583	34423582 0
chr12	34402990	34412989 10
# chr12:34405080-->chr7:64715848- 6 interchromosomal chr12:34405080-->chr12:34405079+ 8 2.08998309847
# chr12:34405322+->chr12:34405873- 2 discordant chr12:34405322+->chr12:34405332- 6 1.9493243598
# chr12:34405322+->chr7:64715494+ 6 interchromosomal chr12:34405322+->chr12:34405332- 6 1.9493243598
# chr12:34405873-->chr12:34405322+ 2 discordant chr12:34405873-->chr12:34405872+ 36 1.23036651832
# chr12:34405898-->chr7:64715414- 6 interchromosomal chr12:34405898-->chr12:34405897+ 35 1.19055946678
# chr12:34406916+->chr12:38464230+ 5 forward chr12:34406916+->chr12:34406927- 31 1.44630878523
# chr12:34406980-->chr12:38464096- 2 reverse chr12:34406980-->chr12:34406979+ 31 1.28919885714
# chr12:34407421+->chr12:38462509+ 4 forward chr12:34407421+->chr12:34407426- 50 1.2080421049
# chr12:34407589+->chr12:38457276+ 6 forward chr12:34407589+->chr12:34407613- 3 1.28993080556
# chr12:34407589+->chr12:34412990- 5 discordant chr12:34407589+->chr12:34407613- 3 1.28993080556
Interval extend: chr12	34412990	34413582 0 chr12	34392990	34413582
Interval extend start: chr12	38502853	38503445 0
chr12	38503445	38513445 0
chr12	38482853	38492853 0
chr12	38603446	38613445 0
chr12	38382853	38392852 0
Interval extend: chr12	38502853	38503445 0 chr12	38392853	38603445
chr7	64705848	64716440	6
chr12	34386996	34413582	10
chr12	38392853	38603445	10
chr14	88127568	88338160	7
chr19	28301468	28342061	9
-----------------------------------------------------------------
chr7	64705848	64716440	6 4
# chr7:64714286-->chr12:38464230+ 8 interchromosomal chr7:64714286-->chr7:64714285+ 3 1.17168141593
# chr7:64715414-->chr12:34405898- 6 interchromosomal chr7:64715414-->chr7:64715413+ 10 1.09203548319
# chr7:64715494+->chr12:34405322+ 6 interchromosomal chr7:64715494+->chr7:64715505- 15 2.24707855927
# chr7:64715848-->chr12:34405080- 6 interchromosomal chr7:64715848-->chr7:64715847+ 11 1.40488660908
========================================================
Interval hops chr12	34386996	34413582	10
Interval extend start: chr12	34386996	34413582	10 0
chr12	34376996	34386995 0
Interval extend: chr12	34386996	34413582	10 0 chr12	34386996	34413582	10
chr12	34386996	34413582	10 14
# chr12:34393838-->chr21:15475099+ 2 interchromosomal chr12:34393838-->chr12:34393837+ 7 1.2177700662
# chr12:34399000-->chr12:38502853- 4 reverse chr12:34399000-->chr12:34398999+ 38 1.10720565026
# chr12:34399496+->chr19:28322061+ 9 interchromosomal chr12:34399496+->chr12:34399497- 8 1.15734268357
# chr12:34405080-->chr7:64715848- 6 interchromosomal chr12:34405080-->chr12:34405079+ 8 2.08998309847
# chr12:34405322+->chr12:34405873- 2 discordant chr12:34405322+->chr12:34405332- 6 1.9493243598
# chr12:34405322+->chr7:64715494+ 6 interchromosomal chr12:34405322+->chr12:34405332- 6 1.9493243598
# chr12:34405873-->chr12:34405322+ 2 discordant chr12:34405873-->chr12:34405872+ 36 1.23036651832
# chr12:34405898-->chr7:64715414- 6 interchromosomal chr12:34405898-->chr12:34405897+ 35 1.19055946678
# chr12:34406916+->chr12:38464230+ 5 forward chr12:34406916+->chr12:34406927- 31 1.44630878523
# chr12:34406980-->chr12:38464096- 2 reverse chr12:34406980-->chr12:34406979+ 31 1.28919885714
# chr12:34407421+->chr12:38462509+ 4 forward chr12:34407421+->chr12:34407426- 50 1.2080421049
# chr12:34407589+->chr12:34412990- 5 discordant chr12:34407589+->chr12:34407613- 3 1.28993080556
# chr12:34407589+->chr12:38457276+ 6 forward chr12:34407589+->chr12:34407613- 3 1.28993080556
# chr12:34412990-->chr12:34407589+ 5 discordant chr12:34412990-->chr12:34412989+ 21 1.09807359194
interval_neighbors found_discordant edges chr12	34386996	34413582	10 chr12	34386996	34413582	10
Interval extend start: chr21	15474506	15475099 0
chr21	15475099	15485099 1
# chr21:15475276+->chr6:77244959- 2 interchromosomal chr21:15475276+->chr21:15475293- 13 1.62134253356
chr21	15464506	15474506 0
chr21	15475100	15485099 1
# chr21:15475276+->chr6:77244959- 2 interchromosomal chr21:15475276+->chr21:15475293- 13 1.62134253356
chr21	15464506	15474505 0
Interval extend: chr21	15474506	15475099 0 chr21	15474506	15495099
chr21	15474506	15495099	2
-----------------------------------------------------------------
========================================================
Interval hops chr12	38392853	38603445	10
Interval extend start: chr12	38392853	38603445	10 0
chr12	38603445	38613445 0
chr12	38382853	38392853 0
Interval extend: chr12	38392853	38603445	10 0 chr12	38392853	38603445	10
chr12	38392853	38603445	10 37
# chr12:38454086+->chr12:38456644- 15 discordant chr12:38454086+->chr12:38454121- 24 1.0640569395
# chr12:38456644-->chr12:38454086+ 15 discordant chr12:38456644-->chr12:38456643+ 9 1.07732864675
# chr12:38457276+->chr12:34407589+ 6 forward chr12:38457276+->chr12:38457282- 4 1.06514084507
# chr12:38462509+->chr12:34407421+ 4 forward chr12:38462509+->chr12:38462512- 4 1.27335647924
# chr12:38464096-->chr12:34406980- 2 reverse chr12:38464096-->chr12:38464095+ 30 1.65723803661
# chr12:38464230+->chr12:34406916+ 5 forward chr12:38464230+->chr12:38464248- 20 1.08657247527
# chr12:38464230+->chr7:64714286- 8 interchromosomal chr12:38464230+->chr12:38464248- 20 1.08657247527
# chr12:38470110-->chr12:34405117- 2 reverse None 2 1.97292733333
# chr12:38493472-->chr19:23258027+ 2 interchromosomal chr12:38493472-->chr12:38493471+ 47 1.26371681416
# chr12:38493990+->chr19:23456064+ 4 interchromosomal chr12:38493990+->chr12:38494001- 10 1.03558718861
# chr12:38493990+->chr19:23258743- 10 interchromosomal chr12:38493990+->chr12:38494001- 10 1.03558718861
# chr12:38496411-->chrX:111473864+ 4 interchromosomal chr12:38496411-->chr12:38496410+ 11 1.45685284772
# chr12:38496416-->chr11:99911835+ 2 interchromosomal chr12:38496416-->chr12:38496415+ 13 1.45685284772
# chr12:38498057-->chr5:98935146+ 2 interchromosomal chr12:38498057-->chr12:38498056+ 8 2.10561059571
# chr12:38498159-->chr7:147799511+ 2 interchromosomal chr12:38498159-->chr12:38498158+ 20 2.27986910147
# chr12:38498294+->chr21:17253389- 2 interchromosomal chr12:38498294+->chr12:38498316- 7 1.44290665744
# chr12:38498375+->chr14:63357130+ 3 interchromosomal chr12:38498375+->chr12:38498410- 4 1.46735404983
# chr12:38499569-->chrX:118009908- 2 interchromosomal chr12:38499569-->chr12:38499568+ 41 1.67285010287
# chr12:38500198-->chr5:174335238- 2 interchromosomal chr12:38500198-->chr12:38500197+ 18 1.06878315344
# chr12:38500747+->chr7:64874345+ 8 interchromosomal chr12:38500747+->chr12:38500758- 49 1.10645732635
# chr12:38500794-->chr19:28320548+ 8 interchromosomal chr12:38500794-->chr12:38500793+ 42 1.00891265597
# chr12:38501015-->chr7:64874218- 5 interchromosomal chr12:38501015-->chr12:38501014+ 74 1.17636708113
# chr12:38501470+->chr19:28321506- 3 interchromosomal chr12:38501470+->chr12:38501478- 15 1.11150457876
# chr12:38502133+->chr19:28321827- 6 interchromosomal chr12:38502133+->chr12:38502143- 12 1.65928456388
# chr12:38502309-->chr19:28322033+ 12 interchromosomal chr12:38502309-->chr12:38502308+ 62 1.12434328371
# chr12:38502853-->chr12:34399000- 4 reverse chr12:38502853-->chr12:38502852+ 45 1.15992970123
# chr12:38502999+->chr19:28323095- 3 interchromosomal chr12:38502999+->chr12:38503014- 22 1.17421605401
# chr12:38503038+->chr19:28329108- 3 interchromosomal chr12:38503038+->chr12:38503060- 6 1.13660245184
# chr12:38536646-->chr13:28033699- 295 interchromosomal chr12:38536646-->chr12:38536645+ 26 1.39367321617
# chr12:38536837+->chr14:88237828+ 280 interchromosomal chr12:38536837+->chr12:38536881- 26 1.37865766781
# chr12:38563815+->chr1:226723915- 2 interchromosomal chr12:38563815+->chr12:38563848- 3 1.73344949826
# chr12:38582831-->chr4:190922811- 4 interchromosomal chr12:38582831-->chr12:38582830+ 6 1.27931056724
# chr12:38583008+->chr9:141059975- 2 interchromosomal chr12:38583008+->chr12:38583015- 11 1.47278930442
# chr12:38590692-->chr4:190910453- 3 interchromosomal chr12:38590692-->chr12:38590691+ 18 1.35467147751
# chr12:38592422+->chr4:190908819+ 2 interchromosomal chr12:38592422+->chr12:38592426- 8 1.77027068074
# chr12:38593088-->chr4:190908474- 2 interchromosomal chr12:38593088-->chr12:38593087+ 10 2.70716536604
# chr12:38593266+->chr16:90158306- 2 interchromosomal chr12:38593266+->chr12:38593349- 3 1.85548192691
interval_neighbors found_discordant edges chr12	38392853	38603445	10 chr12	38392853	38603445	10
Interval extend start: chr13	28033699	28034291 0
chr13	28034291	28044291 0
chr13	28023699	28033699 4
# chr13:28033698-->chr14:88237829+ 156 interchromosomal chr13:28033698-->chr13:28033697+ 8 2.33737028374
# chr13:28033699-->chr12:38536700- 201 interchromosomal chr13:28033699-->chr13:28033698+ 20 2.33737028374
# chr13:28033699-->chr1:26456008+ 76 interchromosomal chr13:28033699-->chr13:28033698+ 20 2.33737028374
# chr13:28033699-->chr6:29272559+ 3 interchromosomal chr13:28033699-->chr13:28033698+ 20 2.33737028374
chr13	28013699	28023699 0
chr13	28134292	28144291 0
chr13	27913699	27923698 0
Interval extend: chr13	28033699	28034291 0 chr13	27923699	28134291
Interval extend start: chr19	23258743	23259335 0
chr19	23259335	23269335 0
chr19	23248743	23258743 3
# chr19:23258027+->chr12:38493472- 2 interchromosomal chr19:23258027+->chr19:23258048- 3 1.96160277629
# chr19:23258743-->chr12:38493990+ 5 interchromosomal chr19:23258743-->chr19:23258742+ 5 1.00356506239
# chr19:23258808+->chr7:64739205- 6 interchromosomal chr19:23258808+->chr19:23258830- 28 1.0
chr19	23238743	23248743 0
chr19	23259336	23269335 0
chr19	23238743	23248742 0
Interval extend: chr19	23258743	23259335 0 chr19	23248743	23259335
Interval extend start: chr7	64873752	64874345 0
chr7	64874345	64884345 2
# chr7:64874991-->chr19:28320139- 2 interchromosomal chr7:64874991-->chr7:64874990+ 4 1.14507773057
# chr7:64879410+->chr8:48232772+ 2 interchromosomal chr7:64879410+->chr7:64879413- 10 1.66492147644
chr7	64863752	64873752 1
# chr7:64873324-->chr19:28321869- 4 interchromosomal chr7:64873324-->chr7:64873323+ 12 1.02998236332
chr7	64884345	64894345 5
# chr7:64886263+->chr20:37304670- 2 interchromosomal chr7:64886263+->chr7:64886288- 13 1.23090279861
# chr7:64886452+->chr19:28314268+ 18 interchromosomal chr7:64886452+->chr7:64886457- 22 1.02816901408
# chr7:64887085+->chr19:23485585+ 5 interchromosomal chr7:64887085+->chr7:64887097- 8 1.00355871886
# chr7:64891080-->chr19:23482579- 3 interchromosomal chr7:64891080-->chr7:64891079+ 13 1.36678204325
# chr7:64891286+->chr19:23482127+ 9 interchromosomal chr7:64891286+->chr7:64891287- 13 1.69125220583
chr7	64894346	64904345 0
chr7	64863752	64873751 1
# chr7:64873324-->chr19:28321869- 4 interchromosomal chr7:64873324-->chr7:64873323+ 12 1.02998236332
Interval extend: chr7	64873752	64874345 0 chr7	64853752	64894345
Interval extend start: chrX	111473271	111473864 0
chrX	111473864	111483864 0
chrX	111463271	111473271 0
chrX	111473865	111483864 0
chrX	111463271	111473270 0
Interval extend: chrX	111473271	111473864 0 chrX	111473271	111473864
Interval extend start: chr19	23455471	23456064 0
chr19	23456064	23466064 1
# chr19:23455953-->chr19:23258757- 5 reverse chr19:23455953-->chr19:23455952+ 4 1.45344838966
chr19	23445471	23455471 0
chr19	23456065	23466064 0
chr19	23445471	23455470 0
Interval extend: chr19	23455471	23456064 0 chr19	23455471	23456064
Interval extend start: chr4	190922811	190923403 0
chr4	190923403	190933403 1
# chr4:190924072-->chr13:21816778- 9 interchromosomal chr4:190924072-->chr4:190924071+ 22 1.66050465546
chr4	190912811	190922811 3
# chr4:190914071-->chr3:197845643- 4 interchromosomal chr4:190914071-->chr4:190914070+ 22 1.7768459396
# chr4:190915305+->chr10:98296- 3 interchromosomal chr4:190915305+->chr4:190915385- 9 2.25084757966
# chr4:190915347+->chr3:197844280+ 5 interchromosomal chr4:190915347+->chr4:190915385- 11 2.28378390541
chr4	190902811	190912811 7
# chr4:190904669-->chr10:94002+ 2 interchromosomal chr4:190904669-->chr4:190904668+ 3 1.75767925256
# chr4:190907654+->chr9:141067834+ 2 interchromosomal chr4:190907654+->chr4:190907675- 23 2.57432459291
# chr4:190908440-->chr12:34322390+ 12 interchromosomal chr4:190908440-->chr4:190908439+ 76 1.48437503125
# chr4:190908474-->chr12:38593088- 2 interchromosomal chr4:190908474-->chr4:190908473+ 73 1.48437503125
# chr4:190908819+->chr12:38592422+ 2 interchromosomal chr4:190908819+->chr4:190908820- 60 2.08739499328
# chr4:190909762+->chr12:34323995- 3 interchromosomal chr4:190909762+->chr4:190909765- 12 1.74706900335
# chr4:190910453-->chr12:38590692- 3 interchromosomal chr4:190910453-->chr4:190910452+ 16 1.62583919295
chr4	190923404	190933403 1
# chr4:190924072-->chr13:21816778- 9 interchromosomal chr4:190924072-->chr4:190924071+ 22 1.66050465546
chr4	190892811	190902810 2
# chr4:190897185+->chr9:141081903+ 2 interchromosomal chr4:190897185+->chr4:190897189- 9 1.35551673205
# chr4:190898437+->chrY:9972082+ 2 interchromosomal chr4:190898437+->chr4:190898438- 52 1.44905036615
Interval extend: chr4	190922811	190923403 0 chr4	190902811	190923403
Interval extend start: chr14	63356537	63357130 0
chr14	63357130	63367130 1
# chr14:63357130+->chr12:38498375+ 3 interchromosomal chr14:63357130+->chr14:63357138- 9 2.23567941571
chr14	63346537	63356537 0
chr14	63357131	63367130 0
chr14	63346537	63356536 0
Interval extend: chr14	63356537	63357130 0 chr14	63356537	63357130
Interval extend start: chrX	118009908	118010500 0
chrX	118010500	118020500 0
chrX	117999908	118009908 1
# chrX:118009908-->chr12:38499569- 2 interchromosomal chrX:118009908-->chrX:118009907+ 7 1.0
chrX	118010501	118020500 0
chrX	117999908	118009907 0
Interval extend: chrX	118009908	118010500 0 chrX	118009908	118010500
Interval extend start: chr7	147798918	147799511 0
chr7	147799511	147809511 0
chr7	147788918	147798918 0
chr7	147799512	147809511 0
chr7	147788918	147798917 0
Interval extend: chr7	147798918	147799511 0 chr7	147798918	147799511
Interval extend start: chr16	90158306	90158898 0
chr16	90158898	90168898 0
chr16	90148306	90158306 1
# chr16:90158195-->chr12:34322180- 2 interchromosomal chr16:90158195-->chr16:90158194+ 19 2.71632385262
chr16	90158899	90168898 0
chr16	90148306	90158305 1
# chr16:90158195-->chr12:34322180- 2 interchromosomal chr16:90158195-->chr16:90158194+ 19 2.71632385262
Interval extend: chr16	90158306	90158898 0 chr16	90138306	90158898
Interval extend start: chr21	17253389	17253981 0
chr21	17253981	17263981 0
chr21	17243389	17253389 0
chr21	17253982	17263981 0
chr21	17243389	17253388 0
Interval extend: chr21	17253389	17253981 0 chr21	17253389	17253981
Interval extend start: chr9	141059975	141060567 0
chr9	141060567	141070567 2
# chr9:141065804+->chr19:55933193+ 2 interchromosomal None 2 2.61201324026
# chr9:141067834+->chr4:190907654+ 2 interchromosomal chr9:141067834+->chr9:141067835- 28 2.9582669679
chr9	141049975	141059975 0
chr9	141070567	141080567 0
chr9	141070568	141080567 0
chr9	141049975	141059974 0
Interval extend: chr9	141059975	141060567 0 chr9	141059975	141070567
Interval extend start: chr1	226723915	226724507 0
chr1	226724507	226734507 1
# chr1:226729867-->chr19:19935207- 2 interchromosomal chr1:226729867-->chr1:226729866+ 16 1.07355518739
chr1	226713915	226723915 1
# chr1:226723915-->chr12:38563815+ 2 interchromosomal chr1:226723915-->chr1:226723914+ 16 1.15972228472
chr1	226724508	226734507 1
# chr1:226729867-->chr19:19935207- 2 interchromosomal chr1:226729867-->chr1:226729866+ 16 1.07355518739
chr1	226713915	226723914 0
Interval extend: chr1	226723915	226724507 0 chr1	226723915	226724507
Interval extend start: chr5	98934553	98935146 0
chr5	98935146	98945146 0
chr5	98924553	98934553 0
chr5	98935147	98945146 0
chr5	98924553	98934552 0
Interval extend: chr5	98934553	98935146 0 chr5	98934553	98935146
Interval extend start: chr5	174335238	174335830 0
chr5	174335830	174345830 0
chr5	174325238	174335238 0
chr5	174335831	174345830 0
chr5	174325238	174335237 0
Interval extend: chr5	174335238	174335830 0 chr5	174335238	174335830
Interval extend start: chr11	99911242	99911835 0
chr11	99911835	99921835 0
chr11	99901242	99911242 0
chr11	99911836	99921835 0
chr11	99901242	99911241 0
Interval extend: chr11	99911242	99911835 0 chr11	99911242	99911835
chr4	190902811	190923403	4
chr7	64853752	64894345	8
chr9	141059975	141070567	2
chr13	27923699	28134291	295
chr16	90138306	90158898	2
chr19	23248743	23259335	10
-----------------------------------------------------------------
chr9	141059975	141070567	2 3
# chr9:141059975-->chr12:38583008+ 2 interchromosomal chr9:141059975-->chr9:141059974+ 9 2.15371718412
# chr9:141065804+->chr19:55933193+ 2 interchromosomal None 2 2.61201324026
# chr9:141067834+->chr4:190907654+ 2 interchromosomal chr9:141067834+->chr9:141067835- 28 2.9582669679
chr19	23248743	23259335	10 4
# chr19:23258027+->chr12:38493472- 2 interchromosomal chr19:23258027+->chr19:23258048- 3 1.96160277629
# chr19:23258743-->chr12:38493990+ 10 interchromosomal chr19:23258743-->chr19:23258742+ 5 1.00356506239
# chr19:23258757-->chr19:23455906- 6 reverse chr19:23258757-->chr19:23258756+ 16 1.00356506239
# chr19:23258823+->chr7:64739205- 17 interchromosomal chr19:23258823+->chr19:23258830- 28 1.0
========================================================
Interval hops chr13	27923699	28134291	295
Interval extend start: chr13	27923699	28134291	295 0
chr13	28134291	28144291 0
chr13	27913699	27923699 0
Interval extend: chr13	27923699	28134291	295 0 chr13	27923699	28134291	295
chr13	27923699	28134291	295 5
# chr13:28033698-->chr14:88237829+ 192 interchromosomal chr13:28033698-->chr13:28033697+ 8 2.33737028374
# chr13:28033699-->chr1:26456008+ 236 interchromosomal chr13:28033699-->chr13:28033698+ 20 2.33737028374
# chr13:28033699-->chr12:38536646- 295 interchromosomal chr13:28033699-->chr13:28033698+ 20 2.33737028374
# chr13:28033699-->chr6:29272559+ 3 interchromosomal chr13:28033699-->chr13:28033698+ 20 2.33737028374
# chr13:28034075+->chr6:37116264- 2 interchromosomal chr13:28034075+->chr13:28034090- 9 2.03125005208
interval_neighbors found_discordant edges chr13	27923699	28134291	295 chr13	27923699	28134291	295
Interval extend start: chr1	26455415	26456008 0
chr1	26456008	26466008 2
# chr1:26455927-->chr14:88237828+ 182 interchromosomal None 1 1.00713012478
# chr1:26456008+->chr13:28033699- 235 interchromosomal None 2 1.00711743772
chr1	26445415	26455415 0
chr1	26466008	26476008 0
chr1	26466009	26476008 0
chr1	26445415	26455414 0
Interval extend: chr1	26455415	26456008 0 chr1	26455415	26466008
Interval extend start: chr6	29271966	29272559 0
chr6	29272559	29282559 0
chr6	29261966	29271966 0
chr6	29272560	29282559 0
chr6	29261966	29271965 0
Interval extend: chr6	29271966	29272559 0 chr6	29271966	29272559
Interval extend start: chr6	37116264	37116856 0
chr6	37116856	37126856 0
chr6	37106264	37116264 6
# chr6:37116214-->chr13:26689599- 24 interchromosomal chr6:37116214-->chr6:37116213+ 4 2.56574400692
# chr6:37116214-->chrX:79238743- 88 interchromosomal chr6:37116214-->chr6:37116213+ 4 2.56574400692
# chr6:37116222-->chr2:77587667+ 2 interchromosomal chr6:37116222-->chr6:37116221+ 14 2.56574400692
# chr6:37116223-->chr3:116818318- 8 interchromosomal chr6:37116223-->chr6:37116222+ 14 2.56574400692
# chr6:37116227-->chr1:6263828+ 5 interchromosomal chr6:37116227-->chr6:37116226+ 12 2.56574400692
# chr6:37116378+->chr12:120735015- 16 interchromosomal chr6:37116378+->chr6:37116441- 4 1.750436363
chr6	37096264	37106264 0
chr6	37116857	37126856 0
chr6	37096264	37106263 0
Interval extend: chr6	37116264	37116856 0 chr6	37106264	37116856
chr1	26455415	26466008	236
chr6	37106264	37116856	2
-----------------------------------------------------------------
chr1	26455415	26466008	236 2
# chr1:26455927-->chr14:88237828+ 184 interchromosomal None 1 1.00713012478
# chr1:26456008+->chr13:28033699- 236 interchromosomal None 2 1.00711743772
chr6	37106264	37116856	2 7
# chr6:37116214-->chr13:26689599- 34 interchromosomal chr6:37116214-->chr6:37116213+ 4 2.56574400692
# chr6:37116214-->chrX:79238743- 125 interchromosomal chr6:37116214-->chr6:37116213+ 4 2.56574400692
# chr6:37116222-->chr2:77587667+ 2 interchromosomal chr6:37116222-->chr6:37116221+ 14 2.56574400692
# chr6:37116223-->chr3:116818318- 11 interchromosomal chr6:37116223-->chr6:37116222+ 14 2.56574400692
# chr6:37116227-->chr1:6263829+ 14 interchromosomal chr6:37116227-->chr6:37116226+ 12 2.56574400692
# chr6:37116264-->chr13:28034075+ 2 interchromosomal chr6:37116264-->chr6:37116263+ 15 2.45000006207
# chr6:37116378+->chr12:120735015- 19 interchromosomal chr6:37116378+->chr6:37116441- 4 1.750436363
========================================================
Interval hops chr1	26455415	26466008	236
Interval extend start: chr1	26455415	26466008	236 0
Interval extend: chr1	26455415	26466008	236 0 chr1	26455415	26466008	236
chr1	26455415	26466008	236 2
# chr1:26455927-->chr14:88237828+ 184 interchromosomal None 1 1.00713012478
# chr1:26456008+->chr13:28033699- 236 interchromosomal None 2 1.00711743772
interval_neighbors found_discordant edges chr1	26455415	26466008	236 chr1	26455415	26466008	236
-----------------------------------------------------------------
========================================================
Interval hops chr19	23248743	23259335	10
Interval extend start: chr19	23248743	23259335	10 0
Interval extend: chr19	23248743	23259335	10 0 chr19	23248743	23259335	10
chr19	23248743	23259335	10 4
# chr19:23258027+->chr12:38493472- 2 interchromosomal chr19:23258027+->chr19:23258048- 3 1.96160277629
# chr19:23258743-->chr12:38493990+ 10 interchromosomal chr19:23258743-->chr19:23258742+ 5 1.00356506239
# chr19:23258757-->chr19:23455906- 6 reverse chr19:23258757-->chr19:23258756+ 16 1.00356506239
# chr19:23258823+->chr7:64739205- 17 interchromosomal chr19:23258823+->chr19:23258830- 28 1.0
interval_neighbors found_discordant edges chr19	23248743	23259335	10 chr19	23248743	23259335	10
Interval extend start: chr7	64739205	64739797 0
chr7	64739797	64749797 6
# chr7:64744635-->chrX:56068466+ 3 interchromosomal chr7:64744635-->chr7:64744634+ 19 1.01069520321
# chr7:64744698+->chr9:30411214- 2 interchromosomal chr7:64744698+->chr7:64744701- 8 1.50680278742
# chr7:64744699+->chr4:67440557- 9 interchromosomal chr7:64744699+->chr7:64744701- 8 1.50510210714
# chr7:64744699+->chr5:140678331+ 6 interchromosomal chr7:64744699+->chr7:64744701- 8 1.50510210714
# chr7:64745559+->chr6:16571760- 3 interchromosomal chr7:64745559+->chr7:64745561- 22 1.00886524823
# chr7:64745559+->chr12:14558534- 5 interchromosomal chr7:64745559+->chr7:64745561- 22 1.00886524823
chr7	64729205	64739205 0
chr7	64749797	64759797 1
# chr7:64753761-->chr16:6115230- 4 interchromosomal chr7:64753761-->chr7:64753760+ 33 1.72711273944
chr7	64749798	64759797 1
# chr7:64753761-->chr16:6115230- 4 interchromosomal chr7:64753761-->chr7:64753760+ 33 1.72711273944
chr7	64729205	64739204 0
Interval extend: chr7	64739205	64739797 0 chr7	64739205	64749797
Interval extend start: chr19	23455906	23456498 0
chr19	23456498	23466498 0
chr19	23445906	23455906 0
chr19	23456499	23466498 0
chr19	23445906	23455905 0
Interval extend: chr19	23455906	23456498 0 chr19	23455906	23456498
chr7	64739205	64749797	17
-----------------------------------------------------------------
chr7	64739205	64749797	17 9
# chr7:64739205-->chr19:23258823+ 17 interchromosomal chr7:64739205-->chr7:64739204+ 7 1.64941576294
# chr7:64739283+->chr3:111105997+ 9 interchromosomal chr7:64739283+->chr7:64739284- 9 1.00533807829
# chr7:64739746+->chr6:78586273+ 7 interchromosomal chr7:64739746+->chr7:64739785- 30 1.64833340333
# chr7:64744635-->chrX:56068466+ 3 interchromosomal chr7:64744635-->chr7:64744634+ 19 1.01069520321
# chr7:64744698+->chr9:30411214- 2 interchromosomal chr7:64744698+->chr7:64744701- 8 1.50680278742
# chr7:64744699+->chr5:140678331+ 6 interchromosomal chr7:64744699+->chr7:64744701- 8 1.50510210714
# chr7:64744699+->chr4:67440557- 9 interchromosomal chr7:64744699+->chr7:64744701- 8 1.50510210714
# chr7:64745559+->chr6:16571760- 3 interchromosomal chr7:64745559+->chr7:64745561- 22 1.00886524823
# chr7:64745559+->chr12:14558534- 5 interchromosomal chr7:64745559+->chr7:64745561- 22 1.00886524823
========================================================
Interval hops chr7	64739205	64749797	17
Interval extend start: chr7	64739205	64749797	17 0
Interval extend: chr7	64739205	64749797	17 0 chr7	64739205	64749797	17
chr7	64739205	64749797	17 9
# chr7:64739205-->chr19:23258823+ 17 interchromosomal chr7:64739205-->chr7:64739204+ 7 1.64941576294
# chr7:64739283+->chr3:111105997+ 9 interchromosomal chr7:64739283+->chr7:64739284- 9 1.00533807829
# chr7:64739746+->chr6:78586273+ 7 interchromosomal chr7:64739746+->chr7:64739785- 30 1.64833340333
# chr7:64744635-->chrX:56068466+ 3 interchromosomal chr7:64744635-->chr7:64744634+ 19 1.01069520321
# chr7:64744698+->chr9:30411214- 2 interchromosomal chr7:64744698+->chr7:64744701- 8 1.50680278742
# chr7:64744699+->chr5:140678331+ 6 interchromosomal chr7:64744699+->chr7:64744701- 8 1.50510210714
# chr7:64744699+->chr4:67440557- 9 interchromosomal chr7:64744699+->chr7:64744701- 8 1.50510210714
# chr7:64745559+->chr6:16571760- 3 interchromosomal chr7:64745559+->chr7:64745561- 22 1.00886524823
# chr7:64745559+->chr12:14558534- 5 interchromosomal chr7:64745559+->chr7:64745561- 22 1.00886524823
interval_neighbors found_discordant edges chr7	64739205	64749797	17 chr7	64739205	64749797	17
Interval extend start: chr4	67440557	67441149 0
chr4	67441149	67451149 0
chr4	67430557	67440557 1
# chr4:67440557-->chr7:64744699+ 3 interchromosomal chr4:67440557-->chr4:67440556+ 14 1.14893617021
chr4	67441150	67451149 0
chr4	67430557	67440556 0
Interval extend: chr4	67440557	67441149 0 chr4	67440557	67441149
Interval extend start: chr3	111105404	111105997 0
chr3	111105997	111115997 0
chr3	111095404	111105404 0
chr3	111105998	111115997 0
chr3	111095404	111105403 0
Interval extend: chr3	111105404	111105997 0 chr3	111105404	111105997
Interval extend start: chr6	78585680	78586273 0
chr6	78586273	78596273 0
chr6	78575680	78585680 0
chr6	78586274	78596273 0
chr6	78575680	78585679 0
Interval extend: chr6	78585680	78586273 0 chr6	78585680	78586273
Interval extend start: chr5	140677738	140678331 0
chr5	140678331	140688331 1
# chr5:140678331+->chr7:64744699+ 4 interchromosomal chr5:140678331+->chr5:140678344- 5 1.17039593115
chr5	140667738	140677738 0
chr5	140678332	140688331 0
chr5	140667738	140677737 0
Interval extend: chr5	140677738	140678331 0 chr5	140677738	140678331
Interval extend start: chr12	14558534	14559126 0
chr12	14559126	14569126 0
chr12	14548534	14558534 1
# chr12:14558534-->chr7:64745547+ 3 interchromosomal chr12:14558534-->chr12:14558533+ 5 1.29129662522
chr12	14559127	14569126 0
chr12	14548534	14558533 0
Interval extend: chr12	14558534	14559126 0 chr12	14558534	14559126
Interval extend start: chr6	16571760	16572352 0
chr6	16572352	16582352 0
chr6	16561760	16571760 0
chr6	16572353	16582352 0
chr6	16561760	16571759 0
Interval extend: chr6	16571760	16572352 0 chr6	16571760	16572352
Interval extend start: chrX	56067873	56068466 0
chrX	56068466	56078466 1
# chrX:56068466+->chr7:64744635- 3 interchromosomal None 1 1.0
chrX	56057873	56067873 0
chrX	56068467	56078466 0
chrX	56057873	56067872 0
Interval extend: chrX	56067873	56068466 0 chrX	56067873	56068466
Interval extend start: chr9	30411214	30411806 0
chr9	30411806	30421806 0
chr9	30401214	30411214 1
# chr9:30411214-->chr7:64744698+ 2 interchromosomal chr9:30411214-->chr9:30411213+ 3 1.21043486087
chr9	30411807	30421806 0
chr9	30401214	30411213 0
Interval extend: chr9	30411214	30411806 0 chr9	30411214	30411806
-----------------------------------------------------------------
========================================================
Interval hops chr19	28301468	28342061	9
Interval extend start: chr19	28301468	28342061	9 0
chr19	28342062	28352061 0
chr19	28291468	28301467 6
# chr19:28299312-->chr1:7216055- 6 interchromosomal chr19:28299312-->chr19:28299311+ 10 1.15025909845
# chr19:28299812+->chr11:77109279+ 11 interchromosomal chr19:28299812+->chr19:28299817- 13 1.04720281818
# chr19:28299812+->chr5:8876331+ 2 interchromosomal chr19:28299812+->chr19:28299817- 13 1.04720281818
# chr19:28300720-->chr1:210152634+ 3 interchromosomal chr19:28300720-->chr19:28300719+ 5 1.98648657264
# chr19:28300902+->chr19:40766064+ 3 forward chr19:28300902+->chr19:28300922- 6 1.07732864675
# chr19:28301068-->chr19:28302508- 2 reverse chr19:28301068-->chr19:28301067+ 8 1.34429071453
Interval extend: chr19	28301468	28342061	9 0 chr19	28281468	28342061	9
chr19	28281468	28342061	9 39
# chr19:28299312-->chr1:7216055- 6 interchromosomal chr19:28299312-->chr19:28299311+ 10 1.15025909845
# chr19:28299812+->chr5:8876331+ 2 interchromosomal chr19:28299812+->chr19:28299817- 13 1.04720281818
# chr19:28299812+->chr11:77109279+ 11 interchromosomal chr19:28299812+->chr19:28299817- 13 1.04720281818
# chr19:28300720-->chr1:210152634+ 3 interchromosomal chr19:28300720-->chr19:28300719+ 5 1.98648657264
# chr19:28300902+->chr19:40766064+ 3 forward chr19:28300902+->chr19:28300922- 6 1.07732864675
# chr19:28301068-->chr19:28302508- 2 reverse chr19:28301068-->chr19:28301067+ 8 1.34429071453
# chr19:28302508-->chr19:28301068- 2 reverse chr19:28302508-->chr19:28302507+ 6 1.34020620103
# chr19:28303420-->chr1:247226903+ 3 interchromosomal chr19:28303420-->chr19:28303419+ 11 1.0
# chr19:28304837-->chr19:23477574+ 3 discordant chr19:28304837-->chr19:28304836+ 7 2.39649124912
# chr19:28305043+->chr19:28306531- 5 discordant chr19:28305043+->chr19:28305054- 8 1.0
# chr19:28306531-->chr19:28305043+ 5 discordant chr19:28306531-->chr19:28306530+ 3 1.33049407836
# chr19:28306531-->chr19:23632181+ 6 discordant chr19:28306531-->chr19:28306530+ 3 1.33049407836
# chr19:28306531-->chr19:23477942+ 8 discordant chr19:28306531-->chr19:28306530+ 3 1.33049407836
# chr19:28310232+->chr19:23481974- 2 everted None 0 1.0987654321
# chr19:28312238-->chr3:64100287- 4 interchromosomal chr19:28312238-->chr19:28312237+ 29 1.18974364615
# chr19:28312560+->chr10:74682971- 4 interchromosomal chr19:28312560+->chr19:28312598- 19 1.28862486418
# chr19:28312709-->chr10:74683078+ 2 interchromosomal chr19:28312709-->chr19:28312708+ 32 1.00888099467
# chr19:28313354+->chr19:23485428- 9 everted chr19:28313354+->chr19:28313367- 13 1.00886524823
# chr19:28314268+->chr7:64886452+ 18 interchromosomal chr19:28314268+->chr19:28314297- 8 1.00355871886
# chr19:28314861-->chr19:23486771+ 7 discordant chr19:28314861-->chr19:28314860+ 25 1.0
# chr19:28315365+->chr4:58038653- 3 interchromosomal chr19:28315365+->chr19:28315442- 5 1.0
# chr19:28315366+->chr10:73636436+ 2 interchromosomal chr19:28315366+->chr19:28315442- 5 1.0
# chr19:28320098-->chrX:54243624- 5 interchromosomal chr19:28320098-->chr19:28320097+ 19 1.46620455806
# chr19:28320139-->chr7:64874991- 2 interchromosomal chr19:28320139-->chr19:28320138+ 30 1.75517247586
# chr19:28320548+->chr12:38500794- 8 interchromosomal chr19:28320548+->chr19:28320588- 10 1.01418439716
# chr19:28321506-->chr12:38501470+ 3 interchromosomal chr19:28321506-->chr19:28321505+ 18 1.02645502646
# chr19:28321827-->chr12:38502133+ 6 interchromosomal chr19:28321827-->chr19:28321826+ 34 1.03185843363
# chr19:28321869-->chr7:64873324- 4 interchromosomal chr19:28321869-->chr19:28321868+ 33 1.03185843363
# chr19:28322033+->chr12:38502309- 12 interchromosomal chr19:28322033+->chr19:28322035- 14 1.0350877193
# chr19:28322061+->chr12:34399496+ 9 interchromosomal chr19:28322061+->chr19:28322062- 12 1.02987697715
# chr19:28323095-->chr12:38502999+ 3 interchromosomal chr19:28323095-->chr19:28323094+ 7 1.10657193606
# chr19:28323269+->chr19:28329095- 20 discordant chr19:28323269+->chr19:28323308- 5 2.12351961083
# chr19:28329095-->chr19:28323269+ 20 discordant chr19:28329095-->chr19:28329094+ 4 1.0
# chr19:28329108-->chr12:38503038+ 3 interchromosomal chr19:28329108-->chr19:28329107+ 3 1.0
# chr19:28338807-->chr4:448171- 2 interchromosomal chr19:28338807-->chr19:28338806+ 16 1.11403510877
# chr19:28339403-->chr18:29075826- 5 interchromosomal chr19:28339403-->chr19:28339402+ 13 1.25913049217
# chr19:28339472-->chr5:94594864- 8 interchromosomal chr19:28339472-->chr19:28339471+ 14 1.23867601568
# chr19:28339573+->chr4:22339118- 2 interchromosomal chr19:28339573+->chr19:28339578- 10 1.03546099291
# chr19:28339634+->chr5:94594987+ 11 interchromosomal chr19:28339634+->chr19:28339700- 6 1.03886925795
interval_neighbors found_discordant edges chr19	28301468	28342061	9 chr19	28281468	28342061	9
Interval extend start: chr11	77108686	77109279 0
chr11	77109279	77119279 2
# chr11:77109227-->chr5:8876331+ 5 interchromosomal chr11:77109227-->chr11:77109226+ 8 1.89368782226
# chr11:77109279+->chr19:28299812+ 10 interchromosomal chr11:77109279+->chr11:77109290- 8 1.43252607093
chr11	77098686	77108686 0
chr11	77119279	77129279 0
chr11	77119280	77129279 0
chr11	77098686	77108685 0
Interval extend: chr11	77108686	77109279 0 chr11	77108686	77119279
Interval extend start: chr5	94594394	94594987 0
chr5	94594987	94604987 4
# chr5:94594864-->chr19:28339472- 8 interchromosomal chr5:94594864-->chr5:94594863+ 17 1.09154934859
# chr5:94594987+->chr18:29075834- 6 interchromosomal chr5:94594987+->chr5:94594995- 9 1.40753434418
# chr5:94595684-->chr19:20954620- 3 interchromosomal chr5:94595684-->chr5:94595683+ 7 1.52461811375
# chr5:94595846+->chr17:42097109+ 4 interchromosomal chr5:94595846+->chr5:94595916- 4 1.38765024528
chr5	94584394	94594394 0
chr5	94604987	94614987 0
chr5	94604988	94614987 0
chr5	94584394	94594393 0
Interval extend: chr5	94594394	94594987 0 chr5	94594394	94604987
Interval extend start: chr19	23485428	23486020 0
chr19	23486020	23496020 1
# chr19:23486771+->chr19:28314861- 7 discordant chr19:23486771+->chr19:23486788- 14 1.0195035461
chr19	23475428	23485428 12
# chr19:23477414-->chr19:23632248+ 7 everted chr19:23477414-->chr19:23477413+ 21 1.12544169611
# chr19:23477493+->chr19:23632051- 2 discordant chr19:23477493+->chr19:23477509- 13 1.06890459364
# chr19:23477574+->chr19:28304837- 3 discordant chr19:23477574+->chr19:23477593- 14 1.06890459364
# chr19:23477942+->chr19:28306531- 8 discordant chr19:23477942+->chr19:23477955- 9 1.16021126761
# chr19:23477942+->chr5:40687425+ 5 interchromosomal chr19:23477942+->chr19:23477955- 9 1.16021126761
# chr19:23481974-->chr19:28310232+ 2 everted chr19:23481974-->chr19:23481973+ 12 2.60647370187
# chr19:23482127+->chr7:64891286+ 9 interchromosomal chr19:23482127+->chr19:23482189- 5 1.15008727051
# chr19:23482579-->chr7:64891080- 3 interchromosomal chr19:23482579-->chr19:23482578+ 28 1.98327768729
# chr19:23482591-->chr15:83916341+ 3 interchromosomal chr19:23482591-->chr19:23482590+ 28 1.95973163926
# chr19:23482823+->chr12:65169616+ 5 interchromosomal chr19:23482823+->chr19:23482845- 26 2.63237784148
# chr19:23483367-->chr15:52458140- 2 interchromosomal chr19:23483367-->chr19:23483366+ 36 1.3838384697
# chr19:23483679+->chr11:112304197- 4 interchromosomal chr19:23483679+->chr19:23483696- 10 1.68272445183
chr19	23465428	23475428 0
chr19	23486021	23496020 1
# chr19:23486771+->chr19:28314861- 7 discordant chr19:23486771+->chr19:23486788- 14 1.0195035461
chr19	23465428	23475427 0
Interval extend: chr19	23485428	23486020 0 chr19	23475428	23506020
Interval extend start: chr1	7216055	7216647 0
chr1	7216647	7226647 0
chr1	7206055	7216055 1
# chr1:7216055-->chr19:28299312- 6 interchromosomal None 2 1.60621765285
chr1	7216648	7226647 0
chr1	7206055	7216054 0
Interval extend: chr1	7216055	7216647 0 chr1	7216055	7216647
Interval extend start: chr19	23631588	23632181 0
chr19	23632181	23642181 3
# chr19:23632051-->chr19:23477493+ 2 discordant chr19:23632051-->chr19:23632050+ 12 1.1592920354
# chr19:23632181+->chr19:28306531- 4 discordant chr19:23632181+->chr19:23632190- 15 1.07394366197
# chr19:23632248+->chr19:23477730- 5 everted chr19:23632248+->chr19:23632251- 15 1.1230228471
chr19	23621588	23631588 0
chr19	23642181	23652181 4
# chr19:23648632-->chr19:23505602+ 2 discordant chr19:23648632-->chr19:23648631+ 7 1.0
# chr19:23649360+->chr19:23650070- 5 discordant chr19:23649360+->chr19:23649362- 13 1.0
# chr19:23650070-->chr19:23649360+ 5 discordant chr19:23650070-->chr19:23650069+ 3 1.0
# chr19:23651018+->chr19:23505743- 5 everted chr19:23651018+->chr19:23651039- 3 1.0
chr19	23652182	23662181 0
chr19	23621588	23631587 0
Interval extend: chr19	23631588	23632181 0 chr19	23631588	23652181
Interval extend start: chr18	29075826	29076418 0
chr18	29076418	29086418 0
chr18	29065826	29075826 10
# chr18:29074339-->chrY:19514944+ 5 interchromosomal chr18:29074339-->chr18:29074338+ 14 1.50167798826
# chr18:29074352-->chr17:42099204- 5 interchromosomal chr18:29074352-->chr18:29074351+ 14 1.49411778319
# chr18:29074493+->chr19:19936115- 3 interchromosomal chr18:29074493+->chr18:29074503- 43 1.32764515358
# chr18:29074606-->chr1:157400681+ 2 interchromosomal chr18:29074606-->chr18:29074605+ 38 1.48299334014
# chr18:29074655+->chrX:4692620+ 4 interchromosomal chr18:29074655+->chr18:29074660- 27 1.46610182712
# chr18:29074980-->chrX:4692462- 3 interchromosomal chr18:29074980-->chr18:29074979+ 13 1.3403142199
# chr18:29074980-->chr4:447178+ 2 interchromosomal chr18:29074980-->chr18:29074979+ 13 1.3403142199
# chr18:29075244+->chr5:94594491- 13 interchromosomal chr18:29075244+->chr18:29075256- 9 1.48217331749
# chr18:29075826-->chr19:28339403- 2 interchromosomal chr18:29075826-->chr18:29075825+ 13 1.17271168567
# chr18:29075972+->chr4:448104- 5 interchromosomal chr18:29075972+->chr18:29075979- 11 1.1148409894
chr18	29055826	29065826 0
chr18	29076419	29086418 0
chr18	29055826	29065825 0
Interval extend: chr18	29075826	29076418 0 chr18	29065826	29076418
Interval extend start: chrX	54243624	54244216 0
chrX	54244216	54254216 0
chrX	54233624	54243624 1
# chrX:54243624-->chr19:28320153- 2 interchromosomal None 2 1.0
chrX	54244217	54254216 0
chrX	54233624	54243623 0
Interval extend: chrX	54243624	54244216 0 chrX	54243624	54244216
Interval extend start: chr3	64100287	64100879 0
chr3	64100879	64110879 0
chr3	64090287	64100287 0
chr3	64100880	64110879 0
chr3	64090287	64100286 0
Interval extend: chr3	64100287	64100879 0 chr3	64100287	64100879
Interval extend start: chr10	74682971	74683563 0
chr10	74683563	74693563 0
chr10	74672971	74682971 0
chr10	74683564	74693563 0
chr10	74672971	74682970 0
Interval extend: chr10	74682971	74683563 0 chr10	74682971	74683563
Interval extend start: chr1	210152041	210152634 0
chr1	210152634	210162634 1
# chr1:210152634+->chr19:28300720- 2 interchromosomal chr1:210152634+->chr1:210152637- 16 2.99176296046
chr1	210142041	210152041 0
chr1	210152635	210162634 0
chr1	210142041	210152040 0
Interval extend: chr1	210152041	210152634 0 chr1	210152041	210152634
Interval extend start: chr19	40765471	40766064 0
chr19	40766064	40776064 1
# chr19:40766064+->chr19:28300902+ 3 forward chr19:40766064+->chr19:40766098- 6 2.20981398646
chr19	40755471	40765471 0
chr19	40766065	40776064 0
chr19	40755471	40765470 0
Interval extend: chr19	40765471	40766064 0 chr19	40765471	40766064
Interval extend start: chr1	247226310	247226903 0
chr1	247226903	247236903 0
chr1	247216310	247226310 0
chr1	247226904	247236903 0
chr1	247216310	247226309 0
Interval extend: chr1	247226310	247226903 0 chr1	247226310	247226903
Interval extend start: chr4	58038653	58039245 0
chr4	58039245	58049245 0
chr4	58028653	58038653 1
# chr4:58038653-->chr19:28315365+ 3 interchromosomal chr4:58038653-->chr4:58038652+ 4 4.214776689
chr4	58039246	58049245 0
chr4	58028653	58038652 0
Interval extend: chr4	58038653	58039245 0 chr4	58038653	58039245
Interval extend start: chr19	28301068	28301660 0
chr19	28301661	28311660 8
# chr19:28302508-->chr19:28301068- 2 reverse chr19:28302508-->chr19:28302507+ 6 1.34020620103
# chr19:28303420-->chr1:247226903+ 3 interchromosomal chr19:28303420-->chr19:28303419+ 11 1.0
# chr19:28304837-->chr19:23477574+ 3 discordant chr19:28304837-->chr19:28304836+ 7 2.39649124912
# chr19:28305043+->chr19:28306531- 5 discordant chr19:28305043+->chr19:28305054- 8 1.0
# chr19:28306531-->chr19:28305043+ 5 discordant chr19:28306531-->chr19:28306530+ 3 1.33049407836
# chr19:28306531-->chr19:23632181+ 6 discordant chr19:28306531-->chr19:28306530+ 3 1.33049407836
# chr19:28306531-->chr19:23477942+ 8 discordant chr19:28306531-->chr19:28306530+ 3 1.33049407836
# chr19:28310232+->chr19:23481974- 2 everted None 0 1.0987654321
chr19	28291068	28301067 5
# chr19:28299312-->chr1:7216055- 6 interchromosomal chr19:28299312-->chr19:28299311+ 10 1.15025909845
# chr19:28299812+->chr11:77109279+ 11 interchromosomal chr19:28299812+->chr19:28299817- 13 1.04720281818
# chr19:28299812+->chr5:8876331+ 2 interchromosomal chr19:28299812+->chr19:28299817- 13 1.04720281818
# chr19:28300720-->chr1:210152634+ 3 interchromosomal chr19:28300720-->chr19:28300719+ 5 1.98648657264
# chr19:28300902+->chr19:40766064+ 3 forward chr19:28300902+->chr19:28300922- 6 1.07732864675
Interval extend: chr19	28301068	28301660 0 chr19	28281068	28321660
Interval extend start: chr10	74682485	74683078 0
chr10	74683078	74693078 2
# chr10:74682971-->chr19:28312560+ 4 interchromosomal chr10:74682971-->chr10:74682970+ 8 1.05281690141
# chr10:74683078+->chr19:28312709- 2 interchromosomal chr10:74683078+->chr10:74683091- 11 1.85570480369
chr10	74672485	74682485 0
chr10	74693078	74703078 0
chr10	74693079	74703078 0
chr10	74672485	74682484 0
Interval extend: chr10	74682485	74683078 0 chr10	74682485	74693078
Interval extend start: chr4	448171	448763 0
chr4	448763	458763 0
chr4	438171	448171 8
# chr4:445628-->chr19:9357169+ 2 interchromosomal chr4:445628-->chr4:445627+ 4 1.28793114828
# chr4:445802+->chr19:19935197- 6 interchromosomal chr4:445802+->chr4:445834- 11 1.18245619298
# chr4:447011-->chr19:19936271+ 4 interchromosomal chr4:447011-->chr4:447010+ 8 1.11327435752
# chr4:447052-->chrX:4692464- 4 interchromosomal chr4:447052-->chr4:447051+ 7 1.11327435752
# chr4:447178+->chr18:29074980- 2 interchromosomal chr4:447178+->chr4:447207- 11 1.14059757118
# chr4:447770-->chr2:117477804+ 9 interchromosomal chr4:447770-->chr4:447769+ 10 1.07705783538
# chr4:448084-->chr18:29075983+ 10 interchromosomal chr4:448084-->chr4:448083+ 22 1.59121635811
# chr4:448320+->chr1:157402605- 8 interchromosomal chr4:448320+->chr4:448330- 14 1.06842108421
chr4	428171	438171 0
chr4	448764	458763 0
chr4	428171	438170 0
Interval extend: chr4	448171	448763 0 chr4	438171	448763
Interval extend start: chr10	73635843	73636436 0
chr10	73636436	73646436 0
chr10	73625843	73635843 0
chr10	73636437	73646436 0
chr10	73625843	73635842 0
Interval extend: chr10	73635843	73636436 0 chr10	73635843	73636436
Interval extend start: chr5	8875738	8876331 0
chr5	8876331	8886331 2
# chr5:8876331+->chr11:77109227- 5 interchromosomal chr5:8876331+->chr5:8876362- 8 1.08947374737
# chr5:8876331+->chr19:28299812+ 2 interchromosomal chr5:8876331+->chr5:8876362- 8 1.08947374737
chr5	8865738	8875738 0
chr5	8886331	8896331 0
chr5	8886332	8896331 0
chr5	8865738	8875737 0
Interval extend: chr5	8875738	8876331 0 chr5	8875738	8886331
Interval extend start: chr4	22339118	22339710 0
chr4	22339710	22349710 1
# chr4:22341010+->chr19:9357182+ 2 interchromosomal chr4:22341010+->chr4:22341068- 6 1.37221282161
chr4	22329118	22339118 1
# chr4:22339266+->chr5:94594696+ 6 interchromosomal chr4:22339266+->chr4:22339274- 8 1.13588852787
chr4	22339711	22349710 1
# chr4:22341010+->chr19:9357182+ 2 interchromosomal chr4:22341010+->chr4:22341068- 6 1.37221282161
chr4	22329118	22339117 0
Interval extend: chr4	22339118	22339710 0 chr4	22339118	22359710
chr4	438171	448763	2
chr4	22339118	22359710	2
chr5	8875738	8886331	2
chr5	94594394	94604987	11
chr10	74682485	74693078	2
chr11	77108686	77119279	11
chr18	29065826	29076418	5
chr19	23475428	23506020	9
chr19	23631588	23652181	6
chr19	28281068	28321660	2
-----------------------------------------------------------------
chr4	438171	448763	2 10
# chr4:445628-->chr19:9357169+ 2 interchromosomal chr4:445628-->chr4:445627+ 4 1.28793114828
# chr4:445802+->chr19:19935197- 6 interchromosomal chr4:445802+->chr4:445834- 11 1.18245619298
# chr4:447011-->chr19:19936271+ 4 interchromosomal chr4:447011-->chr4:447010+ 8 1.11327435752
# chr4:447052-->chrX:4692464- 4 interchromosomal chr4:447052-->chr4:447051+ 7 1.11327435752
# chr4:447178+->chr18:29074980- 2 interchromosomal chr4:447178+->chr4:447207- 11 1.14059757118
# chr4:447770-->chr2:117477804+ 9 interchromosomal chr4:447770-->chr4:447769+ 10 1.07705783538
# chr4:448084-->chr18:29075983+ 10 interchromosomal chr4:448084-->chr4:448083+ 22 1.59121635811
# chr4:448171-->chr19:28338807- 2 interchromosomal chr4:448171-->chr4:448170+ 12 1.72529328811
# chr4:448281-->chr19:20954620- 5 interchromosomal chr4:448281-->chr4:448280+ 9 1.71212133838
# chr4:448320+->chr1:157402605- 8 interchromosomal chr4:448320+->chr4:448330- 14 1.06842108421
chr5	8875738	8886331	2 2
# chr5:8876331+->chr11:77109227- 5 interchromosomal chr5:8876331+->chr5:8876362- 8 1.08947374737
# chr5:8876331+->chr19:28299812+ 2 interchromosomal chr5:8876331+->chr5:8876362- 8 1.08947374737
chr5	94594394	94604987	11 8
# chr5:94594491-->chr18:29075244+ 13 interchromosomal chr5:94594491-->chr5:94594490+ 10 1.40823337393
# chr5:94594696+->chr4:22339266+ 6 interchromosomal chr5:94594696+->chr5:94594702- 24 1.2834783287
# chr5:94594715+->chr19:28339634+ 9 interchromosomal chr5:94594715+->chr5:94594742- 23 1.28819451215
# chr5:94594864-->chr19:28339472- 8 interchromosomal chr5:94594864-->chr5:94594863+ 17 1.09154934859
# chr5:94594987+->chr18:29075834- 6 interchromosomal chr5:94594987+->chr5:94594995- 9 1.40753434418
# chr5:94594987+->chr19:28339112+ 2 interchromosomal chr5:94594987+->chr5:94594995- 9 1.40753434418
# chr5:94595684-->chr19:20954620- 3 interchromosomal chr5:94595684-->chr5:94595683+ 7 1.52461811375
# chr5:94595846+->chr17:42097109+ 4 interchromosomal chr5:94595846+->chr5:94595916- 4 1.38765024528
chr10	74682485	74693078	2 2
# chr10:74682971-->chr19:28312560+ 4 interchromosomal chr10:74682971-->chr10:74682970+ 8 1.05281690141
# chr10:74683078+->chr19:28312709- 2 interchromosomal chr10:74683078+->chr10:74683091- 11 1.85570480369
chr11	77108686	77119279	11 2
# chr11:77109227-->chr5:8876331+ 5 interchromosomal chr11:77109227-->chr11:77109226+ 8 1.89368782226
# chr11:77109279+->chr19:28299812+ 11 interchromosomal chr11:77109279+->chr11:77109290- 8 1.43252607093
chr18	29065826	29076418	5 11
# chr18:29074339-->chrY:19514944+ 5 interchromosomal chr18:29074339-->chr18:29074338+ 14 1.50167798826
# chr18:29074352-->chr17:42099204- 5 interchromosomal chr18:29074352-->chr18:29074351+ 14 1.49411778319
# chr18:29074493+->chr19:19936115- 3 interchromosomal chr18:29074493+->chr18:29074503- 43 1.32764515358
# chr18:29074606-->chr1:157400681+ 2 interchromosomal chr18:29074606-->chr18:29074605+ 38 1.48299334014
# chr18:29074655+->chrX:4692620+ 4 interchromosomal chr18:29074655+->chr18:29074660- 27 1.46610182712
# chr18:29074980-->chrX:4692462- 3 interchromosomal chr18:29074980-->chr18:29074979+ 13 1.3403142199
# chr18:29074980-->chr4:447178+ 2 interchromosomal chr18:29074980-->chr18:29074979+ 13 1.3403142199
# chr18:29075244+->chr5:94594491- 13 interchromosomal chr18:29075244+->chr18:29075256- 9 1.48217331749
# chr18:29075826-->chr19:28339403- 5 interchromosomal chr18:29075826-->chr18:29075825+ 13 1.17271168567
# chr18:29075834-->chr5:94594987+ 6 interchromosomal chr18:29075834-->chr18:29075833+ 14 1.17271168567
# chr18:29075983+->chr4:448084- 10 interchromosomal chr18:29075983+->chr18:29076014- 9 1.14762743761
========================================================
Interval hops chr5	94594394	94604987	11
Interval extend start: chr5	94594394	94604987	11 0
Interval extend: chr5	94594394	94604987	11 0 chr5	94594394	94604987	11
chr5	94594394	94604987	11 8
# chr5:94594491-->chr18:29075244+ 13 interchromosomal chr5:94594491-->chr5:94594490+ 10 1.40823337393
# chr5:94594696+->chr4:22339266+ 6 interchromosomal chr5:94594696+->chr5:94594702- 24 1.2834783287
# chr5:94594715+->chr19:28339634+ 9 interchromosomal chr5:94594715+->chr5:94594742- 23 1.28819451215
# chr5:94594864-->chr19:28339472- 8 interchromosomal chr5:94594864-->chr5:94594863+ 17 1.09154934859
# chr5:94594987+->chr18:29075834- 6 interchromosomal chr5:94594987+->chr5:94594995- 9 1.40753434418
# chr5:94594987+->chr19:28339112+ 2 interchromosomal chr5:94594987+->chr5:94594995- 9 1.40753434418
# chr5:94595684-->chr19:20954620- 3 interchromosomal chr5:94595684-->chr5:94595683+ 7 1.52461811375
# chr5:94595846+->chr17:42097109+ 4 interchromosomal chr5:94595846+->chr5:94595916- 4 1.38765024528
interval_neighbors found_discordant edges chr5	94594394	94604987	11 chr5	94594394	94604987	11
Interval extend start: chr17	42096516	42097109 0
chr17	42097109	42107109 8
# chr17:42098721-->chrY:19515676- 4 interchromosomal chr17:42098721-->chr17:42098720+ 25 1.52233692955
# chr17:42098890+->chrY:19515550+ 2 interchromosomal chr17:42098890+->chr17:42098971- 6 1.35726510598
# chr17:42098914+->chrX:4692459- 3 interchromosomal chr17:42098914+->chr17:42098971- 7 1.41367539829
# chr17:42099204-->chr18:29074352- 5 interchromosomal None 2 1.35628238038
# chr17:42099326+->chr19:20750953+ 2 interchromosomal chr17:42099326+->chr17:42099341- 9 1.54467371478
# chr17:42099770-->chr1:157399927- 4 interchromosomal chr17:42099770-->chr17:42099769+ 23 1.26506032874
# chr17:42099989+->chrX:152622642+ 2 interchromosomal chr17:42099989+->chr17:42099991- 33 1.31122460714
# chr17:42100004+->chr17:42096492- 2 everted chr17:42100004+->chr17:42100007- 32 1.32879057751
chr17	42086516	42096516 1
# chr17:42096492-->chr17:42100004+ 2 everted chr17:42096492-->chr17:42096491+ 7 2.14214084448
chr17	42107109	42117109 0
chr17	42107110	42117109 0
chr17	42086516	42096515 1
# chr17:42096492-->chr17:42100004+ 2 everted chr17:42096492-->chr17:42096491+ 7 2.14214084448
Interval extend: chr17	42096516	42097109 0 chr17	42076516	42107109
Interval extend start: chr19	20954620	20955212 0
chr19	20955212	20965212 0
chr19	20944620	20954620 1
# chr19:20954620-->chr4:448281- 2 interchromosomal chr19:20954620-->chr19:20954619+ 5 1.545454741
chr19	20955213	20965212 0
chr19	20944620	20954619 0
Interval extend: chr19	20954620	20955212 0 chr19	20954620	20955212
chr17	42076516	42107109	4
-----------------------------------------------------------------
========================================================
Interval hops chr11	77108686	77119279	11
Interval extend start: chr11	77108686	77119279	11 0
Interval extend: chr11	77108686	77119279	11 0 chr11	77108686	77119279	11
chr11	77108686	77119279	11 2
# chr11:77109227-->chr5:8876331+ 5 interchromosomal chr11:77109227-->chr11:77109226+ 8 1.89368782226
# chr11:77109279+->chr19:28299812+ 11 interchromosomal chr11:77109279+->chr11:77109290- 8 1.43252607093
interval_neighbors found_discordant edges chr11	77108686	77119279	11 chr11	77108686	77119279	11
-----------------------------------------------------------------
========================================================
IntervalHops chr1	26455415	26466008
IntervalHops chr5	94594394	94604987
IntervalHops chr7	64739205	64749797
IntervalHops chr11	77108686	77119279
IntervalHops chr12	34386996	34413582
IntervalHops chr12	34419001	34560000
IntervalHops chr12	38392853	38603445
IntervalHops chr13	27923699	28134291
IntervalHops chr19	23248743	23259335
IntervalHops chr19	28301468	28342061
