Interval extend start: chr7	152588001	159138663	5.8342	ZL009041.amp.bed 0
chr7	159138663	159138663 0
chr7	152578001	152588001 0
chr7	159138663	159138664 0
chr7	152578001	152588000 0
Interval extend: chr7	152588001	159138663	5.8342	ZL009041.amp.bed 0 chr7	152588001	159138663	5.8342	ZL009041.amp.bed
Interval hops chr7	152588001	159138663	5.8342	ZL009041.amp.bed
Interval extend start: chr7	152588001	159138663	5.8342	ZL009041.amp.bed 0
Interval extend: chr7	152588001	159138663	5.8342	ZL009041.amp.bed 0 chr7	152588001	159138663	5.8342	ZL009041.amp.bed
chr7	152588001	159138663	5.8342	ZL009041.amp.bed 65
# chr7:153310137+->chr7:153310817- 6 discordant None 0 1.0
# chr7:153310817-->chr7:153310137+ 6 discordant None 0 1.0
# chr7:153521442-->chr7:153522842- 2 reverse chr7:153521442-->chr7:153521441+ 4 1.80704712081
# chr7:153522842-->chr7:153521442- 2 reverse chr7:153522842-->chr7:153522841+ 6 1.24781854625
# chr7:153663653-->chr7:149831246- 2 reverse chr7:153663653-->chr7:153663652+ 9 1.88275865172
# chr7:153755973-->chr7:153757866+ 2 everted chr7:153755973-->chr7:153755972+ 11 1.95622908754
# chr7:153757215+->chr7:149731044+ 7 forward chr7:153757215+->chr7:153757263- 11 2.80102078061
# chr7:153757866+->chr7:153755973- 2 everted chr7:153757866+->chr7:153757922- 12 3.15789490954
# chr7:153760697-->chr7:149730693- 5 reverse chr7:153760697-->chr7:153760696+ 6 1.36777583187
# chr7:153790545-->chr7:149700249- 7 reverse None 0 1.54058722971
# chr7:154153822+->chr7:154155070- 10 discordant None 0 1.0
# chr7:154155070-->chr7:154153822+ 10 discordant None 1 2.64141428283
# chr7:154391991+->chr7:154399758- 7 discordant None 0 2.20618558763
# chr7:154399758-->chr7:154391991+ 7 discordant None 1 3.49427181342
# chr7:154876552-->chr7:154880626+ 2 everted chr7:154876552-->chr7:154876551+ 13 1.0
# chr7:154876998+->chr7:154880627- 7 discordant chr7:154876998+->chr7:154877009- 13 1.0
# chr7:154880626+->chr7:154876552- 2 everted chr7:154880626+->chr7:154880668- 7 1.09591474245
# chr7:154880627-->chr7:154876998+ 7 discordant chr7:154880627-->chr7:154880626+ 7 2.22110573869
# chr7:154941736+->chr7:154942244- 2 discordant chr7:154941736+->chr7:154941757- 3 1.56140354561
# chr7:154942244-->chr7:154941736+ 2 discordant chr7:154942244-->chr7:154942243+ 3 1.95811527225
# chr7:154943393-->chr7:151768139- 4 reverse chr7:154943393-->chr7:154943392+ 3 1.7706897431
# chr7:155112740-->chr7:155114078- 2 reverse chr7:155112740-->chr7:155112739+ 7 1.52513000867
# chr7:155114078-->chr7:155112740- 2 reverse chr7:155114078-->chr7:155114077+ 10 1.0
# chr7:155409448+->chr7:155410266- 2 discordant chr7:155409448+->chr7:155409495- 4 3.57807336379
# chr7:155410266-->chr7:155409448+ 2 discordant chr7:155410266-->chr7:155410265+ 8 2.08571438151
# chr7:155726702+->chr7:155727276- 6 discordant None 0 1.06878309524
# chr7:155727276-->chr7:155726702+ 6 discordant chr7:155727276-->chr7:155727275+ 4 1.65540582095
# chr7:155948010+->chr7:155948552- 2 discordant chr7:155948010+->chr7:155948025- 6 4.63957616254
# chr7:155948552-->chr7:155948010+ 2 discordant chr7:155948552-->chr7:155948551+ 5 1.38407097168
# chr7:156875801-->chr14:88064932- 2 interchromosomal chr7:156875801-->chr7:156875800+ 13 1.84176206688
# chr7:157254076-->chr10:98561408- 3 interchromosomal chr7:157254076-->chr7:157254075+ 17 2.49344276557
# chr7:157254078-->chr10:98175531+ 2 interchromosomal chr7:157254078-->chr7:157254077+ 17 2.48032801148
# chr7:157733489+->chr7:157734033- 8 discordant None 2 1.00533807829
# chr7:157734033-->chr7:157733489+ 8 discordant chr7:157734033-->chr7:157734032+ 4 1.0
# chr7:158029481+->chr7:158030448- 6 discordant chr7:158029481+->chr7:158029509- 8 1.0
# chr7:158030448-->chr7:158029481+ 6 discordant chr7:158030448-->chr7:158030447+ 4 1.0
# chr7:158046760+->chr7:158047292- 7 discordant chr7:158046760+->chr7:158046868- 3 1.60070076708
# chr7:158047292-->chr7:158046760+ 7 discordant chr7:158047292-->chr7:158047291+ 3 1.54448398577
# chr7:158123912+->chr7:158128995- 3 discordant chr7:158123912+->chr7:158123919- 14 2.77551033163
# chr7:158126395+->chr7:158129738- 3 discordant chr7:158126395+->chr7:158126434- 7 2.42689109412
# chr7:158126595+->chr7:158133138- 3 discordant chr7:158126595+->chr7:158126626- 3 2.29629654882
# chr7:158127173-->chr7:158134074+ 3 everted chr7:158127173-->chr7:158127172+ 12 2.87123780936
# chr7:158127176-->chr7:158130308+ 2 everted chr7:158127176-->chr7:158127175+ 11 2.87102214238
# chr7:158127344+->chr7:158133862- 5 discordant chr7:158127344+->chr7:158127392- 8 3.0693075099
# chr7:158128954-->chr7:158133714+ 2 everted chr7:158128954-->chr7:158128953+ 3 2.75462228235
# chr7:158128995-->chr7:158123912+ 3 discordant chr7:158128995-->chr7:158128994+ 5 2.51342320638
# chr7:158129738-->chr7:158126395+ 3 discordant chr7:158129738-->chr7:158129737+ 28 2.33668350754
# chr7:158130308+->chr7:158127176- 2 everted chr7:158130308+->chr7:158130312- 13 2.42809373579
# chr7:158130405+->chr7:158133864- 8 discordant chr7:158130405+->chr7:158130411- 10 2.39666675667
# chr7:158133138-->chr7:158126595+ 3 discordant chr7:158133138-->chr7:158133137+ 7 2.62479150419
# chr7:158133714+->chr7:158128954- 2 everted chr7:158133714+->chr7:158133730- 5 2.63272202337
# chr7:158133862-->chr7:158127344+ 5 discordant chr7:158133862-->chr7:158133861+ 12 2.76413598869
# chr7:158133864-->chr7:158130405+ 8 discordant chr7:158133864-->chr7:158133863+ 12 2.75444292569
# chr7:158134074+->chr7:158127173- 3 everted chr7:158134074+->chr7:158134094- 14 2.68019540909
# chr7:158359091-->chr7:158359442- 2 reverse chr7:158359091-->chr7:158359090+ 9 2.00509352632
# chr7:158359442-->chr7:158359091- 2 reverse chr7:158359442-->chr7:158359441+ 5 1.90068502911
# chr7:158387925-->chr14:100394447+ 2 interchromosomal chr7:158387925-->chr7:158387924+ 10 1.1348512014
# chr7:158387978+->chr14:100394345- 3 interchromosomal chr7:158387978+->chr7:158388007- 11 1.90725138111
# chr7:158460413+->chr7:158461027- 2 discordant chr7:158460413+->chr7:158460458- 3 2.14310107325
# chr7:158461027-->chr7:158460413+ 2 discordant chr7:158461027-->chr7:158461026+ 17 1.31118883217
# chr7:158500749+->chr7:158504761- 9 discordant chr7:158500749+->chr7:158500838- 5 1.06866197183
# chr7:158504761-->chr7:158500749+ 9 discordant None 2 1.24242425312
# chr7:158510361-->chr2:4499995+ 3 interchromosomal chr7:158510361-->chr7:158510360+ 6 1.62458478239
# chr7:158708131-->chr7:158710005+ 2 everted chr7:158708131-->chr7:158708130+ 45 2.98474602712
# chr7:158710005+->chr7:158708131- 2 everted chr7:158710005+->chr7:158710007- 5 3.62010243952
interval_neighbors found_discordant edges chr7	152588001	159138663	5.8342	ZL009041.amp.bed chr7	152588001	159138663	5.8342	ZL009041.amp.bed
Interval extend start: chr7	149730451	149731044 0
chr7	149731044	149741044 6
# chr7:149735928+->chr7:149736955- 4 discordant chr7:149735928+->chr7:149735946- 5 3.12331120608
# chr7:149736128-->chr7:149739084+ 4 everted chr7:149736128-->chr7:149736127+ 5 2.47483247651
# chr7:149736906+->chr7:149739406- 4 discordant chr7:149736906+->chr7:149736919- 6 2.81031657904
# chr7:149736955-->chr7:149735928+ 4 discordant chr7:149736955-->chr7:149736954+ 7 2.96592862351
# chr7:149739084+->chr7:149736128- 4 everted chr7:149739084+->chr7:149739204- 4 2.73762396535
# chr7:149739406-->chr7:149736906+ 4 discordant None 2 3.45719207363
chr7	149720451	149730451 0
chr7	149741044	149751044 0
chr7	149741045	149751044 0
chr7	149720451	149730450 0
Interval extend: chr7	149730451	149731044 0 chr7	149730451	149741044
Interval extend start: chr7	149700249	149700841 0
chr7	149700841	149710841 0
chr7	149690249	149700249 0
chr7	149700842	149710841 0
chr7	149690249	149700248 0
Interval extend: chr7	149700249	149700841 0 chr7	149700249	149700841
Interval extend start: chr7	151768139	151768731 0
chr7	151768731	151778731 0
chr7	151758139	151768139 0
chr7	151768732	151778731 0
chr7	151758139	151768138 0
Interval extend: chr7	151768139	151768731 0 chr7	151768139	151768731
Interval extend start: chr2	4499402	4499995 0
chr2	4499995	4509995 0
chr2	4489402	4499402 0
chr2	4499996	4509995 0
chr2	4489402	4499401 0
Interval extend: chr2	4499402	4499995 0 chr2	4499402	4499995
Interval extend start: chr14	100394345	100394937 0
chr14	100394937	100404937 0
chr14	100384345	100394345 1
# chr14:100394345-->chr7:158387978+ 2 interchromosomal chr14:100394345-->chr14:100394344+ 60 2.23529418824
chr14	100394938	100404937 0
chr14	100384345	100394344 0
Interval extend: chr14	100394345	100394937 0 chr14	100394345	100394937
Interval extend start: chr10	98561408	98562000 0
chr10	98562000	98572000 0
chr10	98551408	98561408 7
# chr10:98561329-->chr5:32370483+ 5 interchromosomal chr10:98561329-->chr10:98561328+ 24 1.20998287091
# chr10:98561333-->chr7:67113178+ 3 interchromosomal chr10:98561333-->chr10:98561332+ 187 1.20998287091
# chr10:98561408-->chr7:157254076- 2 interchromosomal chr10:98561408-->chr10:98561407+ 428 1.17128031315
# chr10:98561496+->chr22:38506050- 2 interchromosomal chr10:98561496+->chr10:98561497- 15 1.15743951384
# chr10:98561496+->chr2:123358248- 7 interchromosomal chr10:98561496+->chr10:98561497- 15 1.15743951384
# chr10:98561509+->chr22:25489839+ 4 interchromosomal chr10:98561509+->chr10:98561512- 12 1.15743951384
# chr10:98561544+->chr18:19792106- 13 interchromosomal chr10:98561544+->chr10:98561548- 3 1.15743951384
chr10	98541408	98551408 0
chr10	98662001	98672000 0
chr10	98441408	98451407 0
Interval extend: chr10	98561408	98562000 0 chr10	98451408	98662000
Interval extend start: chr7	149831246	149831838 0
chr7	149831838	149841838 0
chr7	149821246	149831246 0
chr7	149831839	149841838 0
chr7	149821246	149831245 0
Interval extend: chr7	149831246	149831838 0 chr7	149831246	149831838
Interval extend start: chr14	100393854	100394447 0
chr14	100394447	100404447 1
# chr14:100394345-->chr7:158387978+ 2 interchromosomal chr14:100394345-->chr14:100394344+ 60 2.23529418824
chr14	100383854	100393854 0
chr14	100394448	100404447 0
chr14	100383854	100393853 0
Interval extend: chr14	100393854	100394447 0 chr14	100393854	100394447
Interval extend start: chr14	88064932	88065524 0
chr14	88065524	88075524 0
chr14	88054932	88064932 0
chr14	88065525	88075524 0
chr14	88054932	88064931 0
Interval extend: chr14	88064932	88065524 0 chr14	88064932	88065524
Interval extend start: chr10	98174938	98175531 0
chr10	98175531	98185531 1
# chr10:98175531+->chr7:157254078- 2 interchromosomal None 2 1.18584070796
chr10	98164938	98174938 0
chr10	98175532	98185531 0
chr10	98164938	98174937 0
Interval extend: chr10	98174938	98175531 0 chr10	98174938	98175531
chr7	149730451	149741044	7
chr10	98451408	98662000	3
-----------------------------------------------------------------
chr7	149730451	149741044	7 8
# chr7:149730693-->chr7:153760697- 5 reverse chr7:149730693-->chr7:149730692+ 8 2.18686885859
# chr7:149731044+->chr7:153757215+ 7 forward chr7:149731044+->chr7:149731069- 8 1.86971246362
# chr7:149735928+->chr7:149736955- 4 discordant chr7:149735928+->chr7:149735946- 5 3.12331120608
# chr7:149736128-->chr7:149739084+ 4 everted chr7:149736128-->chr7:149736127+ 5 2.47483247651
# chr7:149736906+->chr7:149739406- 4 discordant chr7:149736906+->chr7:149736919- 6 2.81031657904
# chr7:149736955-->chr7:149735928+ 4 discordant chr7:149736955-->chr7:149736954+ 7 2.96592862351
# chr7:149739084+->chr7:149736128- 4 everted chr7:149739084+->chr7:149739204- 4 2.73762396535
# chr7:149739406-->chr7:149736906+ 4 discordant None 2 3.45719207363
========================================================
Interval hops chr7	149730451	149741044	7
Interval extend start: chr7	149730451	149741044	7 0
Interval extend: chr7	149730451	149741044	7 0 chr7	149730451	149741044	7
chr7	149730451	149741044	7 8
# chr7:149730693-->chr7:153760697- 5 reverse chr7:149730693-->chr7:149730692+ 8 2.18686885859
# chr7:149731044+->chr7:153757215+ 7 forward chr7:149731044+->chr7:149731069- 8 1.86971246362
# chr7:149735928+->chr7:149736955- 4 discordant chr7:149735928+->chr7:149735946- 5 3.12331120608
# chr7:149736128-->chr7:149739084+ 4 everted chr7:149736128-->chr7:149736127+ 5 2.47483247651
# chr7:149736906+->chr7:149739406- 4 discordant chr7:149736906+->chr7:149736919- 6 2.81031657904
# chr7:149736955-->chr7:149735928+ 4 discordant chr7:149736955-->chr7:149736954+ 7 2.96592862351
# chr7:149739084+->chr7:149736128- 4 everted chr7:149739084+->chr7:149739204- 4 2.73762396535
# chr7:149739406-->chr7:149736906+ 4 discordant None 2 3.45719207363
interval_neighbors found_discordant edges chr7	149730451	149741044	7 chr7	149730451	149741044	7
-----------------------------------------------------------------
========================================================
Interval hops chr10	98451408	98662000	3
Interval extend start: chr10	98451408	98662000	3 0
chr10	98662000	98672000 0
chr10	98441408	98451408 0
Interval extend: chr10	98451408	98662000	3 0 chr10	98451408	98662000	3
chr10	98451408	98662000	3 9
# chr10:98561329-->chr5:32370483+ 7 interchromosomal chr10:98561329-->chr10:98561328+ 24 1.20998287091
# chr10:98561333-->chr7:67113178+ 3 interchromosomal chr10:98561333-->chr10:98561332+ 187 1.20998287091
# chr10:98561408-->chr7:157254076- 3 interchromosomal chr10:98561408-->chr10:98561407+ 428 1.17128031315
# chr10:98561496+->chr2:123358248- 30 interchromosomal chr10:98561496+->chr10:98561497- 15 1.15743951384
# chr10:98561496+->chr22:38506050- 4 interchromosomal chr10:98561496+->chr10:98561497- 15 1.15743951384
# chr10:98561509+->chr22:25489839+ 4 interchromosomal chr10:98561509+->chr10:98561512- 12 1.15743951384
# chr10:98561544+->chr18:19792106- 20 interchromosomal chr10:98561544+->chr10:98561548- 3 1.15743951384
# chr10:98561544+->chr4:120724137- 2 interchromosomal chr10:98561544+->chr10:98561548- 3 1.15743951384
# chr10:98561548+->chr4:40340896+ 2 interchromosomal chr10:98561548+->chr10:98561549- 3 1.15743951384
interval_neighbors found_discordant edges chr10	98451408	98662000	3 chr10	98451408	98662000	3
Interval extend start: chr2	123358248	123358840 0
chr2	123358840	123368840 0
chr2	123348248	123358248 1
# chr2:123358248-->chr10:98561496+ 30 interchromosomal chr2:123358248-->chr2:123358247+ 6 1.12169313228
chr2	123358841	123368840 0
chr2	123348248	123358247 0
Interval extend: chr2	123358248	123358840 0 chr2	123358248	123358840
Interval extend start: chr18	19792106	19792698 0
chr18	19792698	19802698 0
chr18	19782106	19792106 1
# chr18:19792106-->chr10:98561544+ 2 interchromosomal None 1 1.90924666267
chr18	19792699	19802698 0
chr18	19782106	19792105 1
# chr18:19792106-->chr10:98561544+ 2 interchromosomal None 1 1.90924666267
Interval extend: chr18	19792106	19792698 0 chr18	19772106	19792698
Interval extend start: chr5	32369890	32370483 0
chr5	32370483	32380483 0
chr5	32359890	32369890 0
chr5	32370484	32380483 0
chr5	32359890	32369889 0
Interval extend: chr5	32369890	32370483 0 chr5	32369890	32370483
Interval extend start: chr22	38506050	38506642 0
chr22	38506642	38516642 0
chr22	38496050	38506050 0
chr22	38506643	38516642 0
chr22	38496050	38506049 0
Interval extend: chr22	38506050	38506642 0 chr22	38506050	38506642
Interval extend start: chr22	25489246	25489839 0
chr22	25489839	25499839 0
chr22	25479246	25489246 0
chr22	25489840	25499839 0
chr22	25479246	25489245 0
Interval extend: chr22	25489246	25489839 0 chr22	25489246	25489839
Interval extend start: chr7	67112585	67113178 0
chr7	67113178	67123178 0
chr7	67102585	67112585 0
chr7	67113179	67123178 0
chr7	67102585	67112584 0
Interval extend: chr7	67112585	67113178 0 chr7	67112585	67113178
Interval extend start: chr4	120724137	120724729 0
chr4	120724729	120734729 0
chr4	120714137	120724137 0
chr4	120724730	120734729 0
chr4	120714137	120724136 0
Interval extend: chr4	120724137	120724729 0 chr4	120724137	120724729
Interval extend start: chr4	40340303	40340896 0
chr4	40340896	40350896 1
# chr4:40340896+->chr10:98561548+ 2 interchromosomal chr4:40340896+->chr4:40340923- 9 1.0754386386
chr4	40330303	40340303 0
chr4	40340897	40350896 0
chr4	40330303	40340302 0
Interval extend: chr4	40340303	40340896 0 chr4	40340303	40340896
chr18	19772106	19792698	20
-----------------------------------------------------------------
========================================================
Interval hops chr18	19772106	19792698	20
Interval extend start: chr18	19772106	19792698	20 0
chr18	19762106	19772106 0
chr18	19762106	19772105 0
Interval extend: chr18	19772106	19792698	20 0 chr18	19772106	19792698	20
chr18	19772106	19792698	20 2
# chr18:19792106-->chr10:98561544+ 20 interchromosomal None 1 1.90924666267
# chr18:19792172+->chr14:84864498- 3 interchromosomal None 1 1.20598593662
interval_neighbors found_discordant edges chr18	19772106	19792698	20 chr18	19772106	19792698	20
Interval extend start: chr14	84864498	84865090 0
chr14	84865090	84875090 0
chr14	84854498	84864498 0
chr14	84865091	84875090 0
chr14	84854498	84864497 0
Interval extend: chr14	84864498	84865090 0 chr14	84864498	84865090
-----------------------------------------------------------------
========================================================
IntervalHops chr7	149730451	149741044
IntervalHops chr7	152588001	159138663
IntervalHops chr10	98451408	98662000
IntervalHops chr18	19772106	19792698
