Interval extend start: chr7	77614001	97603000	6.053	ZL009041.amp.bed 0
chr7	97603000	97613000 0
chr7	77604001	77614001 0
chr7	97603001	97613000 0
chr7	77604001	77614000 0
Interval extend: chr7	77614001	97603000	6.053	ZL009041.amp.bed 0 chr7	77614001	97603000	6.053	ZL009041.amp.bed
Interval hops chr7	77614001	97603000	6.053	ZL009041.amp.bed
Interval extend start: chr7	77614001	97603000	6.053	ZL009041.amp.bed 0
Interval extend: chr7	77614001	97603000	6.053	ZL009041.amp.bed 0 chr7	77614001	97603000	6.053	ZL009041.amp.bed
chr7	77614001	97603000	6.053	ZL009041.amp.bed 35
# chr7:77716788-->chr7:77716788- 3 reverse chr7:77716788-->chr7:77716787+ 9 1.0
# chr7:78641317+->chr7:78642036- 2 discordant chr7:78641317+->chr7:78641328- 11 1.38365898046
# chr7:78642036-->chr7:78641317+ 2 discordant chr7:78642036-->chr7:78642035+ 5 1.0
# chr7:80801657+->chr5:58988350+ 3 interchromosomal chr7:80801657+->chr7:80801666- 5 1.07787610619
# chr7:80802102-->chr5:58988179- 3 interchromosomal chr7:80802102-->chr7:80802101+ 7 1.12084063047
# chr7:81441510+->chr7:81442493- 3 discordant chr7:81441510+->chr7:81441525- 6 1.04456327986
# chr7:81442493-->chr7:81441510+ 3 discordant chr7:81442493-->chr7:81442492+ 11 1.66666667692
# chr7:83089918+->chr4:88843882- 2 interchromosomal chr7:83089918+->chr7:83089942- 5 3.44615389231
# chr7:83090023-->chr4:88844040+ 3 interchromosomal chr7:83090023-->chr7:83090022+ 8 2.77288161525
# chr7:83946003+->chr7:83946003+ 2 forward chr7:83946003+->chr7:83946024- 8 1.14564831261
# chr7:84893881+->chr7:84893881+ 2 forward chr7:84893881+->chr7:84893969- 6 1.51724141034
# chr7:87429096+->chr7:87429600- 2 discordant chr7:87429096+->chr7:87429158- 6 1.76480839373
# chr7:87429600-->chr7:87429096+ 2 discordant chr7:87429600-->chr7:87429599+ 10 1.41095895548
# chr7:87458874+->chr15:76777933+ 2 interchromosomal chr7:87458874+->chr7:87458878- 8 1.92385791878
# chr7:88516539-->chr7:88518948+ 4 everted chr7:88516539-->chr7:88516538+ 6 1.79187821827
# chr7:88516541-->chr12:5788613- 2 interchromosomal chr7:88516541-->chr7:88516540+ 8 1.78849412352
# chr7:88516564+->chr7:88518857- 4 discordant chr7:88516564+->chr7:88516579- 7 1.56315792105
# chr7:88518857-->chr7:88516564+ 4 discordant chr7:88518857-->chr7:88518856+ 6 1.28522345533
# chr7:88518948+->chr7:88516539- 4 everted chr7:88518948+->chr7:88519052- 7 1.53078214476
# chr7:91031082+->chr7:91042584- 4 discordant chr7:91031082+->chr7:91031117- 5 1.71403822704
# chr7:91042584-->chr7:91031082+ 4 discordant chr7:91042584-->chr7:91042583+ 8 1.07992895204
# chr7:91110926+->chr7:91137213+ 4 forward chr7:91110926+->chr7:91110934- 14 4.3620690069
# chr7:91112026+->chr11:74830433+ 2 interchromosomal chr7:91112026+->chr7:91112057- 8 3.43611586371
# chr7:91137213+->chr7:91110926+ 4 forward None 2 3.89261769631
# chr7:93034602+->chr2:15088044- 2 interchromosomal chr7:93034602+->chr7:93034608- 3 1.25649919064
# chr7:93146714-->chr6:24812045+ 3 interchromosomal chr7:93146714-->chr7:93146713+ 6 1.00891265597
# chr7:93541815+->chr7:93542539- 10 discordant None 0 1.54736842105
# chr7:93542539-->chr7:93541815+ 10 discordant None 0 1.0
# chr7:93873268+->chr7:93873953- 2 discordant chr7:93873268+->chr7:93873368- 6 1.12765957447
# chr7:93873953-->chr7:93873268+ 2 discordant chr7:93873953-->chr7:93873952+ 11 1.0
# chr7:96049636-->chr7:96050611- 2 reverse chr7:96049636-->chr7:96049635+ 9 1.08734402852
# chr7:96050611-->chr7:96049636- 2 reverse chr7:96050611-->chr7:96050610+ 5 1.0
# chr7:96475900+->chr7:96481994- 9 discordant None 0 1.0
# chr7:96475901-->chr3:38626137- 2 interchromosomal None 0 4.77659574468
# chr7:96481994-->chr7:96475900+ 9 discordant None 0 1.02296820848
interval_neighbors found_discordant edges chr7	77614001	97603000	6.053	ZL009041.amp.bed chr7	77614001	97603000	6.053	ZL009041.amp.bed
Interval extend start: chr5	58988179	58988771 0
chr5	58988771	58998771 0
chr5	58978179	58988179 1
# chr5:58988312+->chr7:80801657+ 2 interchromosomal chr5:58988312+->chr5:58988338- 10 1.1523642732
chr5	58988772	58998771 0
chr5	58978179	58988178 1
# chr5:58988312+->chr7:80801657+ 2 interchromosomal chr5:58988312+->chr5:58988338- 10 1.1523642732
Interval extend: chr5	58988179	58988771 0 chr5	58988179	58988771
Interval extend start: chr4	88843447	88844040 0
chr4	88844040	88854040 2
# chr4:88844040+->chr7:83090023- 3 interchromosomal chr4:88844040+->chr4:88844041- 10 3.73083494719
# chr4:88847163-->chr4:88858699- 12 reverse None 0 1.0
chr4	88833447	88843447 0
chr4	88854040	88864040 1
# chr4:88858699-->chr4:88847163- 12 reverse None 0 1.0
chr4	88854041	88864040 1
# chr4:88858699-->chr4:88847163- 12 reverse None 0 1.0
chr4	88833447	88843446 0
Interval extend: chr4	88843447	88844040 0 chr4	88843447	88854040
Interval extend start: chr6	24811452	24812045 0
chr6	24812045	24822045 2
# chr6:24812045+->chr7:93146714- 3 interchromosomal None 0 3.04674463439
# chr6:24817950-->chr6:24811886+ 2 discordant None 2 2.18927981742
chr6	24801452	24811452 0
chr6	24822045	24832045 0
chr6	24822046	24832045 0
chr6	24801452	24811451 0
Interval extend: chr6	24811452	24812045 0 chr6	24811452	24822045
Interval extend start: chr5	58987757	58988350 0
chr5	58988350	58998350 0
chr5	58977757	58987757 0
chr5	58988351	58998350 0
chr5	58977757	58987756 0
Interval extend: chr5	58987757	58988350 0 chr5	58987757	58988350
Interval extend start: chr12	5788613	5789205 0
chr12	5789205	5799205 0
chr12	5778613	5788613 0
chr12	5789206	5799205 0
chr12	5778613	5788612 0
Interval extend: chr12	5788613	5789205 0 chr12	5788613	5789205
Interval extend start: chr3	38626137	38626729 0
chr3	38626729	38636729 0
chr3	38616137	38626137 0
chr3	38626730	38636729 0
chr3	38616137	38626136 0
Interval extend: chr3	38626137	38626729 0 chr3	38626137	38626729
Interval extend start: chr11	74829840	74830433 0
chr11	74830433	74840433 0
chr11	74819840	74829840 0
chr11	74830434	74840433 0
chr11	74819840	74829839 0
Interval extend: chr11	74829840	74830433 0 chr11	74829840	74830433
Interval extend start: chr15	76777340	76777933 0
chr15	76777933	76787933 1
# chr15:76777933+->chr7:87458874+ 2 interchromosomal chr15:76777933+->chr15:76777941- 5 1.57166406425
chr15	76767340	76777340 0
chr15	76777934	76787933 0
chr15	76767340	76777339 0
Interval extend: chr15	76777340	76777933 0 chr15	76777340	76777933
Interval extend start: chr2	15088044	15088636 0
chr2	15088636	15098636 0
chr2	15078044	15088044 0
chr2	15088637	15098636 0
chr2	15078044	15088043 0
Interval extend: chr2	15088044	15088636 0 chr2	15088044	15088636
chr4	88843447	88854040	3
chr6	24811452	24822045	3
-----------------------------------------------------------------
chr4	88843447	88854040	3 3
# chr4:88843882-->chr7:83089918+ 2 interchromosomal None 2 3.54931990646
# chr4:88844040+->chr7:83090023- 3 interchromosomal chr4:88844040+->chr4:88844041- 10 3.73083494719
# chr4:88847163-->chr4:88858699- 12 reverse None 0 1.0
chr6	24811452	24822045	3 3
# chr6:24811886+->chr6:24817950- 2 discordant None 0 2.60168072269
# chr6:24812045+->chr7:93146714- 3 interchromosomal None 0 3.04674463439
# chr6:24817950-->chr6:24811886+ 2 discordant None 2 2.18927981742
========================================================
Interval hops chr4	88843447	88854040	3
Interval extend start: chr4	88843447	88854040	3 0
Interval extend: chr4	88843447	88854040	3 0 chr4	88843447	88854040	3
chr4	88843447	88854040	3 3
# chr4:88843882-->chr7:83089918+ 2 interchromosomal None 2 3.54931990646
# chr4:88844040+->chr7:83090023- 3 interchromosomal chr4:88844040+->chr4:88844041- 10 3.73083494719
# chr4:88847163-->chr4:88858699- 12 reverse None 0 1.0
interval_neighbors found_discordant edges chr4	88843447	88854040	3 chr4	88843447	88854040	3
Interval extend start: chr4	88858699	88859291 0
chr4	88859291	88869291 0
chr4	88848699	88858699 1
# chr4:88858699-->chr4:88847163- 3 reverse None 0 1.0
chr4	88859292	88869291 0
chr4	88848699	88858698 0
Interval extend: chr4	88858699	88859291 0 chr4	88858699	88859291
-----------------------------------------------------------------
========================================================
Interval hops chr6	24811452	24822045	3
Interval extend start: chr6	24811452	24822045	3 0
Interval extend: chr6	24811452	24822045	3 0 chr6	24811452	24822045	3
chr6	24811452	24822045	3 3
# chr6:24811886+->chr6:24817950- 2 discordant None 0 2.60168072269
# chr6:24812045+->chr7:93146714- 3 interchromosomal None 0 3.04674463439
# chr6:24817950-->chr6:24811886+ 2 discordant None 2 2.18927981742
interval_neighbors found_discordant edges chr6	24811452	24822045	3 chr6	24811452	24822045	3
-----------------------------------------------------------------
========================================================
IntervalHops chr4	88843447	88854040
IntervalHops chr6	24811452	24822045
IntervalHops chr7	77614001	97603000
