Interval extend start: chr7	40335001	44529000	6.8804	ZL009041.amp.bed 0
chr7	44529000	44539000 0
chr7	40325001	40335001 0
chr7	44529001	44539000 0
chr7	40325001	40335000 0
Interval extend: chr7	40335001	44529000	6.8804	ZL009041.amp.bed 0 chr7	40335001	44529000	6.8804	ZL009041.amp.bed
Interval hops chr7	40335001	44529000	6.8804	ZL009041.amp.bed
Interval extend start: chr7	40335001	44529000	6.8804	ZL009041.amp.bed 0
Interval extend: chr7	40335001	44529000	6.8804	ZL009041.amp.bed 0 chr7	40335001	44529000	6.8804	ZL009041.amp.bed
chr7	40335001	44529000	6.8804	ZL009041.amp.bed 9
# chr7:40879374+->chr7:40880469+ 3 forward chr7:40879374+->chr7:40879398- 4 1.13937287456
# chr7:40879375-->chr7:40880469- 2 reverse chr7:40879375-->chr7:40879374+ 4 1.0
# chr7:40880469-->chr7:40879375- 2 reverse chr7:40880469-->chr7:40880468+ 4 1.0
# chr7:40880469+->chr7:40879374+ 3 forward chr7:40880469+->chr7:40880491- 4 1.01245551601
# chr7:42241270-->chr7:42241270- 4 reverse chr7:42241270-->chr7:42241269+ 7 2.86837615043
# chr7:44013918-->chr7:102267249+ 2 everted None 2 2.76116973024
# chr7:44018588+->chr7:102271953- 2 discordant chr7:44018588+->chr7:44018613- 7 2.37521692771
# chr7:44294375-->chr21:44756968+ 2 interchromosomal chr7:44294375-->chr7:44294374+ 3 1.0
# chr7:44368152+->chr8:142723845- 3 interchromosomal chr7:44368152+->chr7:44368193- 9 1.0
interval_neighbors found_discordant edges chr7	40335001	44529000	6.8804	ZL009041.amp.bed chr7	40335001	44529000	6.8804	ZL009041.amp.bed
Interval extend start: chr8	142723845	142724437 0
chr8	142724437	142734437 0
chr8	142713845	142723845 2
# chr8:142723756-->chr19:55777853- 3 interchromosomal chr8:142723756-->chr8:142723755+ 8 2.69613311879
# chr8:142723816-->chr20:60957343+ 2 interchromosomal chr8:142723816-->chr8:142723815+ 13 2.43892091051
chr8	142703845	142713845 0
chr8	142724438	142734437 0
chr8	142703845	142713844 0
Interval extend: chr8	142723845	142724437 0 chr8	142713845	142724437
Interval extend start: chr7	102266656	102267249 0
chr7	102267249	102277249 1
# chr7:102271953-->chr7:44018588+ 2 discordant chr7:102271953-->chr7:102271952+ 8 2.99660520374
chr7	102256656	102266656 0
chr7	102267250	102277249 1
# chr7:102271953-->chr7:44018588+ 2 discordant chr7:102271953-->chr7:102271952+ 8 2.99660520374
chr7	102256656	102266655 0
Interval extend: chr7	102266656	102267249 0 chr7	102266656	102267249
Interval extend start: chr7	102271953	102272545 0
chr7	102272545	102282545 0
chr7	102261953	102271953 1
# chr7:102267249+->chr7:44013918- 2 everted chr7:102267249+->chr7:102267319- 3 2.87372146246
chr7	102272546	102282545 0
chr7	102261953	102271952 1
# chr7:102267249+->chr7:44013918- 2 everted chr7:102267249+->chr7:102267319- 3 2.87372146246
Interval extend: chr7	102271953	102272545 0 chr7	102271953	102272545
Interval extend start: chr21	44756375	44756968 0
chr21	44756968	44766968 1
# chr21:44756968+->chr7:44294375- 2 interchromosomal chr21:44756968+->chr21:44757029- 16 2.81679414962
chr21	44746375	44756375 0
chr21	44756969	44766968 0
chr21	44746375	44756374 0
Interval extend: chr21	44756375	44756968 0 chr21	44756375	44756968
chr8	142713845	142724437	3
-----------------------------------------------------------------
chr8	142713845	142724437	3 3
# chr8:142723756-->chr19:55777853- 3 interchromosomal chr8:142723756-->chr8:142723755+ 8 2.69613311879
# chr8:142723816-->chr20:60957343+ 2 interchromosomal chr8:142723816-->chr8:142723815+ 13 2.43892091051
# chr8:142723845-->chr7:44368152+ 3 interchromosomal chr8:142723845-->chr8:142723844+ 13 2.33042254876
========================================================
Interval hops chr8	142713845	142724437	3
Interval extend start: chr8	142713845	142724437	3 0
Interval extend: chr8	142713845	142724437	3 0 chr8	142713845	142724437	3
chr8	142713845	142724437	3 3
# chr8:142723756-->chr19:55777853- 3 interchromosomal chr8:142723756-->chr8:142723755+ 8 2.69613311879
# chr8:142723816-->chr20:60957343+ 2 interchromosomal chr8:142723816-->chr8:142723815+ 13 2.43892091051
# chr8:142723845-->chr7:44368152+ 3 interchromosomal chr8:142723845-->chr8:142723844+ 13 2.33042254876
interval_neighbors found_discordant edges chr8	142713845	142724437	3 chr8	142713845	142724437	3
Interval extend start: chr19	55777853	55778445 0
chr19	55778445	55788445 0
chr19	55767853	55777853 0
chr19	55778446	55788445 0
chr19	55767853	55777852 0
Interval extend: chr19	55777853	55778445 0 chr19	55777853	55778445
Interval extend start: chr20	60956750	60957343 0
chr20	60957343	60967343 0
chr20	60946750	60956750 0
chr20	60957344	60967343 0
chr20	60946750	60956749 0
Interval extend: chr20	60956750	60957343 0 chr20	60956750	60957343
-----------------------------------------------------------------
========================================================
IntervalHops chr7	40335001	44529000
IntervalHops chr8	142713845	142724437
