Interval extend start: chr1	151665001	153524000	6.1129	ZL009041.amp.bed 0
chr1	153524000	153534000 0
chr1	151655001	151665001 0
chr1	153524001	153534000 0
chr1	151655001	151665000 0
Interval extend: chr1	151665001	153524000	6.1129	ZL009041.amp.bed 0 chr1	151665001	153524000	6.1129	ZL009041.amp.bed
Interval hops chr1	151665001	153524000	6.1129	ZL009041.amp.bed
Interval extend start: chr1	151665001	153524000	6.1129	ZL009041.amp.bed 0
Interval extend: chr1	151665001	153524000	6.1129	ZL009041.amp.bed 0 chr1	151665001	153524000	6.1129	ZL009041.amp.bed
chr1	151665001	153524000	6.1129	ZL009041.amp.bed 9
# chr1:152276691-->chr1:152282125+ 9 everted None 2 2.37542692321
# chr1:152280911+->chr1:152281930- 2 discordant chr1:152280911+->chr1:152280926- 8 1.92893419289
# chr1:152281930-->chr1:152280911+ 2 discordant chr1:152281930-->chr1:152281929+ 6 1.59272116811
# chr1:152282125+->chr1:152276691- 9 everted chr1:152282125+->chr1:152282137- 8 1.93493165069
# chr1:152555503+->chr1:152587756- 6 discordant None 0 1.0
# chr1:152587756-->chr1:152555503+ 6 discordant None 1 4.09122212392
# chr1:153059999-->chr2:123060927+ 2 interchromosomal chr1:153059999-->chr1:153059998+ 12 1.58516035413
# chr1:153089800-->chr1:153089975- 3 reverse chr1:153089800-->chr1:153089799+ 12 1.0
# chr1:153089975-->chr1:153089800- 3 reverse chr1:153089975-->chr1:153089974+ 6 1.0
interval_neighbors found_discordant edges chr1	151665001	153524000	6.1129	ZL009041.amp.bed chr1	151665001	153524000	6.1129	ZL009041.amp.bed
Interval extend start: chr2	123060334	123060927 0
chr2	123060927	123070927 0
chr2	123050334	123060334 0
chr2	123060928	123070927 0
chr2	123050334	123060333 0
Interval extend: chr2	123060334	123060927 0 chr2	123060334	123060927
-----------------------------------------------------------------
========================================================
IntervalHops chr1	151665001	153524000
