Interval extend start: chr7	1	4302000	6.0865	ZL009041.amp.bed 0
chr7	1	1 0
chr7	4302000	4312000 0
chr7	4302001	4312000 0
chr7	0	0 0
Interval extend: chr7	1	4302000	6.0865	ZL009041.amp.bed 0 chr7	1	4302000	6.0865	ZL009041.amp.bed
Interval hops chr7	1	4302000	6.0865	ZL009041.amp.bed
Interval extend start: chr7	1	4302000	6.0865	ZL009041.amp.bed 0
Interval extend: chr7	1	4302000	6.0865	ZL009041.amp.bed 0 chr7	1	4302000	6.0865	ZL009041.amp.bed
chr7	1	4302000	6.0865	ZL009041.amp.bed 18
# chr7:224256+->chr7:225933- 4 discordant chr7:224256+->chr7:224309- 3 1.45342708612
# chr7:225933-->chr7:224256+ 4 discordant chr7:225933-->chr7:225932+ 6 1.128113879
# chr7:607020-->chr1:4827638+ 3 interchromosomal chr7:607020-->chr7:607019+ 6 1.3075602921
# chr7:628608-->chr16:87244071+ 3 interchromosomal None 0 1.0
# chr7:682385+->chr8:127865466- 2 interchromosomal chr7:682385+->chr7:682407- 8 2.88495576283
# chr7:1185077+->chr7:1187686- 2 discordant None 2 1.92385792386
# chr7:1187686-->chr7:1185077+ 2 discordant chr7:1187686-->chr7:1187685+ 5 1.08672566372
# chr7:1334389+->chr7:1334950- 2 discordant None 2 1.0
# chr7:1334950-->chr7:1334389+ 2 discordant None 1 1.45847770588
# chr7:1623212-->chr1:242143781+ 2 interchromosomal chr7:1623212-->chr7:1623211+ 6 2.6327213172
# chr7:1870816+->chr22:23787247+ 2 interchromosomal chr7:1870816+->chr7:1870895- 6 1.52288732394
# chr7:1916593-->chr22:23771608- 3 interchromosomal chr7:1916593-->chr7:1916592+ 4 1.62190812721
# chr7:2097671+->chr7:2098213- 2 discordant chr7:2097671+->chr7:2097723- 6 1.40707965664
# chr7:2098213-->chr7:2097671+ 2 discordant None 2 2.86301474658
# chr7:2746561+->chr7:2747814+ 2 forward chr7:2746561+->chr7:2746604- 12 1.04042180316
# chr7:2747814+->chr7:2746561+ 2 forward chr7:2747814+->chr7:2747826- 8 1.72963610572
# chr7:3322825+->chr7:3323498+ 2 forward chr7:3322825+->chr7:3322854- 4 1.74619299492
# chr7:3323498+->chr7:3322825+ 2 forward chr7:3323498+->chr7:3323515- 15 1.0
interval_neighbors found_discordant edges chr7	1	4302000	6.0865	ZL009041.amp.bed chr7	1	4302000	6.0865	ZL009041.amp.bed
Interval extend start: chr16	87243478	87244071 0
chr16	87244071	87254071 0
chr16	87233478	87243478 0
chr16	87244072	87254071 0
chr16	87233478	87243477 0
Interval extend: chr16	87243478	87244071 0 chr16	87243478	87244071
Interval extend start: chr22	23771608	23772200 0
chr22	23772200	23782200 0
chr22	23761608	23771608 0
chr22	23772201	23782200 0
chr22	23761608	23771607 0
Interval extend: chr22	23771608	23772200 0 chr22	23771608	23772200
Interval extend start: chr1	4827045	4827638 0
chr1	4827638	4837638 2
# chr1:4827638+->chr7:607020- 3 interchromosomal chr1:4827638+->chr1:4827659- 9 1.05633802817
# chr1:4827795+->chr8:142837514+ 6 interchromosomal chr1:4827795+->chr1:4827817- 9 1.1174438791
chr1	4817045	4827045 0
chr1	4837638	4847638 0
chr1	4837639	4847638 0
chr1	4817045	4827044 0
Interval extend: chr1	4827045	4827638 0 chr1	4827045	4837638
Interval extend start: chr22	23786654	23787247 0
chr22	23787247	23797247 0
chr22	23776654	23786654 0
chr22	23787248	23797247 0
chr22	23776654	23786653 0
Interval extend: chr22	23786654	23787247 0 chr22	23786654	23787247
Interval extend start: chr8	127865466	127866058 0
chr8	127866058	127876058 0
chr8	127855466	127865466 1
# chr8:127865466-->chr7:682385+ 2 interchromosomal None 1 1.0
chr8	127866059	127876058 0
chr8	127855466	127865465 0
Interval extend: chr8	127865466	127866058 0 chr8	127865466	127866058
Interval extend start: chr1	242143188	242143781 0
chr1	242143781	242153781 0
chr1	242133188	242143188 0
chr1	242143782	242153781 0
chr1	242133188	242143187 0
Interval extend: chr1	242143188	242143781 0 chr1	242143188	242143781
chr1	4827045	4837638	3
-----------------------------------------------------------------
chr1	4827045	4837638	3 2
# chr1:4827638+->chr7:607020- 3 interchromosomal chr1:4827638+->chr1:4827659- 9 1.05633802817
# chr1:4827795+->chr8:142837514+ 6 interchromosomal chr1:4827795+->chr1:4827817- 9 1.1174438791
========================================================
Interval hops chr1	4827045	4837638	3
Interval extend start: chr1	4827045	4837638	3 0
Interval extend: chr1	4827045	4837638	3 0 chr1	4827045	4837638	3
chr1	4827045	4837638	3 2
# chr1:4827638+->chr7:607020- 3 interchromosomal chr1:4827638+->chr1:4827659- 9 1.05633802817
# chr1:4827795+->chr8:142837514+ 6 interchromosomal chr1:4827795+->chr1:4827817- 9 1.1174438791
interval_neighbors found_discordant edges chr1	4827045	4837638	3 chr1	4827045	4837638	3
Interval extend start: chr8	142836921	142837514 0
chr8	142837514	142847514 2
# chr8:142837667+->chr12:131880272- 3 interchromosomal chr8:142837667+->chr8:142837689- 5 1.02477876106
# chr8:142837667+->chr12:129621347+ 2 interchromosomal chr8:142837667+->chr8:142837689- 5 1.02477876106
chr8	142826921	142836921 0
chr8	142847514	142857514 0
chr8	142847515	142857514 0
chr8	142826921	142836920 0
Interval extend: chr8	142836921	142837514 0 chr8	142836921	142847514
chr8	142836921	142847514	6
-----------------------------------------------------------------
chr8	142836921	142847514	6 3
# chr8:142837514+->chr1:4827795+ 6 interchromosomal chr8:142837514+->chr8:142837593- 4 1.02477876106
# chr8:142837667+->chr12:129621347+ 2 interchromosomal chr8:142837667+->chr8:142837689- 5 1.02477876106
# chr8:142837667+->chr12:131880272- 4 interchromosomal chr8:142837667+->chr8:142837689- 5 1.02477876106
========================================================
Interval hops chr8	142836921	142847514	6
Interval extend start: chr8	142836921	142847514	6 0
Interval extend: chr8	142836921	142847514	6 0 chr8	142836921	142847514	6
chr8	142836921	142847514	6 3
# chr8:142837514+->chr1:4827795+ 6 interchromosomal chr8:142837514+->chr8:142837593- 4 1.02477876106
# chr8:142837667+->chr12:129621347+ 2 interchromosomal chr8:142837667+->chr8:142837689- 5 1.02477876106
# chr8:142837667+->chr12:131880272- 4 interchromosomal chr8:142837667+->chr8:142837689- 5 1.02477876106
interval_neighbors found_discordant edges chr8	142836921	142847514	6 chr8	142836921	142847514	6
Interval extend start: chr12	131880272	131880864 0
chr12	131880864	131890864 0
chr12	131870272	131880272 1
# chr12:131880272-->chr8:142837667+ 4 interchromosomal chr12:131880272-->chr12:131880271+ 13 1.7314663855
chr12	131880865	131890864 0
chr12	131870272	131880271 1
# chr12:131880272-->chr8:142837667+ 4 interchromosomal chr12:131880272-->chr12:131880271+ 13 1.7314663855
Interval extend: chr12	131880272	131880864 0 chr12	131860272	131880864
Interval extend start: chr12	129620754	129621347 0
chr12	129621347	129631347 1
# chr12:129621347+->chr8:142837667+ 2 interchromosomal None 2 1.11743772242
chr12	129610754	129620754 0
chr12	129621348	129631347 0
chr12	129610754	129620753 0
Interval extend: chr12	129620754	129621347 0 chr12	129620754	129621347
chr12	131860272	131880864	4
-----------------------------------------------------------------
========================================================
Interval hops chr12	131860272	131880864	4
Interval extend start: chr12	131860272	131880864	4 0
chr12	131850272	131860272 0
chr12	131850272	131860271 0
Interval extend: chr12	131860272	131880864	4 0 chr12	131860272	131880864	4
chr12	131860272	131880864	4 1
# chr12:131880272-->chr8:142837667+ 4 interchromosomal chr12:131880272-->chr12:131880271+ 13 1.7314663855
interval_neighbors found_discordant edges chr12	131860272	131880864	4 chr12	131860272	131880864	4
-----------------------------------------------------------------
========================================================
IntervalHops chr1	4827045	4837638
IntervalHops chr7	1	4302000
IntervalHops chr8	142836921	142847514
IntervalHops chr12	131860272	131880864
