Interval extend start: chr1	174046001	179077000	5.9958	ZL009041.amp.bed 0
chr1	179077000	179087000 0
chr1	174036001	174046001 0
chr1	179077001	179087000 0
chr1	174036001	174046000 0
Interval extend: chr1	174046001	179077000	5.9958	ZL009041.amp.bed 0 chr1	174046001	179077000	5.9958	ZL009041.amp.bed
Interval hops chr1	174046001	179077000	5.9958	ZL009041.amp.bed
Interval extend start: chr1	174046001	179077000	5.9958	ZL009041.amp.bed 0
Interval extend: chr1	174046001	179077000	5.9958	ZL009041.amp.bed 0 chr1	174046001	179077000	5.9958	ZL009041.amp.bed
chr1	174046001	179077000	5.9958	ZL009041.amp.bed 8
# chr1:175200568+->chr1:175201936+ 2 forward None 2 1.41496613946
# chr1:175201936+->chr1:175200568+ 2 forward chr1:175201936+->chr1:175202021- 9 1.28621913428
# chr1:175500171+->chr1:175500683- 2 discordant chr1:175500171+->chr1:175500174- 10 1.0
# chr1:175500683-->chr1:175500171+ 2 discordant chr1:175500683-->chr1:175500682+ 8 1.0
# chr1:176478231+->chr1:176478773- 2 discordant None 0 1.88793116379
# chr1:176478773-->chr1:176478231+ 2 discordant None 0 1.59145301197
# chr1:177394334+->chr1:177394903- 2 discordant chr1:177394334+->chr1:177394357- 11 1.0
# chr1:177394903-->chr1:177394334+ 2 discordant chr1:177394903-->chr1:177394902+ 5 1.0
interval_neighbors found_discordant edges chr1	174046001	179077000	5.9958	ZL009041.amp.bed chr1	174046001	179077000	5.9958	ZL009041.amp.bed
-----------------------------------------------------------------
========================================================
IntervalHops chr1	174046001	179077000
