Interval extend start: chr1	146382400	147845001	5.6693	ZL009041.amp.bed 0
chr1	147845001	147855001 1
# chr1:147852572+->chr1:149213328- 2 discordant chr1:147852572+->chr1:147852578- 20 2.06884697074
chr1	146372400	146382400 0
chr1	147845002	147855001 1
# chr1:147852572+->chr1:149213328- 2 discordant chr1:147852572+->chr1:147852578- 20 2.06884697074
chr1	146372400	146382399 0
Interval extend: chr1	146382400	147845001	5.6693	ZL009041.amp.bed 0 chr1	146382400	147865001	5.6693	ZL009041.amp.bed
Interval hops chr1	146382400	147865001	5.6693	ZL009041.amp.bed
Interval extend start: chr1	146382400	147865001	5.6693	ZL009041.amp.bed 0
chr1	147865001	147875001 0
chr1	147865002	147875001 0
Interval extend: chr1	146382400	147865001	5.6693	ZL009041.amp.bed 0 chr1	146382400	147865001	5.6693	ZL009041.amp.bed
chr1	146382400	147865001	5.6693	ZL009041.amp.bed 10
# chr1:146471459-->chr1:16885093- 6 reverse chr1:146471459-->chr1:146471458+ 22 2.82353094958
# chr1:147389651-->chr1:120393297+ 3 discordant chr1:147389651-->chr1:147389650+ 3 1.37010677224
# chr1:147394541+->chr1:145833091+ 8 forward chr1:147394541+->chr1:147394595- 5 1.0
# chr1:147725637-->chr1:149205805- 6 reverse chr1:147725637-->chr1:147725636+ 24 1.20209065505
# chr1:147731208+->chr1:148559679+ 3 forward chr1:147731208+->chr1:147731291- 4 1.50087030087
# chr1:147852572+->chr1:149213328- 2 discordant chr1:147852572+->chr1:147852578- 20 2.06884697074
# chr1:147855720+->chrX:92418840- 2 interchromosomal chr1:147855720+->chr1:147855730- 8 1.94755262587
# chr1:147856311-->chr1:17233734- 2 reverse chr1:147856311-->chr1:147856310+ 17 1.99472776626
# chr1:147856405+->chr1:17233400+ 2 forward chr1:147856405+->chr1:147856412- 11 2.10369110721
# chr1:147858431-->chr1:149221544+ 2 everted chr1:147858431-->chr1:147858430+ 18 2.31443335052
interval_neighbors found_discordant edges chr1	146382400	147865001	5.6693	ZL009041.amp.bed chr1	146382400	147865001	5.6693	ZL009041.amp.bed
Interval extend start: chr1	145832498	145833091 0
chr1	145833091	145843091 0
chr1	145822498	145832498 0
chr1	145833092	145843091 0
chr1	145822498	145832497 0
Interval extend: chr1	145832498	145833091 0 chr1	145832498	145833091
Interval extend start: chr1	16885093	16885685 0
chr1	16875093	16885093 0
chr1	16885686	16895685 0
chr1	16875093	16885092 0
Interval extend: chr1	16885093	16885685 0 chr1	16885093	16885685
Interval extend start: chr1	149205805	149206397 0
chr1	149206397	149216397 3
# chr1:149213328-->chr1:147852572+ 2 discordant chr1:149213328-->chr1:149213327+ 7 1.33217400696
# chr1:149215926+->chr1:17231079+ 2 forward chr1:149215926+->chr1:149215939- 15 1.01957295374
# chr1:149216277-->chr1:17229953- 3 reverse chr1:149216277-->chr1:149216276+ 11 1.32062391681
chr1	149195805	149205805 0
chr1	149216397	149226397 3
# chr1:149216277-->chr1:17229953- 3 reverse chr1:149216277-->chr1:149216276+ 11 1.32062391681
# chr1:149220758+->chr1:17225602+ 3 forward chr1:149220758+->chr1:149220798- 9 1.92845270882
# chr1:149221544+->chr1:147858431- 2 everted chr1:149221544+->chr1:149221559- 19 1.536458375
chr1	149226398	149236397 1
# chr1:149228112+->chr1:17218415+ 4 forward chr1:149228112+->chr1:149228149- 11 1.30517262586
chr1	149195805	149205804 0
Interval extend: chr1	149205805	149206397 0 chr1	149205805	149246397
Interval extend start: chr1	120392704	120393297 0
chr1	120393297	120403297 1
# chr1:120393297+->chr1:147389651- 2 discordant chr1:120393297+->chr1:120393316- 3 1.39547054007
chr1	120382704	120392704 0
chr1	120393298	120403297 0
chr1	120382704	120392703 0
Interval extend: chr1	120392704	120393297 0 chr1	120392704	120393297
Interval extend start: chr1	148559086	148559679 0
chr1	148559679	148569679 1
# chr1:148559679+->chr1:147731092+ 2 forward chr1:148559679+->chr1:148559680- 17 2.00682645563
chr1	148549086	148559086 2
# chr1:148556370-->chr1:144594280+ 4 discordant chr1:148556370-->chr1:148556369+ 9 1.60416666667
# chr1:148558078-->chr1:144593819+ 4 discordant chr1:148558078-->chr1:148558077+ 14 2.14882981773
chr1	148539086	148549086 0
chr1	148559680	148569679 0
chr1	148539086	148549085 0
Interval extend: chr1	148559086	148559679 0 chr1	148549086	148559679
Interval extend start: chr1	17233734	17234326 0
chr1	17234326	17244326 0
chr1	17223734	17233734 5
# chr1:17225602+->chr1:149220758+ 3 forward chr1:17225602+->chr1:17225644- 7 1.64020283953
# chr1:17229953-->chr1:149216277- 3 reverse chr1:17229953-->chr1:17229952+ 14 1.08818342152
# chr1:17230908-->chr1:149215725- 2 reverse chr1:17230908-->chr1:17230907+ 12 1.03380782918
# chr1:17231079+->chr1:149215926+ 2 forward chr1:17231079+->chr1:17231099- 11 2.13898313729
# chr1:17233400+->chr1:147856405+ 2 forward chr1:17233400+->chr1:17233403- 8 1.17708346354
chr1	17213734	17223734 1
# chr1:17218415+->chr1:149228112+ 4 forward chr1:17218415+->chr1:17218484- 4 2.53820042615
chr1	17234327	17244326 0
chr1	17213734	17223733 1
# chr1:17218415+->chr1:149228112+ 4 forward chr1:17218415+->chr1:17218484- 4 2.53820042615
Interval extend: chr1	17233734	17234326 0 chr1	17223734	17234326
Interval extend start: chrX	92418840	92419432 0
chrX	92419432	92429432 0
chrX	92408840	92418840 0
chrX	92419433	92429432 0
chrX	92408840	92418839 0
Interval extend: chrX	92418840	92419432 0 chrX	92418840	92419432
chr1	17223734	17234326	2
chr1	148549086	148559679	3
chr1	149205805	149246397	6
-----------------------------------------------------------------
chr1	17223734	17234326	2 6
# chr1:17225602+->chr1:149220758+ 3 forward chr1:17225602+->chr1:17225644- 7 1.64020283953
# chr1:17229953-->chr1:149216277- 3 reverse chr1:17229953-->chr1:17229952+ 14 1.08818342152
# chr1:17230908-->chr1:149215725- 2 reverse chr1:17230908-->chr1:17230907+ 12 1.03380782918
# chr1:17231079+->chr1:149215926+ 2 forward chr1:17231079+->chr1:17231099- 11 2.13898313729
# chr1:17233400+->chr1:147856405+ 2 forward chr1:17233400+->chr1:17233403- 8 1.17708346354
# chr1:17233734-->chr1:147856311- 2 reverse chr1:17233734-->chr1:17233733+ 12 1.25561321416
chr1	148549086	148559679	3 3
# chr1:148556370-->chr1:144594280+ 4 discordant chr1:148556370-->chr1:148556369+ 9 1.60416666667
# chr1:148558078-->chr1:144593819+ 4 discordant chr1:148558078-->chr1:148558077+ 14 2.14882981773
# chr1:148559679+->chr1:147731208+ 3 forward chr1:148559679+->chr1:148559680- 17 2.00682645563
========================================================
Interval hops chr1	149205805	149246397	6
Interval extend start: chr1	149205805	149246397	6 0
chr1	149246397	149256397 0
chr1	149246398	149256397 0
Interval extend: chr1	149205805	149246397	6 0 chr1	149205805	149246397	6
chr1	149205805	149246397	6 7
# chr1:149205805-->chr1:147725637- 6 reverse chr1:149205805-->chr1:149205804+ 20 1.73263906597
# chr1:149213328-->chr1:147852572+ 2 discordant chr1:149213328-->chr1:149213327+ 7 1.33217400696
# chr1:149215926+->chr1:17231079+ 2 forward chr1:149215926+->chr1:149215939- 15 1.01957295374
# chr1:149216277-->chr1:17229953- 3 reverse chr1:149216277-->chr1:149216276+ 11 1.32062391681
# chr1:149220758+->chr1:17225602+ 3 forward chr1:149220758+->chr1:149220798- 9 1.92845270882
# chr1:149221544+->chr1:147858431- 2 everted chr1:149221544+->chr1:149221559- 19 1.536458375
# chr1:149228112+->chr1:17218415+ 4 forward chr1:149228112+->chr1:149228149- 11 1.30517262586
interval_neighbors found_discordant edges chr1	149205805	149246397	6 chr1	149205805	149246397	6
Interval extend start: chr1	17217822	17218415 0
chr1	17218415	17228415 1
# chr1:17225602+->chr1:149220758+ 3 forward chr1:17225602+->chr1:17225644- 7 1.64020283953
chr1	17207822	17217822 0
chr1	17218416	17228415 1
# chr1:17225602+->chr1:149220758+ 3 forward chr1:17225602+->chr1:17225644- 7 1.64020283953
chr1	17207822	17217821 0
Interval extend: chr1	17217822	17218415 0 chr1	17217822	17238415
chr1	17217822	17238415	4
-----------------------------------------------------------------
========================================================
Interval hops chr1	17217822	17238415	4
Interval extend start: chr1	17217822	17238415	4 0
chr1	17238415	17248415 0
chr1	17238416	17248415 0
Interval extend: chr1	17217822	17238415	4 0 chr1	17217822	17238415	4
chr1	17217822	17238415	4 7
# chr1:17218415+->chr1:149228112+ 4 forward chr1:17218415+->chr1:17218484- 4 2.53820042615
# chr1:17225602+->chr1:149220758+ 3 forward chr1:17225602+->chr1:17225644- 7 1.64020283953
# chr1:17229953-->chr1:149216277- 3 reverse chr1:17229953-->chr1:17229952+ 14 1.08818342152
# chr1:17230908-->chr1:149215725- 2 reverse chr1:17230908-->chr1:17230907+ 12 1.03380782918
# chr1:17231079+->chr1:149215926+ 2 forward chr1:17231079+->chr1:17231099- 11 2.13898313729
# chr1:17233400+->chr1:147856405+ 2 forward chr1:17233400+->chr1:17233403- 8 1.17708346354
# chr1:17233734-->chr1:147856311- 2 reverse chr1:17233734-->chr1:17233733+ 12 1.25561321416
interval_neighbors found_discordant edges chr1	17217822	17238415	4 chr1	17217822	17238415	4
-----------------------------------------------------------------
========================================================
Interval hops chr1	148549086	148559679	3
Interval extend start: chr1	148549086	148559679	3 0
Interval extend: chr1	148549086	148559679	3 0 chr1	148549086	148559679	3
chr1	148549086	148559679	3 3
# chr1:148556370-->chr1:144594280+ 4 discordant chr1:148556370-->chr1:148556369+ 9 1.60416666667
# chr1:148558078-->chr1:144593819+ 4 discordant chr1:148558078-->chr1:148558077+ 14 2.14882981773
# chr1:148559679+->chr1:147731208+ 3 forward chr1:148559679+->chr1:148559680- 17 2.00682645563
interval_neighbors found_discordant edges chr1	148549086	148559679	3 chr1	148549086	148559679	3
Interval extend start: chr1	144593226	144593819 0
chr1	144593819	144603819 2
# chr1:144593819+->chr1:148558078- 3 discordant chr1:144593819+->chr1:144593847- 12 1.69771528998
# chr1:144594280+->chr1:148556370- 4 discordant chr1:144594280+->chr1:144594303- 8 1.70260869565
chr1	144583226	144593226 0
chr1	144603819	144613819 0
chr1	144603820	144613819 0
chr1	144583226	144593225 0
Interval extend: chr1	144593226	144593819 0 chr1	144593226	144603819
chr1	144593226	144603819	4
-----------------------------------------------------------------
chr1	144593226	144603819	4 2
# chr1:144593819+->chr1:148558078- 4 discordant chr1:144593819+->chr1:144593847- 12 1.69771528998
# chr1:144594280+->chr1:148556370- 4 discordant chr1:144594280+->chr1:144594303- 8 1.70260869565
========================================================
Interval hops chr1	144593226	144603819	4
Interval extend start: chr1	144593226	144603819	4 0
Interval extend: chr1	144593226	144603819	4 0 chr1	144593226	144603819	4
chr1	144593226	144603819	4 2
# chr1:144593819+->chr1:148558078- 4 discordant chr1:144593819+->chr1:144593847- 12 1.69771528998
# chr1:144594280+->chr1:148556370- 4 discordant chr1:144594280+->chr1:144594303- 8 1.70260869565
interval_neighbors found_discordant edges chr1	144593226	144603819	4 chr1	144593226	144603819	4
-----------------------------------------------------------------
========================================================
Interval hops chr1	17223734	17234326	2
Interval extend start: chr1	17223734	17234326	2 0
Interval extend: chr1	17223734	17234326	2 0 chr1	17223734	17234326	2
chr1	17223734	17234326	2 6
# chr1:17225602+->chr1:149220758+ 3 forward chr1:17225602+->chr1:17225644- 7 1.64020283953
# chr1:17229953-->chr1:149216277- 3 reverse chr1:17229953-->chr1:17229952+ 14 1.08818342152
# chr1:17230908-->chr1:149215725- 2 reverse chr1:17230908-->chr1:17230907+ 12 1.03380782918
# chr1:17231079+->chr1:149215926+ 2 forward chr1:17231079+->chr1:17231099- 11 2.13898313729
# chr1:17233400+->chr1:147856405+ 2 forward chr1:17233400+->chr1:17233403- 8 1.17708346354
# chr1:17233734-->chr1:147856311- 2 reverse chr1:17233734-->chr1:17233733+ 12 1.25561321416
interval_neighbors found_discordant edges chr1	17223734	17234326	2 chr1	17223734	17234326	2
-----------------------------------------------------------------
========================================================
IntervalHops chr1	17217822	17238415
IntervalHops chr1	144593226	144603819
IntervalHops chr1	146382400	147865001
IntervalHops chr1	148549086	148559679
IntervalHops chr1	149205805	149246397
