Interval extend start: chr16	85758001	86627000	6.0997	ZL009041.amp.bed 0
chr16	86627000	86637000 1
# chr16:86627143+->chr16:85758048- 3 everted chr16:86627143+->chr16:86627184- 6 1.0
chr16	85748001	85758001 0
chr16	86627001	86637000 1
# chr16:86627143+->chr16:85758048- 3 everted chr16:86627143+->chr16:86627184- 6 1.0
chr16	85748001	85758000 0
Interval extend: chr16	85758001	86627000	6.0997	ZL009041.amp.bed 0 chr16	85758001	86647000	6.0997	ZL009041.amp.bed
Interval hops chr16	85758001	86647000	6.0997	ZL009041.amp.bed
Interval extend start: chr16	85758001	86647000	6.0997	ZL009041.amp.bed 0
chr16	86647000	86657000 0
chr16	86647001	86657000 0
Interval extend: chr16	85758001	86647000	6.0997	ZL009041.amp.bed 0 chr16	85758001	86647000	6.0997	ZL009041.amp.bed
chr16	85758001	86647000	6.0997	ZL009041.amp.bed 9
# chr16:85758048-->chr16:86627143+ 3 everted chr16:85758048-->chr16:85758047+ 6 1.0
# chr16:85996938+->chr16:85997565- 6 discordant chr16:85996938+->chr16:85996952- 3 1.10954063604
# chr16:85997565-->chr16:85996938+ 6 discordant chr16:85997565-->chr16:85997564+ 4 1.0
# chr16:86379065+->chr16:86385719+ 6 forward chr16:86379065+->chr16:86379157- 4 1.02852049911
# chr16:86379231-->chr16:86385534- 4 reverse chr16:86379231-->chr16:86379230+ 8 1.2615658363
# chr16:86385534-->chr16:86379231- 4 reverse chr16:86385534-->chr16:86385533+ 13 1.14234875445
# chr16:86385719+->chr16:86379065+ 6 forward chr16:86385719+->chr16:86385722- 11 1.29432624113
# chr16:86452976-->chr10:125014700- 2 interchromosomal chr16:86452976-->chr16:86452975+ 10 2.09480151682
# chr16:86627143+->chr16:85758048- 3 everted chr16:86627143+->chr16:86627184- 6 1.0
interval_neighbors found_discordant edges chr16	85758001	86647000	6.0997	ZL009041.amp.bed chr16	85758001	86647000	6.0997	ZL009041.amp.bed
Interval extend start: chr10	125014700	125015292 0
chr10	125015292	125025292 0
chr10	125004700	125014700 0
chr10	125015293	125025292 0
chr10	125004700	125014699 0
Interval extend: chr10	125014700	125015292 0 chr10	125014700	125015292
-----------------------------------------------------------------
========================================================
IntervalHops chr16	85758001	86647000
